film,userid,score
《分手再说我爱你》 , 1344  ,  9.0
《前任2：备胎反击战》 , 1240  ,  5.7
《简单爱》 , 1102  ,  8.6
《闯入者》 , 1191  ,  8.6
《怦然星动》 , 1488  ,  8.8
《紫霞》 , 1161  ,  5.7
《天将雄师》 , 1205  ,  3.8
《坏蛋必须死》 , 1444  ,  9.2
《探灵档案》 , 1191  ,  8.9
《少年班》 , 1264  ,  4.9
《一念天堂》 , 1267  ,  8.6
《爱情魔发师》 , 1293  ,  8.3
《冲上云霄》 , 1123  ,  3.7
《天将雄师》 , 1223  ,  3.1
《破风》 , 1386  ,  7.8
《怦然星动》 , 1014  ,  3.8
《最美的时候遇见你》 , 1206  ,  8.4
《爱情魔发师》 , 1259  ,  4.2
《闯入者》 , 1084  ,  3.1
《万物生长》 , 1428  ,  8.6
《爱情魔发师》 , 1190  ,  6.1
《恶棍天使》 , 1305  ,  6.8
《天将雄师》 , 1374  ,  7.5
《冲上云霄》 , 1035  ,  4.6
《坏蛋必须死》 , 1425  ,  6.1
《一路惊喜》 , 1313  ,  8.8
《天将雄师》 , 1236  ,  8.2
《天将雄师》 , 1190  ,  7.9
《怦然星动》 , 1213  ,  3.0
《浪漫天降》 , 1104  ,  8.5
《分手再说我爱你》 , 1469  ,  8.3
《分手再说我爱你》 , 1492  ,  3.8
《一路惊喜》 , 1071  ,  6.4
《冲上云霄》 , 1268  ,  9.1
《少年班》 , 1453  ,  5.3
《浪漫天降》 , 1006  ,  5.7
《最美的时候遇见你》 , 1276  ,  6.4
《冲上云霄》 , 1100  ,  5.8
《坏蛋必须死》 , 1070  ,  5.7
《冲上云霄》 , 1274  ,  8.2
《简单爱》 , 1469  ,  9.2
《分手再说我爱你》 , 1347  ,  6.6
《万物生长》 , 1469  ,  8.2
《闯入者》 , 1491  ,  4.4
《紫霞》 , 1079  ,  9.8
《破风》 , 1035  ,  4.9
《前任2：备胎反击战》 , 1124  ,  6.8
《少年班》 , 1289  ,  6.2
《爱情魔发师》 , 1473  ,  4.9
《爱情魔发师》 , 1315  ,  7.5
《一念天堂》 , 1486  ,  7.9
《天将雄师》 , 1492  ,  9.1
《闯入者》 , 1176  ,  7.7
《破风》 , 1291  ,  9.2
《将错就错》 , 1042  ,  3.6
《坏蛋必须死》 , 1174  ,  5.9
《怦然星动》 , 1080  ,  6.8
《前任2：备胎反击战》 , 1048  ,  8.8
《一念天堂》 , 1031  ,  3.7
《一路惊喜》 , 1084  ,  7.5
《恶棍天使》 , 1374  ,  3.7
《怦然星动》 , 1486  ,  5.3
《万物生长》 , 1174  ,  3.2
《将错就错》 , 1124  ,  4.8
《爱情魔发师》 , 1198  ,  7.4
《万物生长》 , 1339  ,  7.2
《一路惊喜》 , 1117  ,  6.4
《闯入者》 , 1045  ,  9.3
《少年班》 , 1236  ,  9.4
《少年班》 , 1486  ,  7.6
《恶棍天使》 , 1129  ,  5.0
《怦然星动》 , 1318  ,  6.2
《闯入者》 , 1482  ,  4.8
《分手再说我爱你》 , 1233  ,  3.8
《分手再说我爱你》 , 1102  ,  7.2
《一念天堂》 , 1385  ,  8.4
《将错就错》 , 1241  ,  6.9
《冲上云霄》 , 1292  ,  8.8
《天将雄师》 , 1324  ,  6.0
《一念天堂》 , 1045  ,  6.1
《少年班》 , 1022  ,  6.4
《分手再说我爱你》 , 1276  ,  9.7
《坏蛋必须死》 , 1315  ,  5.0
《少年班》 , 1162  ,  4.8
《一念天堂》 , 1067  ,  9.8
《万物生长》 , 1302  ,  8.2
《万物生长》 , 1072  ,  9.9
《天将雄师》 , 1184  ,  7.2
《探灵档案》 , 1274  ,  5.7
《浪漫天降》 , 1071  ,  7.8
《坏蛋必须死》 , 1499  ,  9.7
《恶棍天使》 , 1113  ,  4.8
《探灵档案》 , 1318  ,  7.2
《探灵档案》 , 1291  ,  3.7
《简单爱》 , 1339  ,  7.5
《闯入者》 , 1231  ,  9.4
《闯入者》 , 1117  ,  9.1
《恶棍天使》 , 1114  ,  7.3
《分手再说我爱你》 , 1391  ,  7.8
《探灵档案》 , 1161  ,  8.2
《恶棍天使》 , 1395  ,  8.2
《恶棍天使》 , 1215  ,  4.8
《一路惊喜》 , 1235  ,  6.1
《冲上云霄》 , 1113  ,  8.9
《前任2：备胎反击战》 , 1407  ,  7.5
《分手再说我爱你》 , 1072  ,  5.3
《失孤》 , 1014  ,  4.1
《将错就错》 , 1486  ,  4.8
《怦然星动》 , 1468  ,  4.3
《前任2：备胎反击战》 , 1233  ,  6.7
《前任2：备胎反击战》 , 1454  ,  3.8
《浪漫天降》 , 1200  ,  8.6
《最美的时候遇见你》 , 1235  ,  6.1
《破风》 , 1014  ,  5.7
《冲上云霄》 , 1075  ,  9.3
《恶棍天使》 , 1473  ,  7.8
《分手再说我爱你》 , 1075  ,  6.2
《万物生长》 , 1418  ,  7.2
《爱情魔发师》 , 1418  ,  4.5
《一路惊喜》 , 1195  ,  7.2
《失孤》 , 1139  ,  4.4
《失孤》 , 1010  ,  5.3
《探灵档案》 , 1122  ,  5.1
《天将雄师》 , 1045  ,  6.0
《怦然星动》 , 1246  ,  4.3
《爱情魔发师》 , 1150  ,  4.8
《闯入者》 , 1395  ,  5.9
《既然青春留不住》 , 1001  ,  6.7
《简单爱》 , 1236  ,  7.6
《浪漫天降》 , 1385  ,  8.7
《最美的时候遇见你》 , 1403  ,  9.4
《天将雄师》 , 1048  ,  6.7
《最美的时候遇见你》 , 1453  ,  3.9
《将错就错》 , 1252  ,  6.4
《闯入者》 , 1079  ,  8.7
《冲上云霄》 , 1015  ,  3.6
《既然青春留不住》 , 1200  ,  3.8
《坏蛋必须死》 , 1462  ,  9.4
《万物生长》 , 1400  ,  6.8
《少年班》 , 1141  ,  8.7
《一念天堂》 , 1100  ,  3.8
《闯入者》 , 1116  ,  5.3
《怦然星动》 , 1021  ,  3.2
《最美的时候遇见你》 , 1208  ,  7.3
《紫霞》 , 1433  ,  5.2
《探灵档案》 , 1411  ,  4.8
《一路惊喜》 , 1057  ,  7.2
《分手再说我爱你》 , 1202  ,  7.3
《失孤》 , 1154  ,  5.7
《简单爱》 , 1067  ,  4.6
《破风》 , 1258  ,  4.2
《探灵档案》 , 1385  ,  3.7
《将错就错》 , 1374  ,  6.2
《紫霞》 , 1100  ,  5.7
《破风》 , 1264  ,  8.7
《怦然星动》 , 1311  ,  6.0
《浪漫天降》 , 1305  ,  4.5
《爱情魔发师》 , 1196  ,  9.1
《一路惊喜》 , 1488  ,  6.7
《冲上云霄》 , 1006  ,  5.0
《分手再说我爱你》 , 1289  ,  4.2
《简单爱》 , 1158  ,  6.2
《怦然星动》 , 1339  ,  8.6
《前任2：备胎反击战》 , 1317  ,  5.8
《最美的时候遇见你》 , 1276  ,  8.0
《闯入者》 , 1169  ,  4.4
《失孤》 , 1104  ,  6.4
《冲上云霄》 , 1315  ,  4.9
《坏蛋必须死》 , 1142  ,  6.4
《闯入者》 , 1456  ,  9.7
《浪漫天降》 , 1233  ,  5.6
《简单爱》 , 1491  ,  6.8
《冲上云霄》 , 1118  ,  5.3
《失孤》 , 1085  ,  5.8
《万物生长》 , 1110  ,  8.5
《万物生长》 , 1343  ,  4.9
《怦然星动》 , 1317  ,  7.9
《紫霞》 , 1176  ,  7.2
《怦然星动》 , 1499  ,  8.3
《前任2：备胎反击战》 , 1344  ,  4.3
《探灵档案》 , 1487  ,  6.2
《恶棍天使》 , 1403  ,  4.4
《前任2：备胎反击战》 , 1296  ,  3.1
《少年班》 , 1167  ,  5.0
《闯入者》 , 1236  ,  6.0
《爱情魔发师》 , 1250  ,  6.8
《恶棍天使》 , 1070  ,  4.2
《万物生长》 , 1080  ,  8.2
《既然青春留不住》 , 1236  ,  4.8
《一路惊喜》 , 1169  ,  8.2
《破风》 , 1216  ,  4.1
《简单爱》 , 1111  ,  9.9
《冲上云霄》 , 1113  ,  9.3
《闯入者》 , 1258  ,  5.6
《破风》 , 1476  ,  8.4
《浪漫天降》 , 1004  ,  7.2
《闯入者》 , 1167  ,  5.8
《恶棍天使》 , 1084  ,  5.2
《最美的时候遇见你》 , 1322  ,  9.2
《闯入者》 , 1012  ,  4.9
《将错就错》 , 1363  ,  7.6
《既然青春留不住》 , 1429  ,  9.4
《分手再说我爱你》 , 1188  ,  8.5
《一念天堂》 , 1174  ,  3.3
《最美的时候遇见你》 , 1072  ,  3.8
《少年班》 , 1072  ,  4.4
《前任2：备胎反击战》 , 1202  ,  8.2
《一路惊喜》 , 1339  ,  6.2
《破风》 , 1150  ,  9.5
《坏蛋必须死》 , 1109  ,  5.0
《爱情魔发师》 , 1007  ,  9.7
《分手再说我爱你》 , 1042  ,  4.9
《探灵档案》 , 1293  ,  6.6
《一路惊喜》 , 1343  ,  4.9
《紫霞》 , 1122  ,  3.7
《一念天堂》 , 1154  ,  8.7
《少年班》 , 1320  ,  9.0
《紫霞》 , 1072  ,  3.1
《浪漫天降》 , 1172  ,  6.4
《怦然星动》 , 1215  ,  8.1
《分手再说我爱你》 , 1085  ,  8.6
《将错就错》 , 1116  ,  4.6
《少年班》 , 1128  ,  6.0
《少年班》 , 1225  ,  8.4
《冲上云霄》 , 1010  ,  8.0
《将错就错》 , 1453  ,  7.0
《怦然星动》 , 1190  ,  5.8
《少年班》 , 1240  ,  5.0
《将错就错》 , 1359  ,  7.8
《恶棍天使》 , 1322  ,  7.6
《一路惊喜》 , 1296  ,  9.1
《闯入者》 , 1334  ,  5.0
《天将雄师》 , 1455  ,  7.3
《闯入者》 , 1113  ,  3.9
《闯入者》 , 1118  ,  8.7
《恶棍天使》 , 1013  ,  7.9
《恶棍天使》 , 1162  ,  4.4
《少年班》 , 1324  ,  4.2
《将错就错》 , 1206  ,  6.0
《失孤》 , 1178  ,  4.8
《探灵档案》 , 1113  ,  3.6
《一念天堂》 , 1453  ,  6.4
《一念天堂》 , 1162  ,  5.9
《天将雄师》 , 1231  ,  5.7
《前任2：备胎反击战》 , 1071  ,  5.8
《一念天堂》 , 1246  ,  5.6
《天将雄师》 , 1200  ,  3.7
《分手再说我爱你》 , 1296  ,  4.2
《探灵档案》 , 1263  ,  5.9
《分手再说我爱你》 , 1159  ,  5.6
《万物生长》 , 1403  ,  9.2
《万物生长》 , 1315  ,  8.7
《既然青春留不住》 , 1065  ,  5.4
《冲上云霄》 , 1010  ,  7.8
《万物生长》 , 1141  ,  8.1
《将错就错》 , 1433  ,  3.9
《前任2：备胎反击战》 , 1184  ,  7.5
《万物生长》 , 1172  ,  5.3
《简单爱》 , 1473  ,  4.2
《分手再说我爱你》 , 1311  ,  6.6
《探灵档案》 , 1219  ,  9.1
《冲上云霄》 , 1425  ,  8.8
《怦然星动》 , 1110  ,  7.6
《既然青春留不住》 , 1042  ,  6.9
《将错就错》 , 1368  ,  8.6
《天将雄师》 , 1264  ,  4.3
《浪漫天降》 , 1226  ,  8.5
《前任2：备胎反击战》 , 1216  ,  4.7
《既然青春留不住》 , 1098  ,  6.4
《分手再说我爱你》 , 1047  ,  4.8
《万物生长》 , 1169  ,  7.6
《一路惊喜》 , 1225  ,  4.3
《分手再说我爱你》 , 1117  ,  4.3
《少年班》 , 1124  ,  9.4
《万物生长》 , 1344  ,  5.7
《一念天堂》 , 1486  ,  3.8
《既然青春留不住》 , 1334  ,  9.4
《破风》 , 1321  ,  6.6
《最美的时候遇见你》 , 1450  ,  9.7
《爱情魔发师》 , 1374  ,  5.9
《破风》 , 1070  ,  7.9
《爱情魔发师》 , 1241  ,  6.4
《前任2：备胎反击战》 , 1343  ,  9.1
《天将雄师》 , 1004  ,  3.9
《失孤》 , 1191  ,  3.7
《少年班》 , 1067  ,  9.7
《前任2：备胎反击战》 , 1321  ,  7.5
《既然青春留不住》 , 1142  ,  3.0
《最美的时候遇见你》 , 1007  ,  3.8
《破风》 , 1385  ,  7.9
《一路惊喜》 , 1091  ,  4.3
《冲上云霄》 , 1305  ,  4.5
《探灵档案》 , 1388  ,  8.3
《失孤》 , 1070  ,  7.3
《冲上云霄》 , 1080  ,  5.3
《爱情魔发师》 , 1130  ,  6.0
《天将雄师》 , 1367  ,  6.4
《浪漫天降》 , 1006  ,  6.2
《天将雄师》 , 1188  ,  6.7
《前任2：备胎反击战》 , 1473  ,  3.2
《怦然星动》 , 1274  ,  4.4
《浪漫天降》 , 1215  ,  7.5
《怦然星动》 , 1389  ,  4.2
《冲上云霄》 , 1474  ,  8.7
《将错就错》 , 1013  ,  3.2
《坏蛋必须死》 , 1079  , 10.0
《前任2：备胎反击战》 , 1240  ,  3.1
《浪漫天降》 , 1292  ,  4.9
《一路惊喜》 , 1280  ,  5.7
《一路惊喜》 , 1487  ,  7.1
《爱情魔发师》 , 1196  ,  5.1
《紫霞》 , 1403  ,  3.4
《恶棍天使》 , 1368  ,  7.8
《简单爱》 , 1233  ,  8.7
《紫霞》 , 1274  ,  6.2
《前任2：备胎反击战》 , 1225  ,  4.6
《分手再说我爱你》 , 1191  ,  5.2
《分手再说我爱你》 , 1226  ,  8.5
《简单爱》 , 1252  ,  7.3
《既然青春留不住》 , 1344  ,  7.4
《少年班》 , 1059  ,  8.7
《恶棍天使》 , 1206  ,  5.0
《失孤》 , 1015  ,  3.1
《万物生长》 , 1487  ,  3.9
《坏蛋必须死》 , 1276  ,  5.7
《浪漫天降》 , 1246  ,  9.2
《破风》 , 1130  ,  7.3
《一念天堂》 , 1263  ,  8.9
《恶棍天使》 , 1418  ,  3.3
《紫霞》 , 1246  ,  9.3
《恶棍天使》 , 1407  , 10.0
《坏蛋必须死》 , 1095  ,  8.2
《紫霞》 , 1124  ,  7.0
《爱情魔发师》 , 1195  ,  9.7
《爱情魔发师》 , 1072  ,  7.2
《坏蛋必须死》 , 1195  ,  6.9
《一路惊喜》 , 1216  ,  5.3
《恶棍天使》 , 1386  ,  6.8
《最美的时候遇见你》 , 1377  ,  5.3
《紫霞》 , 1274  ,  9.5
《闯入者》 , 1296  ,  5.9
《简单爱》 , 1080  ,  9.0
《坏蛋必须死》 , 1122  , 10.0
《探灵档案》 , 1347  ,  6.6
《恶棍天使》 , 1214  ,  4.4
《闯入者》 , 1159  ,  6.4
《前任2：备胎反击战》 , 1357  ,  5.6
《坏蛋必须死》 , 1488  ,  6.0
《探灵档案》 , 1025  ,  6.5
《冲上云霄》 , 1407  ,  3.7
《最美的时候遇见你》 , 1128  ,  3.7
《闯入者》 , 1491  ,  8.2
《天将雄师》 , 1236  ,  5.1
《天将雄师》 , 1104  ,  5.7
《一念天堂》 , 1031  ,  9.2
《少年班》 , 1103  ,  5.7
《将错就错》 , 1152  ,  5.2
《将错就错》 , 1377  ,  4.8
《一念天堂》 , 1344  ,  5.7
《将错就错》 , 1363  ,  6.4
《失孤》 , 1447  ,  9.2
《天将雄师》 , 1022  ,  3.9
《爱情魔发师》 , 1111  ,  6.9
《紫霞》 , 1470  ,  6.4
《坏蛋必须死》 , 1214  ,  5.6
《前任2：备胎反击战》 , 1386  ,  6.0
《前任2：备胎反击战》 , 1218  ,  5.3
《紫霞》 , 1450  ,  5.7
《一念天堂》 , 1433  ,  6.2
《万物生长》 , 1091  ,  9.3
《一念天堂》 , 1001  ,  5.7
《失孤》 , 1048  ,  8.3
《冲上云霄》 , 1085  ,  4.4
《将错就错》 , 1313  ,  6.4
《破风》 , 1084  ,  7.1
《一路惊喜》 , 1022  ,  8.7
《一念天堂》 , 1176  ,  5.0
《探灵档案》 , 1037  ,  3.0
《失孤》 , 1080  ,  4.5
《天将雄师》 , 1200  , 10.0
《冲上云霄》 , 1391  ,  7.7
《坏蛋必须死》 , 1469  ,  5.7
《最美的时候遇见你》 , 1246  ,  9.2
《失孤》 , 1059  ,  9.4
《爱情魔发师》 , 1428  ,  5.6
《前任2：备胎反击战》 , 1466  ,  5.1
《简单爱》 , 1250  ,  8.7
《紫霞》 , 1252  ,  7.8
《恶棍天使》 , 1001  ,  5.3
《紫霞》 , 1124  ,  3.1
《前任2：备胎反击战》 , 1080  ,  9.1
《探灵档案》 , 1042  ,  8.0
《爱情魔发师》 , 1219  ,  4.3
《一路惊喜》 , 1252  ,  3.1
《闯入者》 , 1093  ,  3.5
《最美的时候遇见你》 , 1322  ,  8.7
《分手再说我爱你》 , 1205  ,  4.8
《少年班》 , 1268  ,  6.2
《破风》 , 1283  ,  6.2
《少年班》 , 1172  ,  8.5
《简单爱》 , 1091  ,  7.5
《坏蛋必须死》 , 1233  ,  4.3
《探灵档案》 , 1444  ,  3.1
《分手再说我爱你》 , 1042  ,  8.7
《恶棍天使》 , 1291  ,  5.2
《浪漫天降》 , 1322  ,  4.9
《破风》 , 1195  ,  6.2
《一路惊喜》 , 1322  ,  5.6
《简单爱》 , 1423  ,  8.7
《爱情魔发师》 , 1380  ,  3.6
《简单爱》 , 1305  ,  6.9
《怦然星动》 , 1476  ,  9.7
《一路惊喜》 , 1311  ,  6.2
《既然青春留不住》 , 1102  ,  5.2
《紫霞》 , 1103  ,  5.3
《万物生长》 , 1473  ,  4.1
《分手再说我爱你》 , 1198  ,  9.1
《失孤》 , 1159  ,  4.9
《一念天堂》 , 1226  ,  6.0
《破风》 , 1111  ,  8.5
《紫霞》 , 1184  ,  3.0
《紫霞》 , 1188  ,  3.6
《天将雄师》 , 1388  ,  8.4
《闯入者》 , 1225  ,  3.9
《既然青春留不住》 , 1071  ,  3.7
《既然青春留不住》 , 1289  ,  3.9
《失孤》 , 1161  ,  5.9
《一念天堂》 , 1235  ,  5.7
《一路惊喜》 , 1065  ,  4.5
《坏蛋必须死》 , 1374  ,  4.7
《怦然星动》 , 1125  ,  6.8
《探灵档案》 , 1360  ,  7.2
《一路惊喜》 , 1250  ,  8.8
《简单爱》 , 1491  ,  5.2
《失孤》 , 1231  ,  6.5
《一念天堂》 , 1470  ,  5.0
《浪漫天降》 , 1321  ,  9.9
《一念天堂》 , 1488  ,  3.1
《破风》 , 1047  ,  3.1
《前任2：备胎反击战》 , 1191  ,  5.3
《一念天堂》 , 1184  , 10.0
《浪漫天降》 , 1178  ,  5.3
《坏蛋必须死》 , 1129  ,  4.5
《冲上云霄》 , 1201  ,  5.7
《闯入者》 , 1167  ,  4.4
《坏蛋必须死》 , 1246  ,  5.1
《一念天堂》 , 1250  ,  9.7
《破风》 , 1123  ,  9.1
《恶棍天使》 , 1311  ,  8.8
《冲上云霄》 , 1035  ,  9.1
《简单爱》 , 1311  ,  8.5
《前任2：备胎反击战》 , 1274  ,  7.2
《坏蛋必须死》 , 1429  , 10.0
《失孤》 , 1231  ,  6.1
《失孤》 , 1450  ,  6.6
《怦然星动》 , 1400  ,  8.8
《既然青春留不住》 , 1428  ,  4.5
《将错就错》 , 1267  ,  4.4
《万物生长》 , 1374  ,  5.7
《一路惊喜》 , 1456  ,  3.6
《最美的时候遇见你》 , 1001  ,  6.2
《紫霞》 , 1021  ,  9.5
《最美的时候遇见你》 , 1167  ,  4.2
《一念天堂》 , 1047  ,  6.9
《冲上云霄》 , 1241  ,  9.2
《分手再说我爱你》 , 1007  ,  8.5
《坏蛋必须死》 , 1447  ,  3.9
《恶棍天使》 , 1198  ,  4.6
《坏蛋必须死》 , 1116  ,  3.7
《前任2：备胎反击战》 , 1215  ,  5.2
《前任2：备胎反击战》 , 1130  ,  7.7
《失孤》 , 1085  ,  6.4
《紫霞》 , 1223  ,  8.0
《分手再说我爱你》 , 1065  ,  4.4
《少年班》 , 1450  ,  6.2
《浪漫天降》 , 1470  ,  8.7
《紫霞》 , 1104  ,  6.8
《怦然星动》 , 1022  ,  5.0
《将错就错》 , 1453  ,  4.3
《万物生长》 , 1124  ,  4.3
《分手再说我爱你》 , 1010  ,  8.7
《浪漫天降》 , 1006  ,  9.7
《简单爱》 , 1334  ,  8.2
《万物生长》 , 1487  ,  4.4
《恶棍天使》 , 1042  ,  6.2
《坏蛋必须死》 , 1339  ,  7.2
《破风》 , 1344  ,  7.2
《将错就错》 , 1322  ,  7.0
《既然青春留不住》 , 1142  ,  5.6
《万物生长》 , 1487  ,  3.0
《分手再说我爱你》 , 1031  ,  6.8
《将错就错》 , 1068  ,  8.9
《坏蛋必须死》 , 1159  ,  8.5
《一路惊喜》 , 1291  ,  3.2
《天将雄师》 , 1159  ,  8.7
《爱情魔发师》 , 1240  ,  4.1
《恶棍天使》 , 1423  ,  4.4
《天将雄师》 , 1084  ,  7.9
《坏蛋必须死》 , 1114  ,  3.7
《紫霞》 , 1339  ,  7.3
《坏蛋必须死》 , 1381  ,  3.6
《一念天堂》 , 1119  ,  5.6
《坏蛋必须死》 , 1200  ,  6.9
《万物生长》 , 1476  ,  6.9
《既然青春留不住》 , 1021  ,  9.5
《将错就错》 , 1004  ,  3.7
《前任2：备胎反击战》 , 1219  ,  5.7
《前任2：备胎反击战》 , 1391  ,  5.0
《简单爱》 , 1339  ,  7.3
《前任2：备胎反击战》 , 1028  ,  9.0
《最美的时候遇见你》 , 1462  ,  7.2
《万物生长》 , 1047  ,  3.7
《冲上云霄》 , 1079  ,  4.4
《冲上云霄》 , 1130  ,  6.0
《既然青春留不住》 , 1347  ,  9.2
《万物生长》 , 1263  ,  6.2
《爱情魔发师》 , 1201  ,  6.8
《爱情魔发师》 , 1454  ,  5.7
《破风》 , 1385  ,  4.8
《少年班》 , 1176  ,  7.6
《最美的时候遇见你》 , 1047  ,  7.7
《破风》 , 1159  ,  9.7
《失孤》 , 1167  ,  7.7
《浪漫天降》 , 1321  ,  6.3
《失孤》 , 1343  ,  7.8
《闯入者》 , 1455  ,  6.8
《天将雄师》 , 1433  ,  3.8
《恶棍天使》 , 1429  ,  8.8
《失孤》 , 1233  ,  9.3
《既然青春留不住》 , 1444  ,  7.3
《少年班》 , 1318  ,  3.8
《恶棍天使》 , 1268  ,  3.6
《少年班》 , 1208  ,  6.8
《爱情魔发师》 , 1418  ,  9.5
《一路惊喜》 , 1428  ,  5.7
《天将雄师》 , 1202  ,  9.3
《坏蛋必须死》 , 1057  ,  4.5
《浪漫天降》 , 1395  ,  7.2
《少年班》 , 1411  ,  5.9
《失孤》 , 1487  ,  8.3
《分手再说我爱你》 , 1154  ,  3.1
《恶棍天使》 , 1124  ,  7.3
《紫霞》 , 1406  ,  3.7
《一路惊喜》 , 1377  ,  5.9
《分手再说我爱你》 , 1363  ,  5.3
《浪漫天降》 , 1380  ,  9.3
《天将雄师》 , 1270  ,  5.2
《既然青春留不住》 , 1098  ,  3.8
《分手再说我爱你》 , 1394  ,  7.8
《破风》 , 1174  ,  8.2
《失孤》 , 1088  ,  7.2
《闯入者》 , 1305  ,  5.2
《爱情魔发师》 , 1470  ,  4.8
《浪漫天降》 , 1360  ,  3.9
《冲上云霄》 , 1428  ,  7.0
《最美的时候遇见你》 , 1202  ,  3.9
《分手再说我爱你》 , 1190  ,  4.5
《闯入者》 , 1152  ,  4.2
《既然青春留不住》 , 1380  ,  8.2
《破风》 , 1080  ,  3.7
《浪漫天降》 , 1161  ,  3.4
《天将雄师》 , 1213  ,  4.3
《紫霞》 , 1386  ,  5.0
《紫霞》 , 1455  ,  6.2
《既然青春留不住》 , 1195  ,  9.7
《既然青春留不住》 , 1433  ,  4.8
《破风》 , 1378  ,  7.9
《浪漫天降》 , 1226  ,  5.0
《恶棍天使》 , 1264  ,  7.2
《既然青春留不住》 , 1423  ,  3.6
《怦然星动》 , 1462  ,  9.0
《紫霞》 , 1486  ,  4.2
《爱情魔发师》 , 1292  ,  5.0
《闯入者》 , 1462  ,  6.4
《简单爱》 , 1117  ,  7.2
《浪漫天降》 , 1208  ,  5.2
《冲上云霄》 , 1444  ,  6.6
《一路惊喜》 , 1122  ,  5.6
《浪漫天降》 , 1381  ,  7.2
《怦然星动》 , 1488  ,  5.0
《万物生长》 , 1302  ,  4.9
《天将雄师》 , 1236  ,  4.9
《爱情魔发师》 , 1487  ,  5.2
《失孤》 , 1014  ,  7.2
《失孤》 , 1198  ,  4.8
《分手再说我爱你》 , 1259  ,  7.9
《天将雄师》 , 1174  ,  6.2
《最美的时候遇见你》 , 1065  ,  5.7
《破风》 , 1491  ,  5.0
《少年班》 , 1377  ,  4.4
《既然青春留不住》 , 1119  ,  5.6
《一路惊喜》 , 1035  ,  7.0
《坏蛋必须死》 , 1190  ,  4.3
《破风》 , 1320  ,  6.2
《简单爱》 , 1236  ,  7.3
《前任2：备胎反击战》 , 1202  ,  4.8
《分手再说我爱你》 , 1363  , 10.0
《恶棍天使》 , 1339  ,  3.2
《天将雄师》 , 1074  ,  9.4
《紫霞》 , 1119  ,  8.7
《浪漫天降》 , 1311  ,  5.0
《浪漫天降》 , 1130  ,  5.7
《浪漫天降》 , 1474  ,  4.2
《万物生长》 , 1473  ,  7.6
《紫霞》 , 1456  ,  6.7
《浪漫天降》 , 1162  ,  5.3
《失孤》 , 1109  ,  7.5
《恶棍天使》 , 1250  ,  9.7
《爱情魔发师》 , 1025  ,  9.5
《少年班》 , 1466  ,  3.6
《怦然星动》 , 1263  ,  8.7
《恶棍天使》 , 1367  ,  8.2
《探灵档案》 , 1453  ,  4.8
《少年班》 , 1291  ,  6.6
《少年班》 , 1084  ,  5.0
《失孤》 , 1218  ,  8.2
《分手再说我爱你》 , 1142  ,  3.2
《一念天堂》 , 1357  ,  9.4
《将错就错》 , 1259  ,  3.6
《前任2：备胎反击战》 , 1028  ,  8.8
《闯入者》 , 1318  ,  4.8
《简单爱》 , 1118  ,  6.9
《最美的时候遇见你》 , 1047  ,  4.4
《失孤》 , 1276  ,  8.5
《怦然星动》 , 1103  ,  4.2
《闯入者》 , 1345  ,  7.2
《前任2：备胎反击战》 , 1128  ,  9.3
《失孤》 , 1109  ,  9.7
《最美的时候遇见你》 , 1010  ,  4.9
《少年班》 , 1191  ,  9.1
《探灵档案》 , 1476  ,  4.4
《坏蛋必须死》 , 1119  ,  8.6
《少年班》 , 1474  ,  5.0
《破风》 , 1313  ,  4.7
《探灵档案》 , 1482  ,  8.2
《万物生长》 , 1006  ,  3.2
《简单爱》 , 1021  ,  4.8
《万物生长》 , 1322  ,  5.8
《冲上云霄》 , 1086  ,  6.8
《失孤》 , 1225  ,  3.8
《万物生长》 , 1047  ,  3.3
《闯入者》 , 1444  ,  4.8
《探灵档案》 , 1216  ,  6.8
《冲上云霄》 , 1072  ,  8.4
《爱情魔发师》 , 1074  ,  7.6
《恶棍天使》 , 1190  ,  8.6
《恶棍天使》 , 1280  ,  3.3
《一念天堂》 , 1196  ,  9.2
《一路惊喜》 , 1315  ,  7.5
《失孤》 , 1403  ,  7.9
《爱情魔发师》 , 1154  ,  5.2
《一路惊喜》 , 1010  ,  6.8
《爱情魔发师》 , 1476  ,  4.4
《怦然星动》 , 1114  ,  6.8
《简单爱》 , 1280  ,  4.5
《失孤》 , 1214  ,  4.3
《万物生长》 , 1130  ,  9.4
《探灵档案》 , 1124  ,  7.6
《最美的时候遇见你》 , 1293  ,  8.5
《失孤》 , 1453  ,  6.6
《最美的时候遇见你》 , 1072  ,  6.6
《一念天堂》 , 1180  ,  7.3
《最美的时候遇见你》 , 1015  ,  9.7
《恶棍天使》 , 1334  ,  4.2
《坏蛋必须死》 , 1218  ,  6.2
《天将雄师》 , 1411  ,  4.5
《破风》 , 1109  ,  6.2
《简单爱》 , 1400  ,  3.3
《一路惊喜》 , 1103  ,  4.2
《冲上云霄》 , 1048  ,  5.4
《前任2：备胎反击战》 , 1190  ,  3.8
《分手再说我爱你》 , 1225  ,  5.3
《冲上云霄》 , 1114  ,  6.2
《探灵档案》 , 1388  ,  9.1
《失孤》 , 1276  ,  3.2
《一念天堂》 , 1117  ,  7.0
《失孤》 , 1219  ,  3.5
《闯入者》 , 1216  ,  4.8
《紫霞》 , 1360  ,  4.9
《天将雄师》 , 1394  ,  4.4
《简单爱》 , 1201  ,  7.4
《冲上云霄》 , 1196  ,  9.1
《爱情魔发师》 , 1305  ,  4.9
《天将雄师》 , 1109  ,  5.7
《破风》 , 1380  ,  6.9
《紫霞》 , 1201  ,  5.2
《闯入者》 , 1050  ,  8.4
《分手再说我爱你》 , 1119  ,  8.6
《分手再说我爱你》 , 1322  ,  6.1
《探灵档案》 , 1085  ,  8.6
《破风》 , 1202  ,  9.3
《坏蛋必须死》 , 1045  ,  5.8
《前任2：备胎反击战》 , 1486  ,  5.0
《简单爱》 , 1194  ,  7.0
《恶棍天使》 , 1274  ,  7.1
《怦然星动》 , 1012  ,  4.7
《冲上云霄》 , 1167  ,  8.2
《简单爱》 , 1425  ,  5.2
《将错就错》 , 1340  ,  3.4
《万物生长》 , 1402  ,  5.6
《探灵档案》 , 1150  ,  5.2
《探灵档案》 , 1317  ,  8.5
《万物生长》 , 1292  ,  5.2
《浪漫天降》 , 1035  ,  8.8
《探灵档案》 , 1119  ,  3.6
《怦然星动》 , 1209  ,  9.0
《一念天堂》 , 1215  ,  9.3
《恶棍天使》 , 1167  ,  3.9
《一念天堂》 , 1389  ,  6.0
《破风》 , 1302  ,  3.9
《将错就错》 , 1114  ,  7.2
《怦然星动》 , 1411  ,  5.0
《一念天堂》 , 1386  ,  6.4
《坏蛋必须死》 , 1172  ,  8.2
《恶棍天使》 , 1198  ,  4.4
《浪漫天降》 , 1223  ,  7.7
《坏蛋必须死》 , 1407  ,  7.6
《既然青春留不住》 , 1191  ,  3.8
《将错就错》 , 1433  ,  5.1
《分手再说我爱你》 , 1161  ,  4.8
《闯入者》 , 1208  ,  5.0
《既然青春留不住》 , 1380  ,  4.3
《分手再说我爱你》 , 1454  ,  8.4
《坏蛋必须死》 , 1225  ,  9.1
《将错就错》 , 1377  ,  5.0
《怦然星动》 , 1470  ,  9.2
《闯入者》 , 1124  ,  3.7
《将错就错》 , 1111  ,  6.2
《闯入者》 , 1388  ,  8.4
《浪漫天降》 , 1499  ,  4.5
《紫霞》 , 1174  ,  7.1
《闯入者》 , 1276  ,  9.1
《爱情魔发师》 , 1474  ,  6.2
《冲上云霄》 , 1122  ,  9.2
《闯入者》 , 1339  ,  5.7
《失孤》 , 1305  ,  5.3
《爱情魔发师》 , 1178  ,  9.5
《紫霞》 , 1389  ,  9.3
《一念天堂》 , 1059  ,  4.8
《一念天堂》 , 1274  ,  9.7
《简单爱》 , 1124  ,  7.8
《分手再说我爱你》 , 1293  ,  9.1
《浪漫天降》 , 1389  ,  9.8
《最美的时候遇见你》 , 1246  ,  4.1
《少年班》 , 1116  ,  3.9
《失孤》 , 1205  ,  7.7
《冲上云霄》 , 1014  ,  6.2
《分手再说我爱你》 , 1293  ,  4.8
《闯入者》 , 1014  ,  8.7
《既然青春留不住》 , 1200  ,  6.6
《分手再说我爱你》 , 1406  ,  3.3
《将错就错》 , 1347  ,  4.5
《万物生长》 , 1492  ,  9.2
《坏蛋必须死》 , 1345  ,  6.7
《紫霞》 , 1047  ,  5.7
《紫霞》 , 1231  ,  9.5
《前任2：备胎反击战》 , 1161  ,  8.8
《既然青春留不住》 , 1214  ,  8.4
《爱情魔发师》 , 1231  ,  8.3
《怦然星动》 , 1462  ,  4.8
《坏蛋必须死》 , 1007  ,  4.5
《少年班》 , 1012  ,  6.2
《失孤》 , 1047  ,  7.4
《万物生长》 , 1116  ,  4.9
《分手再说我爱你》 , 1014  ,  8.4
《分手再说我爱你》 , 1174  ,  3.9
《恶棍天使》 , 1162  ,  7.2
《冲上云霄》 , 1113  ,  4.2
《失孤》 , 1241  ,  5.6
《一路惊喜》 , 1264  ,  3.9
《怦然星动》 , 1206  ,  5.3
《既然青春留不住》 , 1180  ,  6.8
《一念天堂》 , 1159  ,  5.6
《万物生长》 , 1315  ,  4.8
《恶棍天使》 , 1015  ,  4.2
《坏蛋必须死》 , 1444  , 10.0
《怦然星动》 , 1176  ,  3.1
《既然青春留不住》 , 1068  ,  4.2
《紫霞》 , 1236  ,  4.1
《闯入者》 , 1378  ,  7.6
《怦然星动》 , 1047  ,  4.9
《冲上云霄》 , 1129  ,  5.3
《万物生长》 , 1374  ,  8.4
《破风》 , 1209  ,  9.5
《一路惊喜》 , 1374  ,  8.1
《前任2：备胎反击战》 , 1086  ,  6.0
《冲上云霄》 , 1169  ,  5.3
《简单爱》 , 1139  ,  8.5
《最美的时候遇见你》 , 1267  , 10.0
《浪漫天降》 , 1176  ,  9.8
《简单爱》 , 1067  ,  4.4
《简单爱》 , 1205  ,  9.2
《分手再说我爱你》 , 1218  ,  8.9
《闯入者》 , 1318  ,  6.0
《恶棍天使》 , 1128  ,  6.9
《简单爱》 , 1194  ,  4.8
《紫霞》 , 1454  ,  7.8
《怦然星动》 , 1473  ,  9.2
《既然青春留不住》 , 1492  ,  9.0
《既然青春留不住》 , 1152  ,  4.4
《破风》 , 1226  ,  6.8
《一路惊喜》 , 1152  ,  6.1
《少年班》 , 1190  ,  5.7
《一念天堂》 , 1080  ,  6.1
《将错就错》 , 1488  ,  3.1
《探灵档案》 , 1473  ,  9.1
《分手再说我爱你》 , 1206  ,  5.7
《一念天堂》 , 1473  ,  4.5
《既然青春留不住》 , 1085  ,  3.1
《少年班》 , 1488  ,  9.0
《怦然星动》 , 1124  ,  5.2
《前任2：备胎反击战》 , 1241  ,  7.3
《冲上云霄》 , 1124  ,  7.4
《简单爱》 , 1403  ,  7.1
《一路惊喜》 , 1125  ,  9.1
《怦然星动》 , 1026  ,  5.0
《天将雄师》 , 1453  ,  9.4
《闯入者》 , 1322  ,  9.7
《失孤》 , 1492  ,  6.5
《一路惊喜》 , 1296  ,  7.2
《前任2：备胎反击战》 , 1263  ,  6.9
《一念天堂》 , 1142  ,  4.7
《失孤》 , 1125  ,  3.6
《爱情魔发师》 , 1042  ,  5.7
《浪漫天降》 , 1289  ,  8.5
《天将雄师》 , 1209  ,  9.1
《分手再说我爱你》 , 1194  ,  7.5
《恶棍天使》 , 1025  ,  5.7
《坏蛋必须死》 , 1386  ,  9.5
《将错就错》 , 1169  ,  8.6
《将错就错》 , 1456  ,  9.9
《最美的时候遇见你》 , 1075  ,  3.7
《前任2：备胎反击战》 , 1334  ,  4.8
《怦然星动》 , 1190  ,  4.6
《分手再说我爱你》 , 1117  ,  6.4
《紫霞》 , 1450  ,  5.3
《冲上云霄》 , 1191  ,  6.7
《恶棍天使》 , 1469  ,  6.2
《紫霞》 , 1343  ,  5.9
《将错就错》 , 1215  ,  9.5
《最美的时候遇见你》 , 1093  ,  4.3
《分手再说我爱你》 , 1169  ,  4.6
《爱情魔发师》 , 1065  ,  7.2
《浪漫天降》 , 1190  ,  4.2
《一路惊喜》 , 1152  ,  9.4
《分手再说我爱你》 , 1022  ,  6.9
《一念天堂》 , 1318  ,  5.7
《分手再说我爱你》 , 1100  ,  5.0
《闯入者》 , 1454  ,  6.0
《万物生长》 , 1068  ,  9.3
《坏蛋必须死》 , 1380  ,  6.2
《破风》 , 1065  ,  4.4
《一念天堂》 , 1205  ,  8.5
《最美的时候遇见你》 , 1123  ,  6.2
《冲上云霄》 , 1152  ,  3.6
《探灵档案》 , 1065  ,  6.0
《怦然星动》 , 1391  ,  8.3
《失孤》 , 1059  ,  3.7
《冲上云霄》 , 1236  ,  4.5
《爱情魔发师》 , 1084  ,  5.8
《怦然星动》 , 1075  ,  4.2
《紫霞》 , 1321  ,  9.1
《坏蛋必须死》 , 1407  ,  8.5
《爱情魔发师》 , 1176  ,  7.4
《万物生长》 , 1088  ,  6.7
《浪漫天降》 , 1080  ,  7.2
《破风》 , 1455  ,  9.4
《最美的时候遇见你》 , 1359  ,  9.2
《将错就错》 , 1048  ,  9.0
《坏蛋必须死》 , 1386  ,  4.4
《怦然星动》 , 1453  ,  3.2
《前任2：备胎反击战》 , 1071  ,  4.9
《一路惊喜》 , 1161  ,  6.2
《天将雄师》 , 1013  ,  8.2
《失孤》 , 1400  ,  3.4
《爱情魔发师》 , 1455  ,  7.8
《探灵档案》 , 1499  ,  9.8
《坏蛋必须死》 , 1169  ,  3.1
《一路惊喜》 , 1206  ,  4.4
《坏蛋必须死》 , 1453  ,  8.5
《前任2：备胎反击战》 , 1447  ,  8.2
《破风》 , 1241  ,  4.5
《浪漫天降》 , 1037  ,  8.8
《爱情魔发师》 , 1466  ,  7.2
《少年班》 , 1216  ,  3.1
《坏蛋必须死》 , 1313  ,  5.2
《怦然星动》 , 1042  ,  4.8
《前任2：备胎反击战》 , 1339  ,  5.0
《失孤》 , 1263  ,  3.1
《失孤》 , 1473  ,  5.0
《最美的时候遇见你》 , 1236  ,  9.1
《失孤》 , 1320  ,  5.7
《万物生长》 , 1462  ,  8.8
《紫霞》 , 1313  ,  9.7
《爱情魔发师》 , 1318  ,  5.9
《万物生长》 , 1487  ,  4.5
《闯入者》 , 1318  ,  9.7
《闯入者》 , 1276  ,  3.1
《恶棍天使》 , 1389  ,  8.5
《将错就错》 , 1200  ,  5.3
《万物生长》 , 1345  ,  4.6
《破风》 , 1340  ,  4.5
《破风》 , 1074  ,  3.6
《恶棍天使》 , 1270  ,  3.9
《恶棍天使》 , 1268  ,  4.3
《破风》 , 1057  ,  7.5
《浪漫天降》 , 1394  ,  5.2
《既然青春留不住》 , 1283  ,  6.0
《怦然星动》 , 1380  ,  4.5
《简单爱》 , 1142  ,  3.9
《爱情魔发师》 , 1111  ,  3.2
《失孤》 , 1345  ,  7.3
《简单爱》 , 1476  ,  8.8
《闯入者》 , 1274  ,  4.8
《万物生长》 , 1302  ,  5.6
《破风》 , 1406  ,  8.5
《失孤》 , 1102  ,  9.3
《一路惊喜》 , 1315  ,  5.7
《万物生长》 , 1047  ,  6.4
《破风》 , 1085  ,  9.1
《万物生长》 , 1085  ,  3.7
《闯入者》 , 1321  ,  3.6
《破风》 , 1047  ,  6.8
《最美的时候遇见你》 , 1152  ,  9.1
《简单爱》 , 1293  ,  4.6
《浪漫天降》 , 1035  ,  6.8
《既然青春留不住》 , 1357  ,  6.2
《怦然星动》 , 1050  ,  5.9
《简单爱》 , 1021  ,  9.7
《将错就错》 , 1491  ,  6.3
《爱情魔发师》 , 1141  ,  5.7
《浪漫天降》 , 1469  ,  4.2
《坏蛋必须死》 , 1447  ,  8.6
《坏蛋必须死》 , 1079  ,  8.3
《闯入者》 , 1123  ,  6.7
《一念天堂》 , 1116  ,  4.3
《最美的时候遇见你》 , 1456  ,  6.3
《最美的时候遇见你》 , 1196  ,  8.5
《坏蛋必须死》 , 1407  ,  9.3
《最美的时候遇见你》 , 1473  ,  9.8
《爱情魔发师》 , 1359  ,  9.1
《分手再说我爱你》 , 1176  ,  6.2
《天将雄师》 , 1444  ,  6.2
《最美的时候遇见你》 , 1403  ,  6.4
《紫霞》 , 1215  ,  5.7
《恶棍天使》 , 1345  ,  8.7
《最美的时候遇见你》 , 1276  ,  7.2
《一路惊喜》 , 1324  ,  9.4
《爱情魔发师》 , 1152  ,  9.0
《恶棍天使》 , 1324  ,  4.3
《最美的时候遇见你》 , 1079  ,  3.7
《将错就错》 , 1407  ,  7.8
《分手再说我爱你》 , 1091  ,  9.0
《一路惊喜》 , 1367  ,  3.1
《坏蛋必须死》 , 1469  ,  7.5
《紫霞》 , 1178  ,  3.6
《天将雄师》 , 1374  ,  5.6
《天将雄师》 , 1339  ,  6.2
《探灵档案》 , 1014  ,  5.2
《天将雄师》 , 1474  ,  3.8
《一路惊喜》 , 1129  ,  4.4
《最美的时候遇见你》 , 1246  ,  6.0
《闯入者》 , 1177  ,  6.2
《既然青春留不住》 , 1403  ,  5.6
《怦然星动》 , 1377  ,  9.0
《一念天堂》 , 1174  ,  7.0
《既然青春留不住》 , 1499  ,  3.1
《既然青春留不住》 , 1268  ,  9.1
《恶棍天使》 , 1201  ,  3.1
《前任2：备胎反击战》 , 1280  ,  8.2
《一路惊喜》 , 1470  ,  9.0
《简单爱》 , 1454  ,  6.8
《最美的时候遇见你》 , 1318  ,  6.0
《坏蛋必须死》 , 1395  ,  8.3
《一念天堂》 , 1045  ,  4.4
《坏蛋必须死》 , 1167  ,  4.7
《冲上云霄》 , 1395  ,  8.2
《怦然星动》 , 1010  ,  4.4
《冲上云霄》 , 1263  ,  4.7
《探灵档案》 , 1004  ,  4.9
《一念天堂》 , 1118  ,  6.2
《爱情魔发师》 , 1178  ,  5.4
《一念天堂》 , 1080  ,  6.8
《失孤》 , 1113  ,  8.9
《最美的时候遇见你》 , 1233  ,  8.3
《坏蛋必须死》 , 1359  ,  7.0
《简单爱》 , 1102  ,  5.3
《最美的时候遇见你》 , 1455  ,  9.4
《冲上云霄》 , 1291  ,  9.0
《爱情魔发师》 , 1339  ,  3.9
《一路惊喜》 , 1206  ,  7.0
《爱情魔发师》 , 1259  ,  3.2
《少年班》 , 1172  ,  6.2
《天将雄师》 , 1178  ,  7.6
《少年班》 , 1125  ,  6.5
《冲上云霄》 , 1026  ,  7.8
《闯入者》 , 1474  ,  9.3
《少年班》 , 1360  ,  6.4
《怦然星动》 , 1268  ,  8.2
《万物生长》 , 1119  ,  4.9
《闯入者》 , 1339  ,  6.0
《破风》 , 1085  ,  7.9
《坏蛋必须死》 , 1067  ,  3.8
《一念天堂》 , 1129  ,  3.6
《一念天堂》 , 1159  ,  5.6
《天将雄师》 , 1012  ,  5.6
《破风》 , 1169  ,  5.7
《少年班》 , 1178  ,  6.4
《破风》 , 1433  ,  6.2
《分手再说我爱你》 , 1191  ,  5.4
《一路惊喜》 , 1086  ,  3.7
《闯入者》 , 1174  ,  9.1
《恶棍天使》 , 1013  , 10.0
《少年班》 , 1086  ,  3.1
《失孤》 , 1095  ,  4.4
《爱情魔发师》 , 1289  ,  4.6
《破风》 , 1074  ,  5.2
《少年班》 , 1123  ,  5.3
《万物生长》 , 1423  ,  7.3
《破风》 , 1313  ,  9.1
《破风》 , 1377  ,  6.3
《坏蛋必须死》 , 1374  , 10.0
《冲上云霄》 , 1394  ,  9.3
《万物生长》 , 1367  ,  6.0
《怦然星动》 , 1263  ,  6.9
《一路惊喜》 , 1177  ,  5.3
《浪漫天降》 , 1343  ,  9.2
《万物生长》 , 1492  ,  4.6
《万物生长》 , 1240  ,  8.5
《将错就错》 , 1394  ,  4.5
《简单爱》 , 1015  ,  6.8
《破风》 , 1174  ,  8.1
《冲上云霄》 , 1200  ,  9.4
《失孤》 , 1021  ,  3.7
《浪漫天降》 , 1021  ,  8.0
《探灵档案》 , 1447  ,  8.9
《探灵档案》 , 1321  ,  6.2
《浪漫天降》 , 1343  ,  8.7
《失孤》 , 1267  ,  4.4
《少年班》 , 1343  ,  5.6
《既然青春留不住》 , 1474  ,  8.4
《前任2：备胎反击战》 , 1072  ,  3.4
《简单爱》 , 1499  ,  4.4
《简单爱》 , 1111  ,  7.9
《少年班》 , 1068  ,  3.6
《怦然星动》 , 1406  ,  5.4
《将错就错》 , 1104  ,  3.9
《前任2：备胎反击战》 , 1499  ,  9.4
《一念天堂》 , 1122  ,  4.3
《分手再说我爱你》 , 1219  ,  4.2
《浪漫天降》 , 1385  ,  5.6
《破风》 , 1487  ,  7.0
《简单爱》 , 1184  ,  5.7
《天将雄师》 , 1208  ,  8.5
《既然青春留不住》 , 1453  ,  4.7
《探灵档案》 , 1388  ,  8.3
《紫霞》 , 1374  ,  3.6
《破风》 , 1122  ,  4.7
《紫霞》 , 1403  ,  4.8
《紫霞》 , 1014  ,  7.2
《爱情魔发师》 , 1252  ,  9.0
《一念天堂》 , 1340  ,  7.2
《既然青春留不住》 , 1252  ,  6.0
《万物生长》 , 1491  ,  9.0
《少年班》 , 1109  ,  8.5
《浪漫天降》 , 1091  ,  4.3
《既然青春留不住》 , 1035  ,  7.4
《少年班》 , 1172  ,  4.3
《冲上云霄》 , 1091  ,  6.2
《既然青春留不住》 , 1339  ,  3.6
《分手再说我爱你》 , 1022  ,  3.7
《一路惊喜》 , 1240  ,  6.2
《简单爱》 , 1091  ,  5.2
《简单爱》 , 1021  ,  8.7
《简单爱》 , 1028  ,  6.3
《闯入者》 , 1385  ,  6.4
《紫霞》 , 1093  ,  3.9
《一念天堂》 , 1130  ,  5.2
《闯入者》 , 1311  ,  9.7
《失孤》 , 1114  ,  5.3
《坏蛋必须死》 , 1109  ,  5.8
《怦然星动》 , 1206  ,  7.5
《一念天堂》 , 1321  ,  6.5
《探灵档案》 , 1291  ,  7.1
《万物生长》 , 1130  ,  7.0
《将错就错》 , 1119  ,  3.7
《最美的时候遇见你》 , 1291  ,  6.4
《简单爱》 , 1080  ,  8.2
《一路惊喜》 , 1202  ,  7.7
《简单爱》 , 1386  ,  6.8
《前任2：备胎反击战》 , 1048  ,  5.0
《冲上云霄》 , 1215  ,  6.7
《分手再说我爱你》 , 1236  ,  6.0
《失孤》 , 1014  ,  4.4
《爱情魔发师》 , 1388  ,  8.2
《失孤》 , 1198  ,  8.1
《将错就错》 , 1357  ,  7.3
《恶棍天使》 , 1292  ,  7.2
《紫霞》 , 1010  ,  6.7
《失孤》 , 1223  ,  8.4
《最美的时候遇见你》 , 1214  ,  7.2
《简单爱》 , 1250  ,  4.3
《一路惊喜》 , 1152  ,  8.9
《将错就错》 , 1317  ,  4.4
《爱情魔发师》 , 1176  ,  6.9
《最美的时候遇见你》 , 1259  ,  6.8
《万物生长》 , 1010  ,  4.5
《一念天堂》 , 1114  ,  4.3
《少年班》 , 1402  ,  4.5
《紫霞》 , 1152  ,  9.2
《一路惊喜》 , 1139  ,  9.3
《将错就错》 , 1359  ,  4.4
《爱情魔发师》 , 1091  ,  3.5
《浪漫天降》 , 1418  ,  9.8
《最美的时候遇见你》 , 1499  ,  8.6
《破风》 , 1264  ,  3.8
《简单爱》 , 1268  ,  3.7
《探灵档案》 , 1241  ,  9.3
《少年班》 , 1100  ,  7.2
《浪漫天降》 , 1315  ,  3.9
《将错就错》 , 1022  ,  5.9
《万物生长》 , 1263  ,  7.9
《紫霞》 , 1080  ,  4.9
《一念天堂》 , 1418  ,  6.4
《坏蛋必须死》 , 1006  ,  9.1
《前任2：备胎反击战》 , 1359  ,  4.5
《万物生长》 , 1102  ,  5.9
《简单爱》 , 1085  ,  9.3
《既然青春留不住》 , 1172  ,  8.9
《分手再说我爱你》 , 1324  ,  5.0
《简单爱》 , 1246  ,  5.6
《冲上云霄》 , 1209  ,  8.9
《坏蛋必须死》 , 1124  ,  8.2
《冲上云霄》 , 1386  ,  5.1
《既然青春留不住》 , 1317  ,  8.5
《破风》 , 1093  ,  4.7
《简单爱》 , 1428  ,  5.8
《闯入者》 , 1324  ,  6.9
《紫霞》 , 1178  ,  3.7
《最美的时候遇见你》 , 1381  ,  7.2
《破风》 , 1025  ,  9.5
《天将雄师》 , 1388  ,  4.5
《分手再说我爱你》 , 1263  ,  8.0
《浪漫天降》 , 1411  ,  8.0
《最美的时候遇见你》 , 1411  ,  6.8
《分手再说我爱你》 , 1258  ,  7.2
《破风》 , 1233  ,  6.9
《破风》 , 1447  ,  4.8
《紫霞》 , 1109  ,  9.3
《将错就错》 , 1381  ,  3.7
《少年班》 , 1188  ,  8.2
《分手再说我爱你》 , 1425  ,  8.5
《坏蛋必须死》 , 1200  ,  5.0
《万物生长》 , 1167  ,  9.8
《破风》 , 1270  ,  6.3
《既然青春留不住》 , 1128  ,  4.2
《将错就错》 , 1206  ,  3.7
《恶棍天使》 , 1402  ,  5.3
《恶棍天使》 , 1345  ,  4.3
《探灵档案》 , 1316  ,  6.8
《闯入者》 , 1267  ,  3.4
《前任2：备胎反击战》 , 1198  ,  3.4
《一念天堂》 , 1196  ,  7.0
《万物生长》 , 1235  ,  8.1
《既然青春留不住》 , 1344  ,  3.7
《浪漫天降》 , 1026  ,  3.6
《怦然星动》 , 1059  ,  7.0
《闯入者》 , 1360  ,  6.1
《分手再说我爱你》 , 1385  ,  8.4
《简单爱》 , 1004  ,  5.4
《少年班》 , 1174  ,  6.1
《紫霞》 , 1047  ,  7.3
《前任2：备胎反击战》 , 1209  ,  3.7
《万物生长》 , 1313  ,  8.3
《一路惊喜》 , 1320  ,  8.7
《少年班》 , 1129  ,  8.8
《将错就错》 , 1302  ,  5.7
《既然青春留不住》 , 1291  ,  6.1
《一念天堂》 , 1045  ,  5.8
《前任2：备胎反击战》 , 1172  ,  6.6
《天将雄师》 , 1474  ,  6.5
《天将雄师》 , 1202  ,  5.3
《将错就错》 , 1411  ,  6.8
《闯入者》 , 1259  ,  6.1
《冲上云霄》 , 1240  ,  8.2
《闯入者》 , 1428  ,  7.9
《既然青春留不住》 , 1339  ,  6.2
《分手再说我爱你》 , 1259  ,  4.3
《分手再说我爱你》 , 1292  ,  6.6
《一路惊喜》 , 1035  ,  5.0
《冲上云霄》 , 1172  ,  5.8
《万物生长》 , 1154  ,  3.1
《前任2：备胎反击战》 , 1167  ,  6.6
《将错就错》 , 1139  ,  9.7
《冲上云霄》 , 1380  ,  5.0
《一路惊喜》 , 1468  ,  6.0
《恶棍天使》 , 1292  ,  7.5
《前任2：备胎反击战》 , 1012  ,  8.4
《爱情魔发师》 , 1194  ,  3.6
《怦然星动》 , 1116  ,  3.0
《最美的时候遇见你》 , 1378  ,  8.7
《怦然星动》 , 1209  ,  6.6
《既然青春留不住》 , 1006  ,  5.0
《少年班》 , 1334  ,  4.8
《冲上云霄》 , 1377  ,  8.2
《既然青春留不住》 , 1142  ,  7.0
《一念天堂》 , 1270  ,  5.0
《恶棍天使》 , 1162  ,  3.1
《闯入者》 , 1343  ,  6.4
《探灵档案》 , 1015  ,  6.8
《破风》 , 1142  ,  8.3
《简单爱》 , 1079  ,  5.4
《分手再说我爱你》 , 1345  ,  4.2
《前任2：备胎反击战》 , 1250  ,  8.1
《既然青春留不住》 , 1142  ,  5.7
《一念天堂》 , 1388  ,  6.9
《爱情魔发师》 , 1250  , 10.0
《既然青春留不住》 , 1374  ,  7.4
《冲上云霄》 , 1172  ,  5.0
《失孤》 , 1316  ,  6.4
《怦然星动》 , 1118  ,  4.3
《浪漫天降》 , 1209  ,  5.7
《恶棍天使》 , 1235  ,  7.6
《怦然星动》 , 1447  ,  4.5
《简单爱》 , 1374  ,  4.4
《冲上云霄》 , 1340  ,  9.5
《一路惊喜》 , 1021  ,  4.8
《破风》 , 1374  ,  9.5
《将错就错》 , 1098  ,  5.3
《一念天堂》 , 1428  ,  8.9
《失孤》 , 1293  ,  6.4
《失孤》 , 1343  ,  9.3
《失孤》 , 1347  ,  3.6
《天将雄师》 , 1201  ,  5.2
《一路惊喜》 , 1067  ,  4.5
《爱情魔发师》 , 1198  ,  7.9
《探灵档案》 , 1318  ,  8.4
《紫霞》 , 1433  ,  3.5
《少年班》 , 1492  ,  4.6
《一念天堂》 , 1184  ,  6.7
《分手再说我爱你》 , 1368  ,  8.4
《天将雄师》 , 1057  ,  4.8
《失孤》 , 1074  ,  6.2
《万物生长》 , 1154  ,  9.4
《少年班》 , 1103  ,  7.7
《闯入者》 , 1013  ,  5.2
《破风》 , 1293  ,  7.7
《一路惊喜》 , 1072  ,  3.7
《一路惊喜》 , 1455  ,  3.4
《简单爱》 , 1198  ,  4.8
《冲上云霄》 , 1380  ,  4.2
《怦然星动》 , 1233  ,  3.8
《分手再说我爱你》 , 1215  ,  7.6
《紫霞》 , 1402  ,  6.2
《紫霞》 , 1048  ,  3.7
《少年班》 , 1344  ,  8.0
《紫霞》 , 1001  ,  5.3
《怦然星动》 , 1198  ,  4.8
《一念天堂》 , 1028  ,  5.0
《闯入者》 , 1201  ,  3.9
《万物生长》 , 1113  ,  8.2
《将错就错》 , 1444  ,  9.7
《前任2：备胎反击战》 , 1104  ,  8.7
《一念天堂》 , 1274  ,  6.0
《万物生长》 , 1462  ,  6.9
《分手再说我爱你》 , 1359  ,  4.8
《紫霞》 , 1050  ,  3.9
《恶棍天使》 , 1093  ,  4.3
《冲上云霄》 , 1086  ,  4.9
《少年班》 , 1169  ,  9.1
《将错就错》 , 1488  ,  3.7
《分手再说我爱你》 , 1123  ,  8.2
《失孤》 , 1317  ,  4.6
《坏蛋必须死》 , 1095  ,  9.7
《坏蛋必须死》 , 1313  ,  7.4
《闯入者》 , 1103  ,  4.2
《少年班》 , 1359  ,  9.0
《探灵档案》 , 1196  ,  7.8
《闯入者》 , 1444  ,  6.0
《怦然星动》 , 1169  ,  3.6
《探灵档案》 , 1125  ,  4.4
《既然青春留不住》 , 1141  ,  6.9
《少年班》 , 1444  ,  8.6
《前任2：备胎反击战》 , 1378  ,  5.0
《闯入者》 , 1453  ,  7.2
《一路惊喜》 , 1403  ,  5.0
《爱情魔发师》 , 1291  ,  8.3
《将错就错》 , 1057  ,  5.0
《最美的时候遇见你》 , 1418  ,  9.0
《分手再说我爱你》 , 1150  ,  7.4
《爱情魔发师》 , 1190  ,  4.7
《失孤》 , 1129  ,  7.6
《怦然星动》 , 1086  ,  4.2
《分手再说我爱你》 , 1488  ,  8.2
《既然青春留不住》 , 1068  ,  5.0
《分手再说我爱你》 , 1208  ,  7.9
《分手再说我爱你》 , 1161  ,  3.7
《爱情魔发师》 , 1098  ,  7.5
《闯入者》 , 1042  ,  9.1
《浪漫天降》 , 1263  ,  5.0
《将错就错》 , 1320  ,  4.2
《坏蛋必须死》 , 1219  ,  7.1
《前任2：备胎反击战》 , 1079  ,  8.3
《既然青春留不住》 , 1345  ,  7.1
《将错就错》 , 1111  ,  6.0
《分手再说我爱你》 , 1191  ,  9.1
《万物生长》 , 1240  ,  4.3
《紫霞》 , 1006  ,  4.6
《浪漫天降》 , 1258  ,  5.9
《爱情魔发师》 , 1098  ,  5.0
《万物生长》 , 1068  ,  4.2
《浪漫天降》 , 1395  ,  6.4
《冲上云霄》 , 1486  ,  6.6
《将错就错》 , 1104  ,  8.4
《紫霞》 , 1406  ,  3.7
《前任2：备胎反击战》 , 1363  ,  7.2
《冲上云霄》 , 1343  ,  5.6
《怦然星动》 , 1469  ,  3.1
《爱情魔发师》 , 1391  ,  9.1
《爱情魔发师》 , 1368  ,  9.9
《既然青春留不住》 , 1231  ,  8.1
《天将雄师》 , 1469  ,  3.0
《一念天堂》 , 1470  ,  5.3
《探灵档案》 , 1291  ,  5.6
《恶棍天使》 , 1450  ,  7.6
《爱情魔发师》 , 1004  ,  9.4
《坏蛋必须死》 , 1315  ,  6.5
《破风》 , 1080  ,  4.3
《最美的时候遇见你》 , 1357  ,  5.9
《浪漫天降》 , 1129  ,  3.3
《分手再说我爱你》 , 1116  ,  9.3
《紫霞》 , 1098  ,  3.1
《坏蛋必须死》 , 1469  ,  4.8
《简单爱》 , 1291  ,  4.8
《坏蛋必须死》 , 1315  ,  6.6
《闯入者》 , 1320  ,  3.6
《失孤》 , 1194  ,  6.3
《前任2：备胎反击战》 , 1259  ,  8.6
《恶棍天使》 , 1385  ,  4.4
《最美的时候遇见你》 , 1357  ,  7.5
《既然青春留不住》 , 1223  ,  6.0
《冲上云霄》 , 1072  ,  6.6
《恶棍天使》 , 1268  ,  3.9
《前任2：备胎反击战》 , 1456  ,  9.1
《冲上云霄》 , 1074  ,  5.6
《最美的时候遇见你》 , 1334  ,  3.0
《浪漫天降》 , 1433  ,  8.6
《坏蛋必须死》 , 1154  ,  7.1
《一路惊喜》 , 1231  ,  4.9
《前任2：备胎反击战》 , 1395  ,  8.8
《失孤》 , 1233  ,  4.3
《既然青春留不住》 , 1345  ,  6.6
《前任2：备胎反击战》 , 1320  ,  9.7
《失孤》 , 1057  ,  7.3
《天将雄师》 , 1167  ,  7.5
《探灵档案》 , 1226  ,  6.2
《一念天堂》 , 1231  ,  9.7
《失孤》 , 1045  ,  6.0
《分手再说我爱你》 , 1380  ,  6.4
《紫霞》 , 1263  ,  3.2
《坏蛋必须死》 , 1343  ,  6.5
《一路惊喜》 , 1482  ,  9.1
《探灵档案》 , 1045  ,  6.2
《分手再说我爱你》 , 1264  ,  5.8
《探灵档案》 , 1316  ,  5.7
《浪漫天降》 , 1258  ,  6.4
《浪漫天降》 , 1102  ,  3.1
《紫霞》 , 1377  ,  7.6
《前任2：备胎反击战》 , 1429  ,  4.4
《怦然星动》 , 1280  ,  6.2
《万物生长》 , 1065  ,  7.6
《一念天堂》 , 1320  ,  4.8
《万物生长》 , 1158  ,  5.8
《浪漫天降》 , 1315  ,  9.7
《闯入者》 , 1368  ,  7.1
《将错就错》 , 1474  ,  9.7
《最美的时候遇见你》 , 1174  ,  5.3
《破风》 , 1070  , 10.0
《浪漫天降》 , 1241  ,  5.0
《闯入者》 , 1428  ,  4.8
《坏蛋必须死》 , 1118  ,  6.0
《探灵档案》 , 1292  ,  7.8
《一路惊喜》 , 1450  ,  3.1
《分手再说我爱你》 , 1161  ,  4.8
《简单爱》 , 1425  ,  6.4
《破风》 , 1098  ,  7.8
《闯入者》 , 1037  ,  7.0
《天将雄师》 , 1345  ,  4.3
《天将雄师》 , 1086  ,  5.7
《分手再说我爱你》 , 1098  ,  5.6
《怦然星动》 , 1318  ,  3.9
《失孤》 , 1433  ,  3.7
《天将雄师》 , 1047  ,  6.8
《爱情魔发师》 , 1469  ,  7.0
《破风》 , 1010  ,  6.4
《恶棍天使》 , 1045  ,  4.8
《闯入者》 , 1380  ,  7.2
《将错就错》 , 1486  ,  3.7
《将错就错》 , 1012  ,  5.0
《恶棍天使》 , 1400  ,  5.7
《最美的时候遇见你》 , 1473  ,  4.4
《简单爱》 , 1088  ,  5.8
《冲上云霄》 , 1093  ,  7.2
《最美的时候遇见你》 , 1470  ,  4.5
《最美的时候遇见你》 , 1252  ,  3.7
《坏蛋必须死》 , 1191  ,  9.7
《爱情魔发师》 , 1469  ,  4.3
《恶棍天使》 , 1378  ,  8.8
《爱情魔发师》 , 1454  ,  4.6
《坏蛋必须死》 , 1462  ,  7.5
《最美的时候遇见你》 , 1095  ,  5.3
《分手再说我爱你》 , 1141  ,  8.5
《破风》 , 1345  ,  4.5
《恶棍天使》 , 1291  ,  6.7
《前任2：备胎反击战》 , 1291  ,  9.8
《怦然星动》 , 1343  ,  6.0
《破风》 , 1088  ,  6.4
《简单爱》 , 1209  ,  5.2
《闯入者》 , 1391  ,  6.8
《闯入者》 , 1492  ,  5.6
《将错就错》 , 1093  ,  3.9
《最美的时候遇见你》 , 1466  ,  9.8
《怦然星动》 , 1462  ,  3.4
《浪漫天降》 , 1240  ,  5.6
《分手再说我爱你》 , 1363  ,  9.8
《少年班》 , 1191  ,  7.1
《闯入者》 , 1316  ,  7.7
《最美的时候遇见你》 , 1150  ,  6.9
《万物生长》 , 1150  ,  7.5
《分手再说我爱你》 , 1231  ,  4.1
《失孤》 , 1447  ,  8.4
《恶棍天使》 , 1004  ,  7.1
《分手再说我爱你》 , 1100  ,  5.3
《分手再说我爱你》 , 1209  ,  3.1
《紫霞》 , 1176  ,  4.9
《少年班》 , 1344  ,  3.7
《少年班》 , 1208  ,  6.2
《紫霞》 , 1381  ,  3.1
《恶棍天使》 , 1048  ,  6.1
《紫霞》 , 1453  ,  9.1
《天将雄师》 , 1001  ,  4.8
《爱情魔发师》 , 1276  ,  5.1
《探灵档案》 , 1276  ,  5.2
《万物生长》 , 1491  ,  6.4
《爱情魔发师》 , 1100  ,  5.3
《少年班》 , 1386  ,  6.2
《紫霞》 , 1079  ,  6.8
《破风》 , 1313  ,  5.0
《简单爱》 , 1315  ,  9.8
《浪漫天降》 , 1194  ,  3.6
《浪漫天降》 , 1093  ,  3.7
《破风》 , 1321  ,  4.4
《简单爱》 , 1470  ,  7.7
《分手再说我爱你》 , 1406  ,  5.8
《恶棍天使》 , 1343  ,  4.5
《一念天堂》 , 1388  ,  4.5
《既然青春留不住》 , 1031  ,  3.3
《恶棍天使》 , 1114  ,  4.8
《简单爱》 , 1086  ,  3.9
《天将雄师》 , 1042  ,  5.8
《一念天堂》 , 1074  ,  9.8
《浪漫天降》 , 1385  ,  7.2
《天将雄师》 , 1169  ,  7.9
《少年班》 , 1289  ,  7.0
《将错就错》 , 1444  ,  5.0
《简单爱》 , 1339  ,  3.9
《少年班》 , 1466  ,  9.3
《最美的时候遇见你》 , 1291  ,  9.5
《前任2：备胎反击战》 , 1117  ,  5.3
《万物生长》 , 1080  ,  4.8
《破风》 , 1035  ,  3.1
《一路惊喜》 , 1042  ,  7.0
《天将雄师》 , 1085  ,  9.1
《恶棍天使》 , 1305  ,  5.7
《坏蛋必须死》 , 1455  ,  7.2
《爱情魔发师》 , 1418  ,  5.1
《一念天堂》 , 1381  ,  7.4
《恶棍天使》 , 1010  ,  9.2
《探灵档案》 , 1469  ,  9.3
《一路惊喜》 , 1360  ,  4.6
《最美的时候遇见你》 , 1487  ,  6.0
《破风》 , 1296  ,  4.6
《天将雄师》 , 1469  ,  4.9
《冲上云霄》 , 1215  ,  8.4
《闯入者》 , 1218  ,  6.4
《恶棍天使》 , 1114  ,  5.6
《简单爱》 , 1389  ,  8.3
《天将雄师》 , 1267  ,  3.9
《分手再说我爱你》 , 1086  ,  7.4
《紫霞》 , 1226  ,  8.7
《闯入者》 , 1154  ,  7.4
《紫霞》 , 1340  ,  6.6
《浪漫天降》 , 1444  ,  6.7
《既然青春留不住》 , 1447  ,  5.6
《万物生长》 , 1215  ,  3.8
《天将雄师》 , 1001  ,  8.5
《少年班》 , 1241  ,  5.8
《一念天堂》 , 1241  ,  4.6
《探灵档案》 , 1474  ,  3.7
《一路惊喜》 , 1344  ,  3.0
《将错就错》 , 1374  ,  4.9
《万物生长》 , 1215  ,  3.7
《恶棍天使》 , 1386  ,  8.1
《简单爱》 , 1015  ,  8.9
《前任2：备胎反击战》 , 1026  ,  9.9
《探灵档案》 , 1363  ,  9.5
《前任2：备胎反击战》 , 1100  ,  7.0
《闯入者》 , 1291  ,  8.8
《既然青春留不住》 , 1267  ,  3.1
《一路惊喜》 , 1104  ,  4.2
《恶棍天使》 , 1264  ,  5.4
《万物生长》 , 1499  ,  4.4
《怦然星动》 , 1378  ,  5.6
《分手再说我爱你》 , 1400  ,  6.3
《紫霞》 , 1012  ,  6.6
《爱情魔发师》 , 1270  ,  8.2
《最美的时候遇见你》 , 1233  ,  6.8
《恶棍天使》 , 1444  ,  5.9
《冲上云霄》 , 1469  ,  5.3
《分手再说我爱你》 , 1340  ,  9.7
《爱情魔发师》 , 1100  ,  6.2
《坏蛋必须死》 , 1450  ,  8.7
《前任2：备胎反击战》 , 1374  ,  5.2
《怦然星动》 , 1403  ,  5.7
《一路惊喜》 , 1395  ,  7.1
《将错就错》 , 1406  ,  7.5
《恶棍天使》 , 1201  ,  8.4
《怦然星动》 , 1111  ,  3.1
《紫霞》 , 1154  ,  4.6
《失孤》 , 1447  ,  4.2
《闯入者》 , 1385  ,  4.4
《恶棍天使》 , 1468  ,  3.4
《冲上云霄》 , 1321  ,  8.7
《坏蛋必须死》 , 1177  ,  4.3
《浪漫天降》 , 1141  ,  3.1
《天将雄师》 , 1268  ,  3.9
《万物生长》 , 1492  ,  9.7
《紫霞》 , 1394  ,  6.1
《最美的时候遇见你》 , 1150  ,  7.1
《闯入者》 , 1320  ,  9.1
《将错就错》 , 1176  , 10.0
《既然青春留不住》 , 1411  ,  6.6
《失孤》 , 1476  ,  4.3
《紫霞》 , 1276  ,  9.1
《前任2：备胎反击战》 , 1276  ,  9.7
《既然青春留不住》 , 1313  ,  4.8
《闯入者》 , 1215  ,  4.8
《将错就错》 , 1259  ,  9.2
《破风》 , 1381  ,  3.1
《怦然星动》 , 1125  ,  5.8
《分手再说我爱你》 , 1050  ,  6.9
《最美的时候遇见你》 , 1178  ,  7.6
《冲上云霄》 , 1292  ,  3.9
《爱情魔发师》 , 1122  ,  5.3
《探灵档案》 , 1267  ,  5.0
《分手再说我爱你》 , 1042  ,  8.6
《前任2：备胎反击战》 , 1499  ,  7.6
《一念天堂》 , 1150  ,  3.7
《万物生长》 , 1159  ,  4.3
《怦然星动》 , 1123  ,  7.2
《简单爱》 , 1264  ,  8.2
《最美的时候遇见你》 , 1357  ,  7.5
《爱情魔发师》 , 1429  ,  6.7
《破风》 , 1343  ,  9.3
《失孤》 , 1315  ,  8.2
《一路惊喜》 , 1004  ,  4.5
《恶棍天使》 , 1276  ,  9.7
《既然青春留不住》 , 1357  ,  5.3
《坏蛋必须死》 , 1454  ,  3.9
《万物生长》 , 1322  ,  5.6
《前任2：备胎反击战》 , 1216  ,  3.6
《探灵档案》 , 1315  ,  4.5
《探灵档案》 , 1492  ,  4.8
《探灵档案》 , 1433  ,  4.9
《前任2：备胎反击战》 , 1021  ,  4.3
《天将雄师》 , 1071  ,  3.4
《爱情魔发师》 , 1067  ,  9.7
《冲上云霄》 , 1339  ,  9.7
《一念天堂》 , 1289  ,  8.6
《万物生长》 , 1100  ,  3.8
《浪漫天降》 , 1263  ,  7.3
《失孤》 , 1267  ,  7.0
《紫霞》 , 1178  ,  8.8
《万物生长》 , 1236  ,  4.8
《破风》 , 1124  ,  7.3
《前任2：备胎反击战》 , 1001  ,  6.9
《前任2：备胎反击战》 , 1368  ,  6.8
《坏蛋必须死》 , 1141  ,  5.1
《将错就错》 , 1088  ,  7.5
《一路惊喜》 , 1476  ,  3.2
《紫霞》 , 1129  ,  4.4
《既然青春留不住》 , 1114  ,  3.2
《将错就错》 , 1180  ,  5.0
《简单爱》 , 1194  ,  3.4
《坏蛋必须死》 , 1124  ,  9.1
《失孤》 , 1025  ,  6.1
《浪漫天降》 , 1001  ,  6.8
《失孤》 , 1455  ,  4.5
《冲上云霄》 , 1367  ,  8.1
《将错就错》 , 1088  ,  7.3
《爱情魔发师》 , 1194  ,  4.6
《一念天堂》 , 1385  ,  7.0
《紫霞》 , 1492  ,  4.3
《怦然星动》 , 1270  ,  7.5
《恶棍天使》 , 1119  ,  5.3
《坏蛋必须死》 , 1167  ,  5.7
《前任2：备胎反击战》 , 1014  ,  4.3
《恶棍天使》 , 1104  ,  9.0
《少年班》 , 1129  ,  5.2
《一路惊喜》 , 1283  ,  7.2
《一路惊喜》 , 1086  ,  5.7
《冲上云霄》 , 1322  ,  8.9
《浪漫天降》 , 1316  ,  5.7
《一念天堂》 , 1196  ,  6.8
《分手再说我爱你》 , 1001  ,  7.2
《一路惊喜》 , 1378  ,  3.6
《破风》 , 1320  ,  3.9
《前任2：备胎反击战》 , 1067  ,  8.7
《简单爱》 , 1188  ,  3.8
《前任2：备胎反击战》 , 1200  ,  5.7
《破风》 , 1280  ,  3.8
《最美的时候遇见你》 , 1433  ,  8.7
《探灵档案》 , 1161  ,  9.7
《紫霞》 , 1067  ,  7.2
《闯入者》 , 1263  ,  3.5
《爱情魔发师》 , 1167  ,  8.2
《天将雄师》 , 1111  ,  4.9
《天将雄师》 , 1252  ,  6.1
《简单爱》 , 1402  ,  9.2
《一路惊喜》 , 1270  ,  8.7
《天将雄师》 , 1236  ,  4.8
《探灵档案》 , 1013  ,  6.3
《前任2：备胎反击战》 , 1389  ,  4.5
《最美的时候遇见你》 , 1360  ,  8.3
《坏蛋必须死》 , 1216  ,  8.3
《天将雄师》 , 1150  ,  9.5
《少年班》 , 1161  ,  6.8
《简单爱》 , 1470  ,  8.6
《前任2：备胎反击战》 , 1394  ,  4.3
《紫霞》 , 1378  ,  4.4
《紫霞》 , 1202  ,  3.2
《分手再说我爱你》 , 1100  ,  6.4
《探灵档案》 , 1318  ,  6.9
《探灵档案》 , 1344  ,  7.2
《一路惊喜》 , 1492  ,  6.4
《怦然星动》 , 1095  ,  4.9
《闯入者》 , 1169  ,  8.4
《冲上云霄》 , 1360  ,  4.8
《恶棍天使》 , 1128  ,  5.1
《失孤》 , 1085  ,  7.0
《最美的时候遇见你》 , 1311  ,  3.3
《怦然星动》 , 1264  ,  9.5
《前任2：备胎反击战》 , 1098  ,  3.2
《万物生长》 , 1206  ,  6.2
《少年班》 , 1357  ,  9.0
《浪漫天降》 , 1462  ,  6.2
《前任2：备胎反击战》 , 1184  ,  9.4
《探灵档案》 , 1241  ,  6.2
《恶棍天使》 , 1474  ,  6.0
《怦然星动》 , 1123  ,  6.2
《爱情魔发师》 , 1374  ,  7.3
《怦然星动》 , 1276  ,  5.3
《万物生长》 , 1152  ,  3.6
《最美的时候遇见你》 , 1246  ,  9.8
《既然青春留不住》 , 1377  ,  6.4
《怦然星动》 , 1213  , 10.0
《探灵档案》 , 1202  ,  7.7
《闯入者》 , 1213  ,  7.4
《失孤》 , 1363  ,  3.9
《坏蛋必须死》 , 1462  ,  9.1
《少年班》 , 1035  ,  6.9
《坏蛋必须死》 , 1116  ,  3.1
《简单爱》 , 1456  ,  7.2
《破风》 , 1114  ,  6.8
《爱情魔发师》 , 1389  ,  4.4
《浪漫天降》 , 1158  ,  6.9
《探灵档案》 , 1402  ,  3.4
《一路惊喜》 , 1357  ,  8.3
《天将雄师》 , 1466  ,  7.4
《破风》 , 1302  ,  7.2
《失孤》 , 1012  ,  3.4
《闯入者》 , 1280  ,  8.7
《天将雄师》 , 1423  ,  9.0
《恶棍天使》 , 1456  ,  6.0
《怦然星动》 , 1208  ,  4.9
《少年班》 , 1276  ,  7.6
《万物生长》 , 1169  ,  5.4
《将错就错》 , 1368  ,  7.8
《前任2：备胎反击战》 , 1205  ,  5.7
《一路惊喜》 , 1174  ,  4.2
《恶棍天使》 , 1118  ,  5.6
《浪漫天降》 , 1482  ,  5.0
《闯入者》 , 1141  ,  4.2
《既然青春留不住》 , 1218  ,  8.2
《闯入者》 , 1231  ,  5.7
《简单爱》 , 1218  ,  6.0
《前任2：备胎反击战》 , 1447  ,  5.7
《一路惊喜》 , 1198  ,  5.2
《少年班》 , 1447  ,  6.4
《坏蛋必须死》 , 1468  ,  7.2
《紫霞》 , 1317  ,  7.2
《坏蛋必须死》 , 1190  ,  5.6
《怦然星动》 , 1313  ,  3.9
《紫霞》 , 1450  ,  7.2
《紫霞》 , 1363  ,  5.0
《分手再说我爱你》 , 1236  ,  3.9
《冲上云霄》 , 1141  ,  4.4
《分手再说我爱你》 , 1071  ,  9.5
《一路惊喜》 , 1162  ,  7.9
《浪漫天降》 , 1468  ,  4.9
《天将雄师》 , 1357  ,  4.4
《一念天堂》 , 1345  ,  7.7
《分手再说我爱你》 , 1198  ,  5.7
《分手再说我爱你》 , 1001  ,  5.4
《天将雄师》 , 1014  ,  5.2
《万物生长》 , 1169  ,  6.0
《闯入者》 , 1059  ,  4.8
《怦然星动》 , 1317  ,  6.2
《前任2：备胎反击战》 , 1267  ,  5.8
《将错就错》 , 1252  ,  3.8
《闯入者》 , 1129  ,  6.4
《最美的时候遇见你》 , 1324  ,  9.1
《破风》 , 1334  ,  8.2
《怦然星动》 , 1380  ,  9.7
《冲上云霄》 , 1191  ,  9.0
《分手再说我爱你》 , 1074  ,  7.2
《将错就错》 , 1071  ,  5.0
《爱情魔发师》 , 1141  ,  9.5
《分手再说我爱你》 , 1258  ,  9.7
《一路惊喜》 , 1470  ,  7.2
《既然青春留不住》 , 1085  ,  4.3
《探灵档案》 , 1292  ,  6.8
《万物生长》 , 1152  ,  9.2
《既然青春留不住》 , 1302  ,  4.4
《紫霞》 , 1486  ,  5.0
《将错就错》 , 1258  ,  4.5
《失孤》 , 1130  ,  4.8
《最美的时候遇见你》 , 1010  ,  7.5
《分手再说我爱你》 , 1065  ,  6.4
《分手再说我爱你》 , 1280  ,  9.4
《前任2：备胎反击战》 , 1391  ,  8.6
《将错就错》 , 1367  ,  7.1
《爱情魔发师》 , 1400  ,  3.1
《失孤》 , 1174  ,  7.2
《破风》 , 1317  ,  8.5
《一念天堂》 , 1246  ,  6.0
《最美的时候遇见你》 , 1231  ,  6.6
《探灵档案》 , 1385  ,  9.2
《最美的时候遇见你》 , 1004  ,  5.3
《万物生长》 , 1025  ,  9.3
《紫霞》 , 1070  ,  6.4
《将错就错》 , 1283  ,  4.9
《闯入者》 , 1240  ,  3.3
《天将雄师》 , 1400  ,  3.7
《简单爱》 , 1347  ,  6.9
《紫霞》 , 1305  ,  8.4
《既然青春留不住》 , 1487  ,  6.8
《紫霞》 , 1169  ,  7.2
《闯入者》 , 1487  ,  7.6
《分手再说我爱你》 , 1161  ,  4.5
《最美的时候遇见你》 , 1499  ,  8.3
《怦然星动》 , 1021  ,  9.4
《天将雄师》 , 1124  ,  6.2
《失孤》 , 1381  ,  6.8
《闯入者》 , 1048  ,  7.6
《探灵档案》 , 1456  ,  3.3
《既然青春留不住》 , 1250  ,  3.1
《怦然星动》 , 1095  ,  7.0
《紫霞》 , 1184  ,  4.9
《恶棍天使》 , 1456  ,  6.3
《既然青春留不住》 , 1172  ,  8.1
《闯入者》 , 1004  ,  4.2
《爱情魔发师》 , 1400  ,  8.5
《坏蛋必须死》 , 1385  ,  7.0
《坏蛋必须死》 , 1311  ,  9.5
《恶棍天使》 , 1476  ,  9.5
《简单爱》 , 1014  ,  6.2
《恶棍天使》 , 1311  ,  5.3
《天将雄师》 , 1010  ,  4.2
《探灵档案》 , 1190  ,  6.8
《冲上云霄》 , 1302  ,  8.3
《破风》 , 1296  ,  8.2
《坏蛋必须死》 , 1226  ,  9.0
《一念天堂》 , 1231  ,  3.1
《一路惊喜》 , 1028  ,  4.2
《将错就错》 , 1213  ,  5.9
《天将雄师》 , 1274  ,  3.8
《闯入者》 , 1450  ,  6.2
《天将雄师》 , 1013  ,  3.1
《闯入者》 , 1444  ,  6.6
《闯入者》 , 1070  ,  7.5
《破风》 , 1488  ,  3.2
《破风》 , 1004  ,  7.3
《最美的时候遇见你》 , 1381  ,  3.5
《破风》 , 1454  ,  8.5
《坏蛋必须死》 , 1110  ,  5.7
《简单爱》 , 1184  ,  6.2
《探灵档案》 , 1154  ,  8.2
《爱情魔发师》 , 1116  ,  9.7
《天将雄师》 , 1177  ,  9.2
《天将雄师》 , 1476  ,  8.2
《闯入者》 , 1098  ,  8.2
《恶棍天使》 , 1343  ,  6.7
《恶棍天使》 , 1267  ,  6.4
《浪漫天降》 , 1320  ,  4.8
《万物生长》 , 1347  ,  6.2
《一路惊喜》 , 1263  ,  9.5
《简单爱》 , 1080  ,  4.7
《简单爱》 , 1085  ,  8.4
《一念天堂》 , 1194  ,  8.4
《天将雄师》 , 1123  ,  3.1
《天将雄师》 , 1188  ,  9.7
《分手再说我爱你》 , 1013  ,  5.7
《天将雄师》 , 1267  ,  6.8
《将错就错》 , 1378  ,  8.3
《破风》 , 1195  ,  5.7
《少年班》 , 1429  ,  8.8
《浪漫天降》 , 1318  ,  6.0
《将错就错》 , 1263  ,  3.7
《天将雄师》 , 1482  ,  9.1
《闯入者》 , 1406  ,  4.4
《闯入者》 , 1374  ,  3.1
《分手再说我爱你》 , 1411  ,  4.6
《失孤》 , 1098  ,  7.3
《浪漫天降》 , 1015  ,  9.0
《一路惊喜》 , 1201  ,  3.9
《既然青春留不住》 , 1447  ,  7.4
《冲上云霄》 , 1476  ,  7.1
《浪漫天降》 , 1048  ,  9.5
《恶棍天使》 , 1188  ,  9.7
《失孤》 , 1450  ,  3.1
《探灵档案》 , 1482  ,  3.1
《前任2：备胎反击战》 , 1258  ,  6.4
《最美的时候遇见你》 , 1389  ,  4.3
《恶棍天使》 , 1080  ,  5.1
《分手再说我爱你》 , 1263  ,  8.8
《坏蛋必须死》 , 1428  ,  3.7
《冲上云霄》 , 1270  ,  7.1
《坏蛋必须死》 , 1386  ,  3.7
《爱情魔发师》 , 1196  ,  9.7
《怦然星动》 , 1455  ,  3.9
《爱情魔发师》 , 1050  ,  8.2
《冲上云霄》 , 1085  ,  3.3
《天将雄师》 , 1141  ,  6.8
《恶棍天使》 , 1423  ,  7.8
《恶棍天使》 , 1240  ,  9.1
《恶棍天使》 , 1050  ,  6.4
《紫霞》 , 1031  ,  5.2
《恶棍天使》 , 1103  ,  7.9
《探灵档案》 , 1050  ,  7.0
《失孤》 , 1450  ,  3.5
《既然青春留不住》 , 1252  ,  3.1
《天将雄师》 , 1389  ,  3.7
《破风》 , 1194  ,  3.1
《冲上云霄》 , 1280  ,  6.4
《万物生长》 , 1316  ,  7.3
《简单爱》 , 1374  ,  6.1
《冲上云霄》 , 1318  ,  5.6
《简单爱》 , 1188  ,  4.5
《将错就错》 , 1311  ,  3.3
《既然青春留不住》 , 1122  ,  5.7
《冲上云霄》 , 1117  ,  6.0
《少年班》 , 1317  ,  4.9
《最美的时候遇见你》 , 1389  ,  6.2
《一念天堂》 , 1067  ,  3.5
《探灵档案》 , 1263  ,  7.4
《破风》 , 1072  ,  6.9
《爱情魔发师》 , 1159  ,  9.2
《一念天堂》 , 1293  ,  8.8
《恶棍天使》 , 1190  ,  7.3
《探灵档案》 , 1004  ,  7.1
《天将雄师》 , 1174  ,  7.4
《冲上云霄》 , 1113  ,  6.9
《前任2：备胎反击战》 , 1071  ,  6.9
《一念天堂》 , 1313  ,  8.4
《一路惊喜》 , 1176  ,  9.1
《前任2：备胎反击战》 , 1026  ,  7.9
《天将雄师》 , 1047  ,  5.7
《简单爱》 , 1037  ,  9.9
《冲上云霄》 , 1359  ,  3.9
《浪漫天降》 , 1111  ,  5.7
《一念天堂》 , 1296  ,  3.9
《最美的时候遇见你》 , 1292  ,  5.7
《爱情魔发师》 , 1004  ,  3.9
《怦然星动》 , 1386  ,  3.0
《破风》 , 1374  ,  9.7
《将错就错》 , 1067  ,  7.5
《少年班》 , 1357  ,  4.2
《前任2：备胎反击战》 , 1455  ,  4.3
《浪漫天降》 , 1267  ,  9.5
《最美的时候遇见你》 , 1057  ,  5.7
《既然青春留不住》 , 1042  ,  8.6
《失孤》 , 1059  ,  5.7
《最美的时候遇见你》 , 1028  ,  9.3
《天将雄师》 , 1075  ,  8.1
《探灵档案》 , 1004  ,  3.4
《万物生长》 , 1114  ,  4.9
《一路惊喜》 , 1104  ,  5.3
《简单爱》 , 1340  ,  5.7
《冲上云霄》 , 1235  ,  9.5
《怦然星动》 , 1407  ,  9.0
《失孤》 , 1010  ,  5.7
《冲上云霄》 , 1367  ,  6.2
《前任2：备胎反击战》 , 1218  ,  3.8
《紫霞》 , 1378  ,  3.3
《探灵档案》 , 1028  ,  7.2
《一念天堂》 , 1074  ,  7.5
《闯入者》 , 1086  ,  5.4
《冲上云霄》 , 1296  ,  4.6
《分手再说我爱你》 , 1343  ,  3.9
《坏蛋必须死》 , 1118  ,  9.3
《浪漫天降》 , 1080  ,  9.7
《万物生长》 , 1022  ,  4.1
《浪漫天降》 , 1403  ,  6.6
《失孤》 , 1180  ,  7.6
《失孤》 , 1455  ,  5.9
《最美的时候遇见你》 , 1381  ,  3.2
《浪漫天降》 , 1070  ,  9.1
《浪漫天降》 , 1042  ,  6.1
《破风》 , 1172  ,  8.7
《一路惊喜》 , 1079  ,  5.8
《恶棍天使》 , 1455  ,  8.4
《紫霞》 , 1012  ,  5.6
《恶棍天使》 , 1214  ,  4.8
《恶棍天使》 , 1047  ,  6.2
《一路惊喜》 , 1276  ,  5.3
《探灵档案》 , 1208  ,  6.8
《一路惊喜》 , 1334  ,  9.0
《破风》 , 1474  ,  6.6
《一路惊喜》 , 1444  ,  9.8
《浪漫天降》 , 1406  ,  4.8
《怦然星动》 , 1202  ,  9.5
《浪漫天降》 , 1378  ,  9.1
《浪漫天降》 , 1368  ,  4.9
《破风》 , 1070  ,  4.3
《爱情魔发师》 , 1007  ,  3.5
《冲上云霄》 , 1339  ,  7.8
《既然青春留不住》 , 1031  ,  6.4
《一念天堂》 , 1200  ,  3.8
《最美的时候遇见你》 , 1473  ,  4.9
《一念天堂》 , 1216  ,  6.0
《爱情魔发师》 , 1035  ,  6.8
《紫霞》 , 1167  ,  4.4
《怦然星动》 , 1305  ,  5.9
《闯入者》 , 1067  ,  9.1
《闯入者》 , 1190  ,  6.2
《爱情魔发师》 , 1425  ,  3.6
《一念天堂》 , 1162  ,  8.8
《恶棍天使》 , 1270  ,  9.0
《分手再说我爱你》 , 1142  ,  3.7
《紫霞》 , 1093  ,  5.3
《少年班》 , 1293  ,  4.8
《闯入者》 , 1407  ,  6.5
《一念天堂》 , 1223  ,  5.0
《紫霞》 , 1391  ,  6.6
《最美的时候遇见你》 , 1048  ,  7.0
《闯入者》 , 1125  ,  7.8
《少年班》 , 1231  ,  4.4
《冲上云霄》 , 1406  ,  6.4
《简单爱》 , 1293  ,  3.7
《闯入者》 , 1316  ,  5.0
《浪漫天降》 , 1345  ,  7.5
《简单爱》 , 1021  ,  3.8
《分手再说我爱你》 , 1001  ,  5.0
《闯入者》 , 1468  ,  3.1
《天将雄师》 , 1004  ,  9.5
《将错就错》 , 1368  ,  5.7
《浪漫天降》 , 1267  ,  7.3
《万物生长》 , 1289  ,  4.2
《闯入者》 , 1444  ,  5.1
《一念天堂》 , 1001  ,  5.8
《天将雄师》 , 1289  ,  3.1
《最美的时候遇见你》 , 1378  ,  9.5
《爱情魔发师》 , 1400  ,  9.4
《前任2：备胎反击战》 , 1012  ,  8.2
《失孤》 , 1208  ,  5.7
《前任2：备胎反击战》 , 1085  ,  4.1
《爱情魔发师》 , 1406  ,  3.8
《简单爱》 , 1283  ,  3.1
《探灵档案》 , 1476  ,  9.2
《怦然星动》 , 1418  ,  5.7
《闯入者》 , 1028  ,  4.4
《怦然星动》 , 1195  ,  3.3
《爱情魔发师》 , 1088  ,  8.5
《紫霞》 , 1007  ,  7.2
《万物生长》 , 1026  ,  9.1
《分手再说我爱你》 , 1231  ,  9.8
《怦然星动》 , 1395  ,  8.4
《少年班》 , 1225  ,  8.0
《既然青春留不住》 , 1152  ,  5.4
《冲上云霄》 , 1191  ,  5.0
《失孤》 , 1453  ,  4.4
《紫霞》 , 1208  ,  3.9
《坏蛋必须死》 , 1010  ,  8.9
《前任2：备胎反击战》 , 1174  ,  4.4
《分手再说我爱你》 , 1240  ,  4.2
《一路惊喜》 , 1025  ,  8.6
《一念天堂》 , 1423  ,  8.7
《紫霞》 , 1313  ,  4.1
《爱情魔发师》 , 1407  ,  3.9
《少年班》 , 1067  ,  7.7
《紫霞》 , 1004  ,  6.2
《浪漫天降》 , 1154  ,  7.1
《探灵档案》 , 1117  ,  3.7
《冲上云霄》 , 1102  ,  5.7
《浪漫天降》 , 1080  ,  5.3
《分手再说我爱你》 , 1048  ,  9.8
《闯入者》 , 1400  ,  7.6
《少年班》 , 1184  ,  4.4
《闯入者》 , 1152  ,  3.8
《破风》 , 1343  ,  6.9
《既然青春留不住》 , 1317  ,  4.6
《怦然星动》 , 1169  ,  5.0
《简单爱》 , 1316  ,  3.5
《将错就错》 , 1158  ,  7.2
《将错就错》 , 1110  ,  4.5
《前任2：备胎反击战》 , 1455  ,  7.9
《破风》 , 1028  ,  9.7
《将错就错》 , 1302  ,  7.8
《探灵档案》 , 1487  ,  8.7
《一路惊喜》 , 1042  ,  4.8
《既然青春留不住》 , 1263  ,  3.7
《既然青春留不住》 , 1411  ,  5.3
《既然青春留不住》 , 1360  ,  8.2
《恶棍天使》 , 1345  ,  9.7
《破风》 , 1010  ,  6.8
《既然青春留不住》 , 1418  ,  8.1
《少年班》 , 1241  ,  8.3
《浪漫天降》 , 1102  ,  5.7
《既然青春留不住》 , 1470  ,  7.9
《一念天堂》 , 1345  ,  5.3
《万物生长》 , 1139  ,  8.3
《闯入者》 , 1302  ,  6.8
《探灵档案》 , 1418  ,  4.3
《最美的时候遇见你》 , 1123  ,  7.8
《最美的时候遇见你》 , 1402  ,  6.2
《一念天堂》 , 1162  ,  7.7
《既然青春留不住》 , 1347  ,  4.5
《一路惊喜》 , 1280  ,  5.9
《分手再说我爱你》 , 1235  ,  8.3
《少年班》 , 1403  ,  3.7
《将错就错》 , 1386  ,  9.7
《一念天堂》 , 1447  ,  8.4
《分手再说我爱你》 , 1259  ,  3.1
《将错就错》 , 1209  ,  6.4
《将错就错》 , 1225  ,  4.9
《坏蛋必须死》 , 1214  ,  9.5
《坏蛋必须死》 , 1322  ,  5.9
《一路惊喜》 , 1491  ,  4.3
《最美的时候遇见你》 , 1347  ,  6.8
《爱情魔发师》 , 1225  ,  5.4
《冲上云霄》 , 1394  ,  7.2
《恶棍天使》 , 1322  ,  5.3
《天将雄师》 , 1283  ,  6.2
《爱情魔发师》 , 1226  ,  9.1
《闯入者》 , 1085  ,  5.7
《破风》 , 1381  ,  3.8
《冲上云霄》 , 1433  ,  3.7
《简单爱》 , 1444  ,  3.6
《闯入者》 , 1161  ,  9.2
《坏蛋必须死》 , 1095  ,  6.9
《简单爱》 , 1150  ,  8.9
《失孤》 , 1322  ,  7.3
《一路惊喜》 , 1340  ,  3.1
《探灵档案》 , 1141  ,  3.3
《失孤》 , 1045  ,  3.7
《怦然星动》 , 1268  ,  3.8
《恶棍天使》 , 1141  , 10.0
《失孤》 , 1004  ,  3.8
《恶棍天使》 , 1231  ,  6.0
《浪漫天降》 , 1343  ,  3.4
《一念天堂》 , 1425  ,  8.8
《前任2：备胎反击战》 , 1240  ,  5.6
《失孤》 , 1198  ,  6.8
《探灵档案》 , 1100  ,  7.2
《冲上云霄》 , 1402  ,  6.2
《一念天堂》 , 1381  ,  3.7
《破风》 , 1013  ,  9.0
《既然青春留不住》 , 1340  ,  5.7
《怦然星动》 , 1418  ,  7.0
《天将雄师》 , 1110  ,  3.9
《少年班》 , 1241  ,  5.7
《冲上云霄》 , 1487  ,  7.6
《破风》 , 1302  ,  3.2
《少年班》 , 1050  ,  3.7
《恶棍天使》 , 1013  ,  5.8
《闯入者》 , 1109  ,  7.6
《探灵档案》 , 1215  ,  4.6
《恶棍天使》 , 1291  ,  6.9
《爱情魔发师》 , 1004  ,  8.5
《前任2：备胎反击战》 , 1429  ,  4.8
《少年班》 , 1482  ,  3.2
《破风》 , 1411  ,  5.4
《分手再说我爱你》 , 1219  ,  5.6
《恶棍天使》 , 1128  ,  7.4
《破风》 , 1231  ,  3.3
《前任2：备胎反击战》 , 1050  ,  9.8
《破风》 , 1318  ,  4.1
《最美的时候遇见你》 , 1468  ,  9.2
《一念天堂》 , 1305  ,  3.9
《浪漫天降》 , 1226  ,  5.1
《将错就错》 , 1079  ,  4.9
《万物生长》 , 1377  ,  3.3
《前任2：备胎反击战》 , 1215  ,  9.7
《探灵档案》 , 1075  ,  8.8
《破风》 , 1283  ,  7.3
《分手再说我爱你》 , 1450  ,  9.3
《一路惊喜》 , 1195  ,  9.4
《一念天堂》 , 1100  ,  7.3
《万物生长》 , 1374  ,  6.6
《闯入者》 , 1067  ,  7.2
《破风》 , 1195  ,  8.3
《少年班》 , 1122  ,  5.0
《分手再说我爱你》 , 1241  ,  7.6
《坏蛋必须死》 , 1111  ,  3.8
《恶棍天使》 , 1047  ,  6.0
《分手再说我爱你》 , 1067  ,  4.9
《恶棍天使》 , 1190  ,  3.1
《既然青春留不住》 , 1122  ,  5.0
《破风》 , 1447  ,  8.5
《天将雄师》 , 1091  ,  8.2
《怦然星动》 , 1476  ,  6.8
《最美的时候遇见你》 , 1259  ,  8.7
《少年班》 , 1109  ,  6.4
《将错就错》 , 1233  ,  5.0
《天将雄师》 , 1340  ,  3.1
《探灵档案》 , 1119  ,  4.6
《万物生长》 , 1129  ,  8.2
《一路惊喜》 , 1263  ,  5.2
《最美的时候遇见你》 , 1035  ,  7.5
《万物生长》 , 1124  ,  5.4
《既然青春留不住》 , 1482  ,  9.8
《前任2：备胎反击战》 , 1316  ,  3.8
《少年班》 , 1345  ,  5.8
《万物生长》 , 1469  ,  8.6
《恶棍天使》 , 1102  ,  4.5
《最美的时候遇见你》 , 1219  ,  9.0
《少年班》 , 1050  ,  3.9
《冲上云霄》 , 1116  ,  7.2
《简单爱》 , 1172  ,  5.0
《天将雄师》 , 1418  ,  9.7
《将错就错》 , 1302  ,  5.0
《一路惊喜》 , 1021  ,  4.4
《一念天堂》 , 1317  ,  5.2
《将错就错》 , 1139  ,  9.2
《一念天堂》 , 1074  ,  8.8
《冲上云霄》 , 1200  ,  6.4
《紫霞》 , 1028  ,  3.2
《少年班》 , 1174  ,  4.1
《简单爱》 , 1400  ,  9.3
《将错就错》 , 1035  ,  3.5
《坏蛋必须死》 , 1466  ,  8.6
《少年班》 , 1012  ,  5.9
《浪漫天降》 , 1411  ,  3.4
《万物生长》 , 1293  ,  6.8
《冲上云霄》 , 1268  ,  7.2
《既然青春留不住》 , 1130  ,  3.1
《怦然星动》 , 1072  ,  3.2
《一念天堂》 , 1315  ,  3.2
《最美的时候遇见你》 , 1473  ,  3.7
《天将雄师》 , 1091  ,  4.2
《探灵档案》 , 1216  ,  3.3
《浪漫天降》 , 1343  ,  8.3
《最美的时候遇见你》 , 1124  ,  5.4
《万物生长》 , 1293  ,  6.2
《探灵档案》 , 1129  ,  4.8
《天将雄师》 , 1118  ,  5.8
《最美的时候遇见你》 , 1130  ,  5.2
《最美的时候遇见你》 , 1407  ,  4.2
《最美的时候遇见你》 , 1114  ,  5.0
《一念天堂》 , 1340  ,  7.0
《少年班》 , 1276  ,  6.6
《天将雄师》 , 1259  ,  5.3
《既然青春留不住》 , 1450  ,  3.7
《失孤》 , 1095  ,  3.1
《少年班》 , 1142  ,  5.2
《万物生长》 , 1322  ,  6.1
《闯入者》 , 1453  ,  7.6
《分手再说我爱你》 , 1456  ,  7.7
《最美的时候遇见你》 , 1385  ,  8.3
《探灵档案》 , 1124  ,  4.1
《失孤》 , 1395  ,  9.3
《怦然星动》 , 1315  ,  7.6
《坏蛋必须死》 , 1320  ,  7.5
《一念天堂》 , 1241  ,  6.9
《一路惊喜》 , 1012  ,  4.6
《天将雄师》 , 1100  ,  7.5
《简单爱》 , 1114  ,  6.6
《爱情魔发师》 , 1070  ,  9.7
《失孤》 , 1291  ,  4.6
《恶棍天使》 , 1116  ,  4.8
《少年班》 , 1014  ,  3.9
《浪漫天降》 , 1368  ,  4.8
《浪漫天降》 , 1218  ,  3.7
《既然青春留不住》 , 1488  ,  9.8
《失孤》 , 1236  ,  7.4
《坏蛋必须死》 , 1311  ,  7.0
《紫霞》 , 1374  ,  5.9
《冲上云霄》 , 1388  ,  5.0
《失孤》 , 1320  ,  9.8
《最美的时候遇见你》 , 1048  ,  7.5
《分手再说我爱你》 , 1191  ,  6.9
《一路惊喜》 , 1274  ,  9.5
《一念天堂》 , 1050  ,  3.6
《既然青春留不住》 , 1246  ,  5.1
《坏蛋必须死》 , 1226  ,  6.0
《探灵档案》 , 1095  ,  7.8
《前任2：备胎反击战》 , 1074  ,  4.2
《探灵档案》 , 1381  ,  7.6
《失孤》 , 1246  ,  3.1
《前任2：备胎反击战》 , 1150  ,  8.4
《浪漫天降》 , 1418  ,  3.9
《失孤》 , 1447  ,  4.8
《少年班》 , 1359  ,  6.2
《一路惊喜》 , 1071  ,  7.0
《冲上云霄》 , 1223  ,  8.2
《一念天堂》 , 1289  ,  3.1
《既然青春留不住》 , 1320  ,  7.0
《前任2：备胎反击战》 , 1444  ,  3.1
《将错就错》 , 1104  ,  9.1
《分手再说我爱你》 , 1104  ,  3.7
《破风》 , 1158  ,  7.9
《探灵档案》 , 1139  ,  9.7
《万物生长》 , 1240  ,  8.2
《既然青春留不住》 , 1347  ,  8.7
《将错就错》 , 1491  ,  7.2
《将错就错》 , 1091  ,  5.2
《坏蛋必须死》 , 1423  ,  8.0
《破风》 , 1079  ,  6.6
《探灵档案》 , 1488  ,  6.2
《冲上云霄》 , 1201  ,  6.8
《探灵档案》 , 1394  ,  6.9
《前任2：备胎反击战》 , 1125  ,  7.3
《万物生长》 , 1158  ,  8.2
《既然青春留不住》 , 1169  ,  9.7
《简单爱》 , 1233  , 10.0
《闯入者》 , 1116  ,  3.5
《破风》 , 1128  ,  6.0
《探灵档案》 , 1071  ,  6.2
《闯入者》 , 1474  ,  4.9
《既然青春留不住》 , 1322  ,  5.2
《一念天堂》 , 1118  ,  4.4
《一路惊喜》 , 1324  ,  9.3
《失孤》 , 1167  ,  8.7
《恶棍天使》 , 1070  ,  9.1
《怦然星动》 , 1037  ,  6.4
《紫霞》 , 1198  ,  5.7
《爱情魔发师》 , 1172  ,  4.3
《一念天堂》 , 1468  ,  6.9
《简单爱》 , 1206  ,  4.8
《一路惊喜》 , 1473  ,  6.9
《爱情魔发师》 , 1045  ,  5.1
《万物生长》 , 1418  ,  7.2
《万物生长》 , 1209  ,  7.9
《前任2：备胎反击战》 , 1258  ,  6.9
《分手再说我爱你》 , 1492  ,  4.8
《探灵档案》 , 1454  ,  9.8
《浪漫天降》 , 1313  ,  7.1
《破风》 , 1141  ,  8.4
《将错就错》 , 1113  ,  3.8
《恶棍天使》 , 1385  ,  4.2
《怦然星动》 , 1184  ,  9.5
《冲上云霄》 , 1129  ,  6.6
《既然青春留不住》 , 1491  ,  5.3
《一念天堂》 , 1491  ,  4.5
《一念天堂》 , 1031  ,  6.2
《坏蛋必须死》 , 1246  ,  5.9
《破风》 , 1158  ,  7.3
《既然青春留不住》 , 1454  ,  7.5
《紫霞》 , 1026  ,  3.6
《浪漫天降》 , 1025  ,  9.1
《闯入者》 , 1403  ,  4.8
《万物生长》 , 1289  ,  8.2
《一路惊喜》 , 1268  ,  4.4
《浪漫天降》 , 1100  ,  9.0
《将错就错》 , 1191  ,  7.8
《冲上云霄》 , 1200  ,  9.3
《少年班》 , 1095  ,  9.5
《探灵档案》 , 1141  ,  6.7
《将错就错》 , 1200  ,  4.6
《怦然星动》 , 1065  ,  5.3
《简单爱》 , 1031  ,  3.6
《闯入者》 , 1068  ,  8.3
《既然青春留不住》 , 1007  ,  6.2
《失孤》 , 1200  ,  8.4
《探灵档案》 , 1122  ,  9.4
《探灵档案》 , 1093  , 10.0
《浪漫天降》 , 1158  ,  9.4
《将错就错》 , 1174  ,  7.1
《既然青春留不住》 , 1071  ,  9.1
《爱情魔发师》 , 1246  ,  6.0
《破风》 , 1423  ,  9.5
《探灵档案》 , 1116  ,  8.2
《最美的时候遇见你》 , 1292  ,  5.3
《失孤》 , 1015  ,  3.2
《浪漫天降》 , 1111  ,  7.2
《一念天堂》 , 1159  ,  9.3
《万物生长》 , 1268  ,  9.3
《坏蛋必须死》 , 1007  ,  3.5
《简单爱》 , 1125  ,  4.4
《探灵档案》 , 1280  ,  5.4
《一念天堂》 , 1402  ,  4.5
《失孤》 , 1240  ,  7.0
《闯入者》 , 1363  ,  5.2
《一念天堂》 , 1241  ,  9.1
《紫霞》 , 1072  ,  9.8
《浪漫天降》 , 1357  ,  9.7
《天将雄师》 , 1264  ,  8.5
《怦然星动》 , 1013  ,  5.3
《既然青春留不住》 , 1378  ,  4.8
《最美的时候遇见你》 , 1122  ,  8.3
《破风》 , 1402  ,  7.2
《怦然星动》 , 1389  ,  9.2
《一路惊喜》 , 1403  ,  7.1
《最美的时候遇见你》 , 1085  ,  7.2
《爱情魔发师》 , 1305  ,  7.1
《坏蛋必须死》 , 1068  ,  9.5
《恶棍天使》 , 1367  ,  4.8
《万物生长》 , 1223  ,  3.2
《浪漫天降》 , 1177  ,  4.3
《一念天堂》 , 1059  ,  8.0
《既然青春留不住》 , 1195  ,  7.3
《恶棍天使》 , 1250  ,  4.2
《爱情魔发师》 , 1213  ,  5.7
《失孤》 , 1334  ,  6.8
《简单爱》 , 1130  ,  4.4
《爱情魔发师》 , 1119  ,  5.9
《前任2：备胎反击战》 , 1492  ,  6.4
《既然青春留不住》 , 1302  ,  8.8
《爱情魔发师》 , 1098  ,  9.2
《将错就错》 , 1482  ,  8.2
《坏蛋必须死》 , 1109  ,  6.8
《怦然星动》 , 1402  ,  4.7
《闯入者》 , 1380  ,  9.1
《闯入者》 , 1385  ,  3.5
《探灵档案》 , 1320  ,  4.3
《简单爱》 , 1468  ,  9.3
《怦然星动》 , 1079  ,  3.9
《简单爱》 , 1313  ,  6.6
《恶棍天使》 , 1340  ,  9.7
《浪漫天降》 , 1117  ,  3.0
《怦然星动》 , 1305  ,  6.2
《恶棍天使》 , 1293  ,  4.3
《既然青春留不住》 , 1150  ,  5.0
《万物生长》 , 1084  ,  5.3
《分手再说我爱你》 , 1072  ,  8.0
《坏蛋必须死》 , 1235  ,  8.6
《探灵档案》 , 1394  ,  6.2
《天将雄师》 , 1264  ,  6.8
《一路惊喜》 , 1118  ,  7.7
《分手再说我爱你》 , 1085  ,  6.6
《坏蛋必须死》 , 1219  ,  5.3
《紫霞》 , 1007  ,  5.0
《浪漫天降》 , 1491  ,  5.0
《探灵档案》 , 1102  ,  3.6
《破风》 , 1075  ,  6.6
《失孤》 , 1259  ,  3.3
《既然青春留不住》 , 1377  ,  6.1
《爱情魔发师》 , 1075  ,  3.9
《失孤》 , 1403  ,  7.2
《坏蛋必须死》 , 1123  ,  9.7
《爱情魔发师》 , 1139  ,  9.4
《简单爱》 , 1411  ,  3.5
《冲上云霄》 , 1347  ,  5.7
《天将雄师》 , 1048  ,  9.8
《少年班》 , 1389  ,  4.8
《一念天堂》 , 1425  ,  7.5
《失孤》 , 1491  ,  6.0
《紫霞》 , 1378  ,  5.0
《冲上云霄》 , 1015  ,  9.3
《破风》 , 1344  ,  8.1
《最美的时候遇见你》 , 1190  ,  3.9
《分手再说我爱你》 , 1389  ,  8.6
《最美的时候遇见你》 , 1116  ,  5.0
《少年班》 , 1104  ,  6.6
《坏蛋必须死》 , 1176  ,  8.3
《失孤》 , 1201  ,  4.8
《少年班》 , 1190  ,  3.2
《少年班》 , 1429  ,  5.0
《浪漫天降》 , 1167  ,  6.6
《怦然星动》 , 1045  ,  3.8
《紫霞》 , 1455  ,  6.2
《一路惊喜》 , 1363  ,  6.2
《探灵档案》 , 1270  ,  4.1
《少年班》 , 1045  ,  9.0
《闯入者》 , 1028  ,  6.0
《爱情魔发师》 , 1180  ,  4.2
《将错就错》 , 1050  ,  6.0
《前任2：备胎反击战》 , 1456  ,  5.7
《浪漫天降》 , 1180  ,  4.9
《将错就错》 , 1007  ,  5.8
《破风》 , 1122  ,  3.3
《少年班》 , 1050  ,  6.2
《冲上云霄》 , 1377  ,  6.4
《既然青春留不住》 , 1184  ,  5.0
《分手再说我爱你》 , 1241  ,  9.0
《简单爱》 , 1015  ,  7.4
《坏蛋必须死》 , 1359  ,  8.2
《既然青春留不住》 , 1482  ,  5.2
《浪漫天降》 , 1141  ,  9.5
《破风》 , 1311  ,  8.2
《一念天堂》 , 1025  ,  7.7
《一路惊喜》 , 1218  ,  8.6
《恶棍天使》 , 1150  ,  9.1
《紫霞》 , 1072  ,  6.0
《恶棍天使》 , 1450  ,  4.2
《闯入者》 , 1360  ,  8.8
《探灵档案》 , 1322  ,  9.1
《既然青春留不住》 , 1263  ,  7.9
《恶棍天使》 , 1188  ,  8.2
《前任2：备胎反击战》 , 1374  ,  8.9
《闯入者》 , 1482  ,  4.2
《恶棍天使》 , 1098  ,  9.8
《简单爱》 , 1462  ,  6.4
《紫霞》 , 1381  ,  9.3
《天将雄师》 , 1026  ,  9.9
《最美的时候遇见你》 , 1071  ,  3.7
《最美的时候遇见你》 , 1086  ,  7.4
《冲上云霄》 , 1344  ,  7.9
《紫霞》 , 1065  ,  9.5
《将错就错》 , 1091  ,  3.0
《既然青春留不住》 , 1313  ,  3.7
《既然青春留不住》 , 1324  ,  4.8
《既然青春留不住》 , 1258  ,  7.9
《前任2：备胎反击战》 , 1450  ,  7.7
《一念天堂》 , 1196  ,  4.6
《探灵档案》 , 1293  ,  9.3
《冲上云霄》 , 1118  ,  4.3
《少年班》 , 1109  ,  4.8
《既然青春留不住》 , 1167  ,  3.0
《将错就错》 , 1324  ,  7.1
《破风》 , 1468  ,  3.7
《最美的时候遇见你》 , 1487  ,  6.2
《浪漫天降》 , 1296  ,  3.9
《怦然星动》 , 1188  ,  6.9
《既然青春留不住》 , 1084  ,  5.2
《分手再说我爱你》 , 1057  ,  8.1
《天将雄师》 , 1250  ,  7.1
《紫霞》 , 1391  ,  9.9
《失孤》 , 1123  ,  3.6
《失孤》 , 1378  ,  6.8
《失孤》 , 1213  ,  7.6
《怦然星动》 , 1050  ,  8.2
《爱情魔发师》 , 1196  ,  4.9
《一念天堂》 , 1150  ,  3.1
《天将雄师》 , 1454  ,  8.5
《爱情魔发师》 , 1045  ,  3.7
《少年班》 , 1070  ,  5.2
《最美的时候遇见你》 , 1122  ,  9.5
《一念天堂》 , 1026  ,  4.4
《恶棍天使》 , 1048  ,  5.0
《冲上云霄》 , 1067  ,  5.8
《坏蛋必须死》 , 1357  ,  4.8
《前任2：备胎反击战》 , 1198  ,  8.2
《前任2：备胎反击战》 , 1216  ,  7.1
《恶棍天使》 , 1334  ,  6.4
《最美的时候遇见你》 , 1468  ,  8.7
《浪漫天降》 , 1007  ,  4.3
《破风》 , 1316  ,  3.7
《一路惊喜》 , 1074  ,  8.3
《分手再说我爱你》 , 1209  ,  7.0
《分手再说我爱你》 , 1316  ,  3.1
《天将雄师》 , 1499  ,  4.8
《探灵档案》 , 1456  ,  5.3
《一念天堂》 , 1360  ,  9.7
《怦然星动》 , 1095  ,  3.7
《将错就错》 , 1084  ,  6.4
《冲上云霄》 , 1084  ,  3.1
《闯入者》 , 1139  ,  6.2
《失孤》 , 1218  ,  6.4
《将错就错》 , 1067  ,  3.8
《一念天堂》 , 1180  ,  6.8
《恶棍天使》 , 1367  ,  7.1
《既然青春留不住》 , 1391  ,  3.7
《最美的时候遇见你》 , 1233  ,  8.7
《探灵档案》 , 1334  ,  5.7
《浪漫天降》 , 1174  ,  3.9
《闯入者》 , 1119  ,  6.8
《万物生长》 , 1491  ,  7.0
《浪漫天降》 , 1357  ,  7.5
《失孤》 , 1466  ,  6.5
《冲上云霄》 , 1113  ,  7.6
《爱情魔发师》 , 1492  ,  6.9
《怦然星动》 , 1280  ,  6.7
《简单爱》 , 1263  ,  7.6
《既然青春留不住》 , 1283  ,  4.8
《天将雄师》 , 1158  ,  7.1
《紫霞》 , 1492  ,  5.2
《冲上云霄》 , 1311  ,  5.6
《万物生长》 , 1444  ,  3.8
《少年班》 , 1385  ,  5.7
《爱情魔发师》 , 1074  ,  7.5
《既然青春留不住》 , 1129  ,  7.2
《失孤》 , 1317  ,  9.7
《将错就错》 , 1205  ,  3.1
《万物生长》 , 1322  ,  4.5
《闯入者》 , 1172  ,  5.7
《怦然星动》 , 1021  ,  9.4
《天将雄师》 , 1377  ,  5.7
《坏蛋必须死》 , 1395  ,  3.1
《既然青春留不住》 , 1406  ,  6.0
《探灵档案》 , 1118  ,  7.2
《失孤》 , 1139  ,  3.8
《破风》 , 1014  ,  8.2
《天将雄师》 , 1191  ,  7.2
《少年班》 , 1006  ,  9.7
《浪漫天降》 , 1122  ,  5.8
《简单爱》 , 1206  ,  5.3
《前任2：备胎反击战》 , 1292  ,  5.0
《浪漫天降》 , 1045  ,  9.4
《少年班》 , 1180  ,  6.8
《爱情魔发师》 , 1109  ,  9.4
《冲上云霄》 , 1158  ,  9.7
《怦然星动》 , 1007  ,  5.1
《失孤》 , 1102  ,  4.5
《最美的时候遇见你》 , 1425  ,  3.3
《天将雄师》 , 1004  ,  9.1
《将错就错》 , 1374  ,  5.0
《怦然星动》 , 1470  ,  9.9
《既然青春留不住》 , 1225  ,  9.0
《探灵档案》 , 1316  ,  7.2
《前任2：备胎反击战》 , 1159  ,  3.4
《探灵档案》 , 1389  ,  4.9
《破风》 , 1154  ,  8.3
《一念天堂》 , 1172  ,  9.2
《一路惊喜》 , 1317  ,  3.8
《一念天堂》 , 1200  ,  3.9
《万物生长》 , 1100  ,  9.8
《坏蛋必须死》 , 1059  ,  9.1
《探灵档案》 , 1339  ,  3.8
《破风》 , 1141  ,  5.3
《爱情魔发师》 , 1010  ,  6.8
《天将雄师》 , 1357  ,  7.7
《一路惊喜》 , 1267  ,  4.2
《恶棍天使》 , 1154  ,  6.3
《将错就错》 , 1010  ,  4.3
《一路惊喜》 , 1334  ,  6.0
《既然青春留不住》 , 1200  ,  8.8
《坏蛋必须死》 , 1486  ,  5.8
《一念天堂》 , 1047  ,  4.3
《闯入者》 , 1067  ,  3.3
《天将雄师》 , 1195  ,  3.5
《简单爱》 , 1172  ,  4.8
《最美的时候遇见你》 , 1274  ,  6.9
《前任2：备胎反击战》 , 1015  ,  8.1
《怦然星动》 , 1321  ,  6.4
《一念天堂》 , 1201  ,  6.2
《探灵档案》 , 1491  ,  3.9
《天将雄师》 , 1209  ,  5.9
《前任2：备胎反击战》 , 1216  ,  5.0
《闯入者》 , 1075  ,  4.5
《失孤》 , 1486  ,  7.6
《简单爱》 , 1006  ,  8.8
《破风》 , 1360  ,  3.1
《少年班》 , 1190  ,  7.2
《爱情魔发师》 , 1241  ,  8.6
《既然青春留不住》 , 1158  ,  6.0
《破风》 , 1345  ,  6.7
《一念天堂》 , 1035  ,  7.6
《破风》 , 1235  ,  4.5
《一念天堂》 , 1391  ,  7.2
《爱情魔发师》 , 1394  ,  3.3
《坏蛋必须死》 , 1174  ,  8.6
《最美的时候遇见你》 , 1201  ,  6.2
《坏蛋必须死》 , 1241  ,  8.0
《爱情魔发师》 , 1474  ,  5.7
《闯入者》 , 1129  ,  3.7
《探灵档案》 , 1425  ,  8.6
《紫霞》 , 1250  ,  7.5
《万物生长》 , 1447  ,  6.4
《一念天堂》 , 1109  ,  5.8
《将错就错》 , 1174  ,  6.9
《前任2：备胎反击战》 , 1296  ,  5.7
《少年班》 , 1075  ,  7.5
《冲上云霄》 , 1499  ,  7.3
《前任2：备胎反击战》 , 1216  ,  4.9
《一念天堂》 , 1320  ,  7.6
《一念天堂》 , 1423  ,  9.4
《将错就错》 , 1117  ,  6.4
《探灵档案》 , 1381  ,  4.4
《恶棍天使》 , 1407  ,  3.0
《失孤》 , 1102  ,  9.5
《前任2：备胎反击战》 , 1178  ,  4.5
《破风》 , 1468  ,  4.8
《怦然星动》 , 1316  ,  3.8
《浪漫天降》 , 1367  ,  4.4
《前任2：备胎反击战》 , 1357  ,  8.4
《前任2：备胎反击战》 , 1205  ,  4.8
《分手再说我爱你》 , 1154  ,  5.7
《紫霞》 , 1267  ,  3.7
《一路惊喜》 , 1316  ,  5.3
《冲上云霄》 , 1289  ,  9.4
《破风》 , 1313  ,  9.2
《天将雄师》 , 1293  ,  6.0
《怦然星动》 , 1386  ,  8.7
《浪漫天降》 , 1270  ,  3.6
《万物生长》 , 1141  ,  7.3
《恶棍天使》 , 1070  ,  3.2
《少年班》 , 1340  ,  3.7
《天将雄师》 , 1174  ,  3.7
《怦然星动》 , 1241  ,  9.2
《分手再说我爱你》 , 1015  ,  5.7
《爱情魔发师》 , 1487  ,  6.7
《恶棍天使》 , 1233  ,  7.2
《坏蛋必须死》 , 1455  ,  4.8
《探灵档案》 , 1104  ,  6.6
《坏蛋必须死》 , 1456  ,  7.1
《破风》 , 1344  ,  9.3
《怦然星动》 , 1487  ,  9.9
《紫霞》 , 1125  ,  4.3
《探灵档案》 , 1425  ,  8.5
《探灵档案》 , 1402  ,  7.4
《失孤》 , 1473  ,  7.9
《简单爱》 , 1318  ,  5.2
《爱情魔发师》 , 1225  ,  6.1
《简单爱》 , 1322  ,  8.3
《爱情魔发师》 , 1476  ,  6.7
《天将雄师》 , 1059  ,  8.4
《分手再说我爱你》 , 1357  ,  7.1
《既然青春留不住》 , 1482  ,  5.2
《恶棍天使》 , 1423  ,  6.9
《分手再说我爱你》 , 1218  ,  4.9
《坏蛋必须死》 , 1206  ,  3.9
《爱情魔发师》 , 1184  ,  6.2
《既然青春留不住》 , 1359  ,  3.1
《闯入者》 , 1184  ,  3.7
《爱情魔发师》 , 1374  ,  5.3
《失孤》 , 1444  ,  6.8
《失孤》 , 1048  ,  9.7
《一路惊喜》 , 1045  ,  3.6
《既然青春留不住》 , 1380  ,  6.6
《探灵档案》 , 1391  ,  3.4
《坏蛋必须死》 , 1014  ,  7.3
《探灵档案》 , 1466  ,  9.3
《天将雄师》 , 1093  ,  7.6
《紫霞》 , 1214  ,  9.4
《浪漫天降》 , 1235  ,  5.7
《坏蛋必须死》 , 1264  ,  8.5
《闯入者》 , 1280  ,  5.2
《破风》 , 1191  ,  3.6
《前任2：备胎反击战》 , 1080  ,  9.8
《少年班》 , 1152  ,  5.6
《闯入者》 , 1196  ,  4.4
《闯入者》 , 1125  ,  7.9
《一念天堂》 , 1026  ,  7.9
《天将雄师》 , 1429  ,  9.4
《少年班》 , 1455  ,  6.2
《分手再说我爱你》 , 1176  ,  7.1
《恶棍天使》 , 1122  ,  5.0
《天将雄师》 , 1377  ,  7.3
《紫霞》 , 1100  ,  4.7
《破风》 , 1072  ,  3.1
《将错就错》 , 1178  ,  9.4
《将错就错》 , 1209  ,  5.9
《最美的时候遇见你》 , 1258  ,  4.8
《最美的时候遇见你》 , 1377  ,  9.7
《失孤》 , 1086  ,  5.3
《最美的时候遇见你》 , 1015  ,  6.4
《天将雄师》 , 1444  ,  8.6
《坏蛋必须死》 , 1305  ,  6.8
《失孤》 , 1367  ,  5.6
《爱情魔发师》 , 1125  ,  8.4
《简单爱》 , 1280  ,  7.6
《将错就错》 , 1213  ,  9.8
《天将雄师》 , 1114  ,  4.3
《恶棍天使》 , 1022  ,  4.8
《万物生长》 , 1080  ,  3.0
《天将雄师》 , 1206  ,  8.8
《天将雄师》 , 1347  ,  9.8
《坏蛋必须死》 , 1161  ,  7.4
《万物生长》 , 1391  ,  9.5
《冲上云霄》 , 1188  ,  7.5
《闯入者》 , 1259  ,  5.9
《一路惊喜》 , 1013  ,  4.3
《天将雄师》 , 1103  ,  8.6
《坏蛋必须死》 , 1184  ,  4.5
《一念天堂》 , 1194  ,  8.1
《探灵档案》 , 1178  ,  3.4
《探灵档案》 , 1130  ,  5.0
《破风》 , 1296  ,  3.8
《一路惊喜》 , 1411  ,  4.3
《探灵档案》 , 1084  ,  6.2
《前任2：备胎反击战》 , 1241  ,  6.2
《紫霞》 , 1074  ,  9.5
《恶棍天使》 , 1363  ,  8.5
《前任2：备胎反击战》 , 1042  ,  7.0
《少年班》 , 1407  ,  6.7
《恶棍天使》 , 1381  ,  3.3
《前任2：备胎反击战》 , 1075  ,  7.2
《前任2：备胎反击战》 , 1454  ,  8.6
《将错就错》 , 1065  ,  7.9
《简单爱》 , 1180  ,  3.9
《爱情魔发师》 , 1407  ,  3.8
《少年班》 , 1322  ,  5.3
《简单爱》 , 1206  ,  3.7
《一念天堂》 , 1195  ,  9.9
《失孤》 , 1084  ,  6.6
《将错就错》 , 1321  ,  3.6
《将错就错》 , 1411  ,  3.7
《将错就错》 , 1252  ,  4.9
《一路惊喜》 , 1400  ,  5.6
《少年班》 , 1075  ,  3.9
《闯入者》 , 1114  ,  9.4
《万物生长》 , 1473  ,  7.6
《将错就错》 , 1128  ,  3.6
《冲上云霄》 , 1118  ,  4.2
《恶棍天使》 , 1291  ,  8.4
《怦然星动》 , 1403  ,  9.2
《分手再说我爱你》 , 1276  ,  7.2
《万物生长》 , 1444  ,  9.2
《浪漫天降》 , 1218  ,  9.7
《浪漫天降》 , 1122  ,  6.2
《简单爱》 , 1088  ,  4.3
《一路惊喜》 , 1117  ,  9.5
《将错就错》 , 1191  ,  9.1
《爱情魔发师》 , 1283  ,  4.4
《少年班》 , 1184  ,  9.7
《前任2：备胎反击战》 , 1010  ,  8.2
《浪漫天降》 , 1215  ,  7.7
《破风》 , 1158  ,  4.7
《恶棍天使》 , 1004  ,  4.5
《一路惊喜》 , 1223  ,  5.1
《前任2：备胎反击战》 , 1119  ,  4.3
《恶棍天使》 , 1177  ,  8.7
《分手再说我爱你》 , 1340  ,  6.3
《分手再说我爱你》 , 1456  ,  7.2
《坏蛋必须死》 , 1045  ,  6.4
《分手再说我爱你》 , 1216  ,  8.2
《破风》 , 1218  ,  9.0
《将错就错》 , 1075  ,  9.1
《少年班》 , 1305  ,  8.2
《恶棍天使》 , 1400  ,  6.3
《分手再说我爱你》 , 1367  ,  8.6
《爱情魔发师》 , 1122  ,  6.8
《最美的时候遇见你》 , 1456  ,  9.1
《简单爱》 , 1324  ,  3.7
《探灵档案》 , 1079  ,  6.2
《少年班》 , 1113  ,  8.7
《失孤》 , 1202  ,  7.8
《一路惊喜》 , 1402  ,  3.3
《冲上云霄》 , 1402  ,  6.0
《紫霞》 , 1010  ,  5.2
《最美的时候遇见你》 , 1130  ,  5.0
《一念天堂》 , 1200  ,  8.7
《失孤》 , 1154  ,  8.2
《失孤》 , 1455  ,  7.6
《怦然星动》 , 1194  ,  3.1
《浪漫天降》 , 1395  ,  3.9
《冲上云霄》 , 1176  ,  9.7
《冲上云霄》 , 1080  ,  6.0
《万物生长》 , 1386  ,  7.9
《恶棍天使》 , 1450  ,  6.8
《天将雄师》 , 1172  ,  4.6
《怦然星动》 , 1218  ,  9.0
《冲上云霄》 , 1482  ,  9.2
《浪漫天降》 , 1317  ,  5.6
《简单爱》 , 1141  ,  6.8
《失孤》 , 1195  ,  9.2
《冲上云霄》 , 1378  ,  6.8
《最美的时候遇见你》 , 1124  ,  6.0
《浪漫天降》 , 1084  ,  9.1
《少年班》 , 1123  ,  5.6
《简单爱》 , 1347  ,  3.7
《一念天堂》 , 1161  ,  3.1
《万物生长》 , 1117  ,  3.1
《最美的时候遇见你》 , 1007  ,  8.2
《闯入者》 , 1012  ,  6.1
《浪漫天降》 , 1169  ,  4.4
《坏蛋必须死》 , 1178  ,  5.3
《怦然星动》 , 1202  ,  5.2
《前任2：备胎反击战》 , 1235  ,  8.4
《少年班》 , 1037  ,  6.9
《浪漫天降》 , 1403  ,  5.7
《爱情魔发师》 , 1469  ,  5.3
《探灵档案》 , 1236  ,  5.4
《分手再说我爱你》 , 1380  ,  8.2
《少年班》 , 1004  ,  3.7
《分手再说我爱你》 , 1158  ,  6.8
《恶棍天使》 , 1340  ,  3.5
《失孤》 , 1048  ,  3.8
《冲上云霄》 , 1075  ,  3.1
《天将雄师》 , 1339  ,  4.3
《怦然星动》 , 1428  ,  9.3
《怦然星动》 , 1128  ,  7.2
《怦然星动》 , 1293  ,  4.8
《将错就错》 , 1378  ,  5.0
《怦然星动》 , 1037  ,  9.4
《天将雄师》 , 1124  ,  8.8
《天将雄师》 , 1377  ,  9.5
《探灵档案》 , 1095  ,  8.5
《天将雄师》 , 1318  ,  6.9
《最美的时候遇见你》 , 1345  ,  6.4
《失孤》 , 1116  ,  5.7
《最美的时候遇见你》 , 1499  ,  4.5
《怦然星动》 , 1378  ,  6.8
《恶棍天使》 , 1482  ,  9.1
《既然青春留不住》 , 1360  ,  3.3
《探灵档案》 , 1161  ,  8.6
《万物生长》 , 1109  ,  7.6
《最美的时候遇见你》 , 1214  ,  8.3
《一念天堂》 , 1359  ,  3.7
《最美的时候遇见你》 , 1240  ,  8.6
《闯入者》 , 1172  ,  5.0
《简单爱》 , 1403  ,  3.2
《简单爱》 , 1378  ,  4.4
《破风》 , 1360  ,  4.8
《破风》 , 1264  ,  7.5
《坏蛋必须死》 , 1223  ,  3.9
《爱情魔发师》 , 1291  ,  5.6
《万物生长》 , 1116  ,  8.0
《恶棍天使》 , 1176  ,  4.3
《紫霞》 , 1172  ,  5.3
《爱情魔发师》 , 1104  ,  8.8
《怦然星动》 , 1321  ,  5.6
《闯入者》 , 1429  ,  9.5
《将错就错》 , 1129  ,  8.5
《闯入者》 , 1313  ,  7.6
《恶棍天使》 , 1240  ,  8.2
《少年班》 , 1311  ,  6.9
《前任2：备胎反击战》 , 1289  ,  7.1
《一念天堂》 , 1236  ,  7.8
《少年班》 , 1010  ,  7.2
《破风》 , 1280  ,  9.1
《少年班》 , 1363  ,  3.9
《爱情魔发师》 , 1042  ,  7.2
《少年班》 , 1317  ,  7.2
《分手再说我爱你》 , 1178  ,  8.8
《恶棍天使》 , 1015  ,  6.2
《坏蛋必须死》 , 1454  ,  3.1
《万物生长》 , 1374  ,  8.2
《闯入者》 , 1026  ,  4.5
《紫霞》 , 1128  ,  7.7
《既然青春留不住》 , 1178  ,  6.7
《浪漫天降》 , 1086  ,  7.0
《简单爱》 , 1191  ,  6.2
《浪漫天降》 , 1389  ,  9.0
《冲上云霄》 , 1190  ,  9.1
《闯入者》 , 1305  ,  8.8
《爱情魔发师》 , 1021  ,  6.0
《最美的时候遇见你》 , 1470  ,  3.7
《探灵档案》 , 1423  ,  6.2
《一路惊喜》 , 1102  ,  5.1
《坏蛋必须死》 , 1468  ,  8.3
《既然青春留不住》 , 1296  ,  8.3
《失孤》 , 1141  ,  3.7
《恶棍天使》 , 1122  ,  5.2
《最美的时候遇见你》 , 1428  ,  3.7
《坏蛋必须死》 , 1468  ,  5.2
《一念天堂》 , 1268  ,  5.3
《冲上云霄》 , 1007  ,  4.2
《紫霞》 , 1198  ,  3.1
《闯入者》 , 1202  ,  9.3
《一路惊喜》 , 1267  ,  4.5
《恶棍天使》 , 1026  ,  3.3
《万物生长》 , 1130  ,  6.0
《坏蛋必须死》 , 1482  ,  6.5
《探灵档案》 , 1363  ,  7.5
《失孤》 , 1124  ,  5.9
《一路惊喜》 , 1014  ,  5.1
《将错就错》 , 1324  ,  4.4
《爱情魔发师》 , 1274  ,  8.6
《一念天堂》 , 1447  ,  3.7
《坏蛋必须死》 , 1231  ,  9.8
《紫霞》 , 1209  ,  5.7
《将错就错》 , 1320  ,  9.1
《一路惊喜》 , 1406  ,  6.0
《坏蛋必须死》 , 1315  ,  9.0
《浪漫天降》 , 1322  ,  4.4
《爱情魔发师》 , 1456  ,  3.0
《少年班》 , 1218  ,  9.7
《一路惊喜》 , 1470  ,  6.0
《失孤》 , 1385  ,  8.3
《既然青春留不住》 , 1180  ,  3.1
《爱情魔发师》 , 1386  ,  9.7
《最美的时候遇见你》 , 1226  ,  6.6
《怦然星动》 , 1343  ,  4.8
《将错就错》 , 1226  ,  3.6
《闯入者》 , 1473  ,  6.6
《破风》 , 1159  ,  4.4
《失孤》 , 1283  ,  6.0
《最美的时候遇见你》 , 1031  ,  3.1
《一念天堂》 , 1198  ,  4.8
《紫霞》 , 1386  ,  7.8
《天将雄师》 , 1047  ,  4.9
《将错就错》 , 1200  ,  9.4
《恶棍天使》 , 1142  ,  8.8
《少年班》 , 1141  ,  5.9
《破风》 , 1444  ,  6.4
《坏蛋必须死》 , 1095  ,  4.4
《少年班》 , 1291  ,  7.0
《坏蛋必须死》 , 1276  ,  8.7
《冲上云霄》 , 1482  ,  7.6
《爱情魔发师》 , 1283  ,  3.7
《前任2：备胎反击战》 , 1218  ,  7.5
《坏蛋必须死》 , 1213  ,  3.2
《简单爱》 , 1068  ,  6.2
《怦然星动》 , 1315  ,  3.1
《既然青春留不住》 , 1259  ,  7.4
《浪漫天降》 , 1454  ,  3.6
《破风》 , 1205  ,  6.4
《天将雄师》 , 1233  ,  4.6
《分手再说我爱你》 , 1139  ,  5.9
《最美的时候遇见你》 , 1357  ,  4.9
《既然青春留不住》 , 1334  ,  5.0
《万物生长》 , 1274  ,  3.1
《破风》 , 1289  ,  7.2
《既然青春留不住》 , 1444  ,  9.3
《坏蛋必须死》 , 1205  ,  3.2
《将错就错》 , 1454  ,  6.8
《万物生长》 , 1487  ,  4.4
《将错就错》 , 1072  ,  6.0
《爱情魔发师》 , 1293  ,  8.1
《破风》 , 1293  ,  6.6
《分手再说我爱你》 , 1198  ,  4.5
《万物生长》 , 1391  ,  8.2
《万物生长》 , 1377  ,  8.8
《分手再说我爱你》 , 1425  ,  6.9
《天将雄师》 , 1389  ,  3.1
《将错就错》 , 1444  ,  3.0
《探灵档案》 , 1400  ,  5.8
《紫霞》 , 1246  ,  3.6
《浪漫天降》 , 1209  ,  5.7
《探灵档案》 , 1013  ,  3.6
《冲上云霄》 , 1110  ,  4.1
《一念天堂》 , 1363  ,  9.8
《简单爱》 , 1347  ,  4.4
《既然青春留不住》 , 1231  ,  9.1
《恶棍天使》 , 1158  ,  7.5
《简单爱》 , 1122  ,  7.0
《怦然星动》 , 1117  ,  4.1
《一路惊喜》 , 1031  ,  7.2
《闯入者》 , 1400  ,  9.5
《紫霞》 , 1231  ,  6.0
《怦然星动》 , 1453  ,  4.4
《简单爱》 , 1208  ,  3.9
《坏蛋必须死》 , 1169  ,  5.2
《一路惊喜》 , 1195  ,  8.7
《最美的时候遇见你》 , 1293  ,  7.4
《爱情魔发师》 , 1026  ,  3.4
《紫霞》 , 1072  ,  3.7
《天将雄师》 , 1119  ,  5.0
《闯入者》 , 1079  ,  4.1
《天将雄师》 , 1313  ,  3.6
《万物生长》 , 1201  ,  5.9
《探灵档案》 , 1150  ,  8.7
《坏蛋必须死》 , 1292  ,  4.4
《恶棍天使》 , 1200  ,  3.0
《冲上云霄》 , 1274  ,  4.9
《分手再说我爱你》 , 1428  ,  6.4
《失孤》 , 1344  ,  3.1
《紫霞》 , 1080  ,  9.7
《一念天堂》 , 1075  ,  9.2
《闯入者》 , 1411  ,  7.1
《紫霞》 , 1071  ,  5.2
《将错就错》 , 1093  ,  7.2
《一路惊喜》 , 1122  ,  6.4
《天将雄师》 , 1205  ,  7.2
《既然青春留不住》 , 1246  ,  8.8
《一路惊喜》 , 1321  ,  5.7
《紫霞》 , 1433  ,  7.2
《恶棍天使》 , 1280  ,  7.6
《破风》 , 1035  ,  7.2
《最美的时候遇见你》 , 1385  ,  4.5
《浪漫天降》 , 1263  ,  4.1
《将错就错》 , 1250  ,  6.2
《失孤》 , 1321  ,  7.3
《冲上云霄》 , 1191  ,  9.1
《破风》 , 1184  ,  9.0
《怦然星动》 , 1093  ,  5.4
《少年班》 , 1263  ,  6.2
《紫霞》 , 1091  ,  5.8
《爱情魔发师》 , 1172  ,  6.2
《浪漫天降》 , 1231  ,  8.2
《紫霞》 , 1360  ,  5.6
《探灵档案》 , 1098  ,  8.4
《既然青春留不住》 , 1013  ,  6.0
《浪漫天降》 , 1013  ,  4.7
《天将雄师》 , 1406  ,  3.7
《闯入者》 , 1037  ,  9.3
《冲上云霄》 , 1093  ,  6.4
《坏蛋必须死》 , 1074  ,  8.4
《闯入者》 , 1466  ,  5.7
《前任2：备胎反击战》 , 1010  ,  8.8
《最美的时候遇见你》 , 1130  ,  7.0
《少年班》 , 1194  ,  6.9
《前任2：备胎反击战》 , 1124  ,  5.2
《将错就错》 , 1395  ,  6.0
《失孤》 , 1037  ,  5.0
《简单爱》 , 1447  ,  8.2
《破风》 , 1381  ,  9.0
《恶棍天使》 , 1470  ,  9.1
《爱情魔发师》 , 1150  ,  6.8
《冲上云霄》 , 1491  ,  6.3
《冲上云霄》 , 1122  ,  8.7
《恶棍天使》 , 1004  ,  4.8
《紫霞》 , 1067  ,  4.9
《紫霞》 , 1407  ,  4.4
《闯入者》 , 1093  ,  3.7
《既然青春留不住》 , 1381  ,  3.1
《将错就错》 , 1075  ,  5.2
《前任2：备胎反击战》 , 1486  ,  8.2
《失孤》 , 1059  ,  4.8
《前任2：备胎反击战》 , 1225  ,  5.2
《恶棍天使》 , 1184  ,  5.3
《闯入者》 , 1110  ,  5.2
《少年班》 , 1347  ,  4.2
《浪漫天降》 , 1403  ,  4.4
《冲上云霄》 , 1037  ,  8.1
《冲上云霄》 , 1236  ,  9.2
《探灵档案》 , 1468  ,  8.2
《万物生长》 , 1191  ,  6.3
《最美的时候遇见你》 , 1252  ,  6.2
《前任2：备胎反击战》 , 1178  ,  8.1
《一念天堂》 , 1093  ,  5.3
《天将雄师》 , 1215  ,  6.8
《坏蛋必须死》 , 1391  ,  3.7
《失孤》 , 1395  ,  3.7
《爱情魔发师》 , 1050  ,  7.6
《怦然星动》 , 1067  ,  9.2
《天将雄师》 , 1264  ,  3.8
《浪漫天降》 , 1079  ,  7.2
《探灵档案》 , 1283  ,  9.3
《一念天堂》 , 1093  ,  4.4
《一念天堂》 , 1274  ,  3.7
《分手再说我爱你》 , 1360  ,  4.1
《分手再说我爱你》 , 1334  ,  9.3
《浪漫天降》 , 1263  ,  7.1
《冲上云霄》 , 1074  ,  7.9
《一念天堂》 , 1085  ,  8.9
《万物生长》 , 1205  ,  6.1
《万物生长》 , 1381  ,  3.9
《浪漫天降》 , 1031  ,  5.3
《既然青春留不住》 , 1218  ,  7.4
《分手再说我爱你》 , 1233  ,  3.4
《简单爱》 , 1385  ,  8.2
《将错就错》 , 1296  ,  9.1
《破风》 , 1152  ,  4.4
《紫霞》 , 1252  ,  4.5
《天将雄师》 , 1455  ,  7.2
《万物生长》 , 1080  ,  8.8
《失孤》 , 1070  ,  9.3
《简单爱》 , 1215  ,  7.3
《一路惊喜》 , 1305  ,  7.2
《坏蛋必须死》 , 1184  ,  6.6
《破风》 , 1070  ,  7.1
《将错就错》 , 1122  ,  3.2
《一路惊喜》 , 1169  ,  5.9
《破风》 , 1474  ,  6.3
《前任2：备胎反击战》 , 1423  ,  3.3
《探灵档案》 , 1159  ,  7.2
《最美的时候遇见你》 , 1215  ,  9.5
《怦然星动》 , 1172  ,  9.1
《爱情魔发师》 , 1114  ,  3.6
《紫霞》 , 1130  ,  3.1
《将错就错》 , 1280  ,  6.2
《失孤》 , 1340  ,  7.6
《将错就错》 , 1109  ,  8.3
《紫霞》 , 1006  ,  3.0
《既然青春留不住》 , 1118  ,  3.2
《简单爱》 , 1074  ,  9.1
《一路惊喜》 , 1280  ,  8.8
《万物生长》 , 1322  ,  5.3
《探灵档案》 , 1233  ,  5.3
《怦然星动》 , 1402  ,  3.9
《坏蛋必须死》 , 1065  ,  3.1
《破风》 , 1159  ,  6.7
《万物生长》 , 1252  ,  6.7
《闯入者》 , 1252  ,  8.3
《既然青春留不住》 , 1010  ,  6.2
《既然青春留不住》 , 1236  ,  7.8
《一念天堂》 , 1339  ,  3.1
《最美的时候遇见你》 , 1263  ,  6.4
《失孤》 , 1188  ,  8.3
《既然青春留不住》 , 1209  ,  6.7
《破风》 , 1110  ,  7.5
《一念天堂》 , 1159  ,  3.4
《最美的时候遇见你》 , 1048  ,  4.8
《前任2：备胎反击战》 , 1072  ,  6.5
《一路惊喜》 , 1391  ,  7.6
《冲上云霄》 , 1274  ,  8.6
《少年班》 , 1322  ,  5.2
《怦然星动》 , 1276  ,  6.4
《既然青春留不住》 , 1400  ,  7.2
《探灵档案》 , 1374  ,  6.3
《冲上云霄》 , 1455  ,  8.3
《一路惊喜》 , 1015  ,  3.7
《天将雄师》 , 1296  ,  5.2
《爱情魔发师》 , 1116  ,  6.1
《怦然星动》 , 1201  ,  8.2
《爱情魔发师》 , 1468  ,  3.8
《一路惊喜》 , 1086  ,  6.2
《天将雄师》 , 1324  ,  9.1
《冲上云霄》 , 1152  ,  5.7
《万物生长》 , 1386  ,  9.1
《简单爱》 , 1476  ,  8.3
《爱情魔发师》 , 1122  ,  4.7
《冲上云霄》 , 1499  ,  9.0
《冲上云霄》 , 1065  ,  8.4
《爱情魔发师》 , 1177  ,  4.4
《探灵档案》 , 1111  ,  9.0
《万物生长》 , 1291  ,  7.1
《探灵档案》 , 1276  ,  3.9
《简单爱》 , 1007  ,  8.3
《坏蛋必须死》 , 1180  ,  4.8
《天将雄师》 , 1264  ,  6.9
《简单爱》 , 1411  ,  6.6
《少年班》 , 1476  ,  7.9
《天将雄师》 , 1154  ,  4.2
《前任2：备胎反击战》 , 1456  ,  5.3
《探灵档案》 , 1469  ,  5.6
《怦然星动》 , 1296  ,  8.8
《简单爱》 , 1218  ,  4.3
《前任2：备胎反击战》 , 1385  ,  3.9
《天将雄师》 , 1114  ,  4.2
《破风》 , 1406  ,  4.2
《既然青春留不住》 , 1367  ,  3.3
《一路惊喜》 , 1388  ,  5.9
《紫霞》 , 1075  ,  8.4
《前任2：备胎反击战》 , 1491  ,  4.7
《一路惊喜》 , 1047  ,  7.9
《探灵档案》 , 1291  ,  9.4
《万物生长》 , 1142  ,  9.5
《恶棍天使》 , 1233  ,  5.7
《破风》 , 1213  ,  3.7
《恶棍天使》 , 1252  ,  9.3
《探灵档案》 , 1456  ,  7.2
《天将雄师》 , 1453  ,  9.8
《破风》 , 1128  ,  6.2
《天将雄师》 , 1070  ,  7.8
《万物生长》 , 1386  ,  8.2
《怦然星动》 , 1236  ,  4.8
《一路惊喜》 , 1488  ,  9.2
《探灵档案》 , 1158  ,  3.3
《简单爱》 , 1200  ,  7.0
《最美的时候遇见你》 , 1206  ,  7.3
《分手再说我爱你》 , 1488  ,  8.7
《既然青春留不住》 , 1205  ,  3.1
《一路惊喜》 , 1263  ,  4.2
《一路惊喜》 , 1098  ,  5.7
《万物生长》 , 1113  ,  5.3
《冲上云霄》 , 1191  ,  3.6
《前任2：备胎反击战》 , 1200  ,  3.4
《将错就错》 , 1391  ,  5.3
《怦然星动》 , 1086  ,  4.6
《破风》 , 1263  ,  6.1
《闯入者》 , 1276  ,  3.9
《失孤》 , 1123  ,  4.2
《破风》 , 1259  ,  4.4
《冲上云霄》 , 1013  ,  3.9
《简单爱》 , 1473  ,  8.8
《恶棍天使》 , 1022  ,  8.8
《最美的时候遇见你》 , 1474  ,  7.7
《失孤》 , 1302  ,  4.7
《破风》 , 1161  ,  8.1
《既然青春留不住》 , 1468  ,  4.3
《天将雄师》 , 1276  ,  7.9
《爱情魔发师》 , 1400  ,  9.1
《最美的时候遇见你》 , 1487  ,  4.5
《破风》 , 1079  ,  8.2
《将错就错》 , 1014  ,  3.7
《紫霞》 , 1124  ,  5.0
《坏蛋必须死》 , 1167  ,  9.9
《冲上云霄》 , 1450  ,  6.6
《万物生长》 , 1177  ,  3.8
《最美的时候遇见你》 , 1118  ,  9.0
《前任2：备胎反击战》 , 1213  ,  6.9
《前任2：备胎反击战》 , 1263  ,  5.2
《紫霞》 , 1169  ,  5.0
《怦然星动》 , 1406  ,  4.9
《将错就错》 , 1025  ,  5.7
《浪漫天降》 , 1313  ,  9.3
《万物生长》 , 1001  ,  6.2
《一念天堂》 , 1111  ,  3.9
《紫霞》 , 1476  ,  5.2
《一念天堂》 , 1320  ,  8.6
《怦然星动》 , 1302  ,  7.2
《紫霞》 , 1075  ,  3.1
《最美的时候遇见你》 , 1065  ,  4.4
《冲上云霄》 , 1176  ,  7.2
《探灵档案》 , 1117  ,  9.8
《坏蛋必须死》 , 1125  ,  9.3
《怦然星动》 , 1093  ,  3.7
《紫霞》 , 1176  ,  7.2
《天将雄师》 , 1214  ,  6.2
《一念天堂》 , 1235  ,  4.5
《简单爱》 , 1219  ,  7.8
《闯入者》 , 1014  ,  9.4
《分手再说我爱你》 , 1154  ,  5.7
《天将雄师》 , 1012  ,  4.8
《紫霞》 , 1305  ,  4.5
《怦然星动》 , 1267  ,  6.6
《一念天堂》 , 1195  ,  7.1
《破风》 , 1395  ,  8.2
《最美的时候遇见你》 , 1476  ,  7.1
《失孤》 , 1095  ,  6.8
《浪漫天降》 , 1119  ,  4.6
《天将雄师》 , 1091  ,  7.4
《简单爱》 , 1403  ,  5.7
《浪漫天降》 , 1425  ,  4.7
《天将雄师》 , 1014  ,  5.3
《冲上云霄》 , 1363  ,  8.7
《探灵档案》 , 1236  ,  7.5
《简单爱》 , 1320  ,  3.7
《少年班》 , 1174  ,  8.3
《一念天堂》 , 1492  ,  5.8
《失孤》 , 1028  ,  9.8
《将错就错》 , 1159  ,  4.8
《前任2：备胎反击战》 , 1334  ,  5.7
《破风》 , 1161  ,  8.8
《恶棍天使》 , 1429  ,  9.8
《前任2：备胎反击战》 , 1048  ,  3.8
《天将雄师》 , 1468  ,  6.7
《万物生长》 , 1466  ,  9.5
《浪漫天降》 , 1280  ,  3.1
《天将雄师》 , 1214  ,  9.5
《怦然星动》 , 1117  ,  6.0
《浪漫天降》 , 1340  ,  7.4
《恶棍天使》 , 1206  ,  8.8
《一路惊喜》 , 1103  ,  9.5
《简单爱》 , 1274  ,  7.7
《少年班》 , 1226  ,  5.7
《爱情魔发师》 , 1363  ,  5.9
《简单爱》 , 1428  ,  3.6
《既然青春留不住》 , 1363  ,  8.3
《破风》 , 1321  ,  5.3
《将错就错》 , 1208  ,  5.0
《紫霞》 , 1013  ,  7.8
《简单爱》 , 1418  ,  4.1
《万物生长》 , 1191  ,  7.8
《冲上云霄》 , 1004  ,  4.5
《天将雄师》 , 1194  ,  3.6
《一路惊喜》 , 1339  ,  8.1
《天将雄师》 , 1292  ,  8.4
《坏蛋必须死》 , 1026  ,  3.7
《探灵档案》 , 1302  ,  3.7
《一念天堂》 , 1021  ,  8.8
《失孤》 , 1274  ,  3.7
《一念天堂》 , 1400  ,  6.2
《最美的时候遇见你》 , 1093  ,  7.8
《简单爱》 , 1195  ,  5.4
《万物生长》 , 1250  ,  3.5
《失孤》 , 1259  ,  3.7
《失孤》 , 1022  ,  4.5
《天将雄师》 , 1095  ,  6.2
《探灵档案》 , 1403  ,  6.4
《万物生长》 , 1334  ,  8.3
《浪漫天降》 , 1213  ,  6.2
《失孤》 , 1296  ,  8.8
《既然青春留不住》 , 1345  ,  9.3
《最美的时候遇见你》 , 1388  ,  9.1
《最美的时候遇见你》 , 1045  ,  4.2
《既然青春留不住》 , 1321  ,  5.0
《紫霞》 , 1021  ,  5.3
《最美的时候遇见你》 , 1317  ,  6.5
《少年班》 , 1367  ,  3.9
《闯入者》 , 1208  ,  6.3
《怦然星动》 , 1080  ,  9.5
《一念天堂》 , 1067  ,  8.5
《简单爱》 , 1433  ,  4.9
《紫霞》 , 1080  ,  6.2
《浪漫天降》 , 1086  ,  8.7
《分手再说我爱你》 , 1059  ,  4.3
《一路惊喜》 , 1161  ,  6.5
《前任2：备胎反击战》 , 1391  ,  4.4
《万物生长》 , 1363  ,  7.3
《最美的时候遇见你》 , 1048  ,  4.9
《破风》 , 1270  ,  9.0
《怦然星动》 , 1470  ,  8.7
《分手再说我爱你》 , 1172  ,  8.6
《万物生长》 , 1462  ,  8.6
《分手再说我爱你》 , 1428  ,  7.2
《坏蛋必须死》 , 1433  ,  4.5
《天将雄师》 , 1381  ,  7.8
《闯入者》 , 1091  ,  7.2
《一路惊喜》 , 1317  ,  3.9
《一念天堂》 , 1093  ,  4.2
《怦然星动》 , 1150  ,  5.7
《恶棍天使》 , 1035  ,  5.2
《前任2：备胎反击战》 , 1407  ,  4.5
《失孤》 , 1276  ,  3.7
《既然青春留不住》 , 1117  ,  7.5
《冲上云霄》 , 1347  ,  8.3
《天将雄师》 , 1400  ,  5.7
《一路惊喜》 , 1235  ,  3.4
《一念天堂》 , 1315  ,  3.1
《恶棍天使》 , 1280  ,  6.2
《万物生长》 , 1347  ,  7.8
《失孤》 , 1119  ,  6.0
《闯入者》 , 1270  ,  9.1
《一念天堂》 , 1006  ,  9.1
《一路惊喜》 , 1340  ,  5.0
《将错就错》 , 1274  ,  3.1
《万物生长》 , 1141  ,  3.7
《既然青春留不住》 , 1318  ,  8.2
《破风》 , 1388  ,  3.3
《分手再说我爱你》 , 1075  ,  7.8
《万物生长》 , 1048  ,  8.7
《简单爱》 , 1110  ,  4.4
《天将雄师》 , 1473  ,  3.9
《冲上云霄》 , 1021  ,  9.5
《一路惊喜》 , 1042  ,  4.3
《浪漫天降》 , 1048  ,  8.4
《万物生长》 , 1191  ,  9.3
《天将雄师》 , 1455  ,  8.8
《坏蛋必须死》 , 1057  ,  7.6
《将错就错》 , 1334  ,  3.6
《前任2：备胎反击战》 , 1213  ,  7.2
《坏蛋必须死》 , 1344  ,  5.0
《分手再说我爱你》 , 1454  ,  7.7
《探灵档案》 , 1447  ,  8.7
《将错就错》 , 1377  ,  8.2
《少年班》 , 1406  ,  8.7
《坏蛋必须死》 , 1013  ,  7.2
《前任2：备胎反击战》 , 1391  ,  7.2
《少年班》 , 1305  ,  3.8
《前任2：备胎反击战》 , 1154  ,  5.9
《紫霞》 , 1453  ,  5.0
《既然青春留不住》 , 1079  ,  3.1
《浪漫天降》 , 1357  ,  3.7
《坏蛋必须死》 , 1122  ,  9.8
《冲上云霄》 , 1324  ,  7.9
《怦然星动》 , 1088  ,  3.1
《既然青春留不住》 , 1129  ,  4.5
《恶棍天使》 , 1322  ,  7.2
《少年班》 , 1098  ,  4.9
《破风》 , 1322  ,  3.2
《前任2：备胎反击战》 , 1386  ,  7.4
《爱情魔发师》 , 1407  ,  3.1
《少年班》 , 1021  ,  4.5
《失孤》 , 1042  ,  7.7
《浪漫天降》 , 1334  ,  7.2
《恶棍天使》 , 1482  ,  8.5
《怦然星动》 , 1252  ,  6.4
《一路惊喜》 , 1418  ,  5.0
《万物生长》 , 1123  ,  4.4
《万物生长》 , 1322  ,  6.4
《一路惊喜》 , 1241  ,  9.1
《一路惊喜》 , 1406  ,  3.8
《失孤》 , 1022  ,  5.7
《恶棍天使》 , 1258  ,  3.9
《少年班》 , 1311  ,  6.1
《万物生长》 , 1068  ,  7.4
《既然青春留不住》 , 1293  ,  5.3
《简单爱》 , 1321  ,  3.1
《怦然星动》 , 1313  ,  5.0
《破风》 , 1125  ,  3.1
《浪漫天降》 , 1313  ,  3.7
《简单爱》 , 1169  ,  7.2
《天将雄师》 , 1116  ,  5.8
《分手再说我爱你》 , 1403  ,  8.2
《简单爱》 , 1305  ,  5.6
《破风》 , 1213  ,  7.4
《爱情魔发师》 , 1344  ,  4.5
《浪漫天降》 , 1252  ,  4.5
《怦然星动》 , 1022  ,  5.1
《坏蛋必须死》 , 1363  ,  4.5
《爱情魔发师》 , 1456  ,  3.4
《冲上云霄》 , 1250  ,  6.4
《闯入者》 , 1162  ,  5.7
《最美的时候遇见你》 , 1482  ,  3.6
《简单爱》 , 1098  ,  9.5
《分手再说我爱你》 , 1378  ,  8.2
《一念天堂》 , 1492  ,  8.5
《探灵档案》 , 1202  ,  3.1
《简单爱》 , 1174  ,  6.0
《既然青春留不住》 , 1158  ,  7.2
《坏蛋必须死》 , 1130  ,  7.0
《将错就错》 , 1252  ,  5.6
《最美的时候遇见你》 , 1001  ,  5.2
《分手再说我爱你》 , 1268  ,  5.7
《天将雄师》 , 1343  ,  7.2
《紫霞》 , 1487  ,  3.8
《少年班》 , 1236  ,  7.6
《紫霞》 , 1195  ,  5.3
《将错就错》 , 1225  ,  7.2
《爱情魔发师》 , 1359  ,  3.7
《前任2：备胎反击战》 , 1316  ,  6.7
《简单爱》 , 1468  ,  5.0
《一念天堂》 , 1080  ,  6.1
《最美的时候遇见你》 , 1456  ,  7.2
《爱情魔发师》 , 1158  ,  4.8
《万物生长》 , 1125  ,  3.7
《恶棍天使》 , 1468  ,  5.0
《冲上云霄》 , 1447  ,  7.3
《坏蛋必须死》 , 1324  ,  5.3
《恶棍天使》 , 1283  ,  4.2
《一念天堂》 , 1085  ,  7.2
《将错就错》 , 1418  ,  4.3
《将错就错》 , 1218  ,  8.8
《简单爱》 , 1302  ,  8.7
《既然青春留不住》 , 1334  ,  7.3
《最美的时候遇见你》 , 1324  ,  4.4
《失孤》 , 1453  ,  8.9
《怦然星动》 , 1162  ,  8.3
《怦然星动》 , 1191  ,  9.1
《浪漫天降》 , 1400  ,  6.4
《一路惊喜》 , 1305  ,  6.4
《一路惊喜》 , 1283  ,  5.9
《浪漫天降》 , 1188  ,  6.4
《失孤》 , 1324  ,  5.0
《冲上云霄》 , 1453  ,  6.4
《将错就错》 , 1236  ,  4.9
《万物生长》 , 1322  ,  8.2
《破风》 , 1359  ,  3.7
《前任2：备胎反击战》 , 1128  ,  6.0
《探灵档案》 , 1110  ,  4.8
《失孤》 , 1343  ,  6.0
《失孤》 , 1080  ,  5.6
《万物生长》 , 1169  ,  3.8
《探灵档案》 , 1389  ,  8.8
《少年班》 , 1084  ,  3.2
《前任2：备胎反击战》 , 1259  ,  9.3
《破风》 , 1476  ,  6.5
《前任2：备胎反击战》 , 1177  ,  3.9
《浪漫天降》 , 1280  ,  6.0
《既然青春留不住》 , 1007  ,  9.3
《前任2：备胎反击战》 , 1291  ,  3.8
《万物生长》 , 1274  ,  9.7
《万物生长》 , 1028  ,  8.7
《简单爱》 , 1095  ,  8.4
《探灵档案》 , 1252  ,  9.8
《分手再说我爱你》 , 1270  ,  6.4
《少年班》 , 1194  ,  8.5
《少年班》 , 1111  ,  3.9
《将错就错》 , 1344  ,  4.9
《将错就错》 , 1363  ,  5.7
《既然青春留不住》 , 1123  ,  6.2
《闯入者》 , 1324  ,  5.9
《怦然星动》 , 1334  ,  7.2
《前任2：备胎反击战》 , 1117  ,  3.9
《探灵档案》 , 1114  ,  9.1
《失孤》 , 1161  ,  8.3
《万物生长》 , 1231  ,  5.2
《将错就错》 , 1357  ,  3.1
《一路惊喜》 , 1377  ,  4.4
《既然青春留不住》 , 1118  ,  8.8
《少年班》 , 1274  ,  8.2
《闯入者》 , 1258  ,  3.9
《最美的时候遇见你》 , 1141  ,  9.2
《怦然星动》 , 1074  ,  8.8
《天将雄师》 , 1246  ,  6.4
《简单爱》 , 1176  ,  5.6
《前任2：备胎反击战》 , 1080  ,  4.1
《怦然星动》 , 1065  ,  4.2
《浪漫天降》 , 1124  ,  9.3
《分手再说我爱你》 , 1455  ,  4.4
《既然青春留不住》 , 1425  ,  9.5
《怦然星动》 , 1429  ,  6.0
《分手再说我爱你》 , 1324  ,  8.6
《冲上云霄》 , 1454  ,  3.9
《简单爱》 , 1259  ,  5.2
《闯入者》 , 1388  ,  6.0
《冲上云霄》 , 1378  ,  6.2
《紫霞》 , 1021  ,  9.3
《将错就错》 , 1110  ,  7.6
《浪漫天降》 , 1065  ,  3.2
《前任2：备胎反击战》 , 1499  ,  3.7
《怦然星动》 , 1246  ,  4.5
《万物生长》 , 1367  ,  8.7
《闯入者》 , 1246  ,  3.2
《少年班》 , 1177  ,  6.2
《万物生长》 , 1321  ,  8.8
《恶棍天使》 , 1252  ,  9.8
《浪漫天降》 , 1394  ,  4.4
《紫霞》 , 1377  ,  4.3
《坏蛋必须死》 , 1162  ,  4.6
《坏蛋必须死》 , 1313  ,  9.8
《紫霞》 , 1080  ,  5.3
《紫霞》 , 1425  ,  3.6
《浪漫天降》 , 1177  ,  8.5
《紫霞》 , 1014  ,  3.5
《探灵档案》 , 1152  ,  8.4
《怦然星动》 , 1447  ,  4.4
《最美的时候遇见你》 , 1318  ,  4.2
《破风》 , 1071  ,  5.3
《既然青春留不住》 , 1142  ,  7.6
《坏蛋必须死》 , 1225  ,  6.0
《一路惊喜》 , 1202  ,  6.2
《天将雄师》 , 1129  ,  4.7
《将错就错》 , 1395  ,  9.2
《怦然星动》 , 1321  ,  9.5
《坏蛋必须死》 , 1226  ,  8.8
《天将雄师》 , 1098  ,  5.3
《分手再说我爱你》 , 1264  ,  8.4
《将错就错》 , 1013  ,  9.7
《闯入者》 , 1125  ,  6.1
《爱情魔发师》 , 1085  ,  9.4
《最美的时候遇见你》 , 1231  ,  7.6
《爱情魔发师》 , 1010  ,  5.0
《分手再说我爱你》 , 1469  ,  5.1
《一路惊喜》 , 1072  ,  6.8
《分手再说我爱你》 , 1246  ,  8.8
《少年班》 , 1378  ,  6.2
《分手再说我爱你》 , 1188  ,  4.5
《少年班》 , 1283  ,  7.2
《浪漫天降》 , 1259  ,  3.6
《失孤》 , 1059  ,  8.2
《一路惊喜》 , 1246  ,  3.9
《一路惊喜》 , 1359  ,  3.1
《失孤》 , 1198  ,  6.4
《恶棍天使》 , 1407  ,  8.6
《闯入者》 , 1059  ,  9.8
《冲上云霄》 , 1321  ,  5.0
《探灵档案》 , 1347  ,  4.8
《前任2：备胎反击战》 , 1368  ,  3.3
《既然青春留不住》 , 1368  ,  6.5
《坏蛋必须死》 , 1236  ,  4.6
《万物生长》 , 1150  ,  5.3
《一念天堂》 , 1240  ,  3.0
《分手再说我爱你》 , 1071  ,  6.2
《一路惊喜》 , 1218  ,  4.3
《浪漫天降》 , 1386  ,  4.4
《分手再说我爱你》 , 1071  ,  6.2
《前任2：备胎反击战》 , 1180  ,  8.1
《一路惊喜》 , 1141  ,  7.6
《既然青春留不住》 , 1347  ,  8.2
《一念天堂》 , 1177  ,  3.6
《冲上云霄》 , 1231  ,  5.6
《万物生长》 , 1316  ,  5.2
《闯入者》 , 1276  ,  9.5
《简单爱》 , 1395  ,  9.5
《冲上云霄》 , 1315  ,  9.3
《冲上云霄》 , 1075  ,  4.8
《将错就错》 , 1088  ,  6.8
《将错就错》 , 1462  ,  3.8
《前任2：备胎反击战》 , 1014  ,  6.8
《爱情魔发师》 , 1462  ,  9.7
《少年班》 , 1406  ,  3.4
《恶棍天使》 , 1425  ,  8.2
《浪漫天降》 , 1104  ,  4.4
《既然青春留不住》 , 1444  ,  8.4
《坏蛋必须死》 , 1088  ,  7.4
《前任2：备胎反击战》 , 1124  ,  9.0
《最美的时候遇见你》 , 1218  ,  6.8
《既然青春留不住》 , 1386  ,  5.7
《冲上云霄》 , 1109  ,  9.7
《少年班》 , 1225  ,  6.9
《恶棍天使》 , 1324  ,  4.6
《天将雄师》 , 1231  ,  8.7
《最美的时候遇见你》 , 1258  ,  4.5
《爱情魔发师》 , 1302  ,  7.5
《前任2：备胎反击战》 , 1252  ,  5.0
《探灵档案》 , 1258  ,  4.4
《天将雄师》 , 1014  ,  6.9
《冲上云霄》 , 1315  ,  7.5
《紫霞》 , 1130  ,  9.1
《怦然星动》 , 1357  ,  3.9
《万物生长》 , 1455  ,  6.5
《坏蛋必须死》 , 1071  ,  7.9
《分手再说我爱你》 , 1219  ,  9.1
《将错就错》 , 1117  ,  3.1
《分手再说我爱你》 , 1071  ,  3.0
《一路惊喜》 , 1380  ,  6.8
《爱情魔发师》 , 1305  ,  3.0
《万物生长》 , 1377  ,  5.7
《坏蛋必须死》 , 1119  ,  6.1
《既然青春留不住》 , 1454  ,  3.7
《爱情魔发师》 , 1159  ,  9.3
《探灵档案》 , 1074  ,  6.2
《一路惊喜》 , 1380  ,  4.2
《万物生长》 , 1004  ,  5.3
《探灵档案》 , 1022  ,  3.1
《失孤》 , 1280  ,  8.2
《天将雄师》 , 1468  ,  3.9
《恶棍天使》 , 1428  ,  5.6
《分手再说我爱你》 , 1386  ,  5.6
《爱情魔发师》 , 1250  ,  9.5
《将错就错》 , 1201  ,  9.4
《冲上云霄》 , 1250  ,  7.0
《少年班》 , 1091  ,  5.9
《少年班》 , 1321  ,  9.5
《破风》 , 1447  ,  3.1
《爱情魔发师》 , 1486  ,  9.3
《紫霞》 , 1215  ,  6.2
《将错就错》 , 1347  ,  3.7
《紫霞》 , 1026  ,  8.7
《恶棍天使》 , 1268  ,  8.7
《最美的时候遇见你》 , 1021  ,  3.4
《既然青春留不住》 , 1388  ,  4.8
《将错就错》 , 1200  ,  8.3
《分手再说我爱你》 , 1071  ,  5.7
《闯入者》 , 1274  ,  4.2
《失孤》 , 1450  ,  5.9
《探灵档案》 , 1407  ,  9.1
《怦然星动》 , 1152  ,  9.7
《一路惊喜》 , 1280  ,  8.4
《天将雄师》 , 1162  ,  6.3
《破风》 , 1454  ,  5.3
《一路惊喜》 , 1447  ,  3.3
《破风》 , 1161  ,  5.6
《坏蛋必须死》 , 1022  ,  4.9
《少年班》 , 1317  ,  8.8
《一路惊喜》 , 1264  ,  5.3
《最美的时候遇见你》 , 1122  ,  9.8
《将错就错》 , 1258  ,  3.9
《一路惊喜》 , 1450  ,  5.1
《分手再说我爱你》 , 1270  ,  6.2
《闯入者》 , 1188  ,  9.5
《万物生长》 , 1473  ,  5.9
《分手再说我爱你》 , 1334  ,  4.2
《简单爱》 , 1313  ,  7.2
《简单爱》 , 1007  ,  5.3
《少年班》 , 1374  ,  3.0
《简单爱》 , 1180  ,  9.7
《少年班》 , 1263  ,  9.1
《冲上云霄》 , 1429  ,  8.6
《既然青春留不住》 , 1201  ,  6.2
《坏蛋必须死》 , 1291  ,  5.3
《紫霞》 , 1292  ,  9.1
《闯入者》 , 1447  ,  6.8
《恶棍天使》 , 1110  ,  7.2
《分手再说我爱你》 , 1215  ,  3.0
《少年班》 , 1045  ,  5.7
《既然青春留不住》 , 1045  ,  3.2
《冲上云霄》 , 1202  ,  5.8
《万物生长》 , 1454  ,  4.9
《紫霞》 , 1139  ,  5.9
《冲上云霄》 , 1059  ,  3.2
《天将雄师》 , 1102  ,  9.4
《天将雄师》 , 1389  ,  3.4
《少年班》 , 1268  ,  5.0
《万物生长》 , 1218  ,  8.6
《既然青春留不住》 , 1252  ,  5.6
《冲上云霄》 , 1219  ,  5.7
《将错就错》 , 1059  ,  3.9
《闯入者》 , 1324  ,  4.8
《破风》 , 1280  ,  5.3
《坏蛋必须死》 , 1128  ,  5.3
《爱情魔发师》 , 1324  ,  4.1
《万物生长》 , 1293  ,  5.2
《失孤》 , 1455  ,  8.2
《探灵档案》 , 1395  ,  4.3
《简单爱》 , 1499  ,  8.0
《浪漫天降》 , 1013  ,  7.5
《简单爱》 , 1152  ,  3.1
《少年班》 , 1124  ,  7.0
《简单爱》 , 1377  ,  3.3
《万物生长》 , 1007  ,  8.6
《一路惊喜》 , 1218  ,  6.9
《简单爱》 , 1177  ,  7.3
《分手再说我爱你》 , 1001  , 10.0
《最美的时候遇见你》 , 1274  ,  7.2
《紫霞》 , 1468  ,  3.9
《失孤》 , 1433  ,  5.7
《既然青春留不住》 , 1289  ,  7.2
《分手再说我爱你》 , 1470  ,  9.5
《探灵档案》 , 1456  ,  3.8
《简单爱》 , 1028  ,  3.9
《恶棍天使》 , 1250  ,  4.8
《失孤》 , 1007  ,  3.1
《恶棍天使》 , 1216  ,  4.4
《闯入者》 , 1226  ,  5.2
《闯入者》 , 1270  ,  3.7
《一念天堂》 , 1177  ,  3.9
《天将雄师》 , 1162  ,  9.7
《爱情魔发师》 , 1317  ,  5.7
《浪漫天降》 , 1315  ,  6.1
《闯入者》 , 1225  ,  3.8
《少年班》 , 1462  ,  9.1
《闯入者》 , 1169  ,  5.3
《最美的时候遇见你》 , 1088  ,  5.9
《浪漫天降》 , 1270  ,  5.2
《万物生长》 , 1006  ,  7.3
《一念天堂》 , 1114  ,  8.2
《最美的时候遇见你》 , 1454  ,  4.4
《将错就错》 , 1385  ,  3.4
《坏蛋必须死》 , 1206  ,  6.9
《破风》 , 1394  ,  3.4
《坏蛋必须死》 , 1225  ,  4.3
《一念天堂》 , 1200  ,  6.1
《既然青春留不住》 , 1080  ,  7.2
《失孤》 , 1425  ,  8.8
《怦然星动》 , 1042  ,  9.2
《简单爱》 , 1241  ,  8.7
《一念天堂》 , 1428  ,  3.5
《紫霞》 , 1184  ,  6.2
《一路惊喜》 , 1161  ,  5.7
《前任2：备胎反击战》 , 1195  ,  4.8
《闯入者》 , 1158  ,  5.3
《天将雄师》 , 1025  ,  6.2
《坏蛋必须死》 , 1109  ,  5.7
《一念天堂》 , 1128  ,  7.2
《浪漫天降》 , 1455  ,  6.4
《万物生长》 , 1080  ,  3.3
《爱情魔发师》 , 1119  ,  9.7
《既然青春留不住》 , 1406  ,  6.4
《爱情魔发师》 , 1293  ,  7.1
《最美的时候遇见你》 , 1206  ,  7.2
《一路惊喜》 , 1093  ,  5.7
《简单爱》 , 1219  ,  7.3
《前任2：备胎反击战》 , 1079  ,  6.7
《将错就错》 , 1400  ,  7.9
《怦然星动》 , 1402  ,  9.7
《一念天堂》 , 1357  ,  8.8
《少年班》 , 1296  ,  3.6
《坏蛋必须死》 , 1050  ,  9.9
《怦然星动》 , 1395  ,  7.2
《闯入者》 , 1291  ,  8.4
《浪漫天降》 , 1252  ,  6.2
《前任2：备胎反击战》 , 1086  ,  4.2
《怦然星动》 , 1429  ,  7.5
《怦然星动》 , 1104  ,  4.4
《冲上云霄》 , 1159  ,  7.2
《简单爱》 , 1190  ,  3.7
《前任2：备胎反击战》 , 1117  ,  6.8
《爱情魔发师》 , 1491  ,  4.2
《失孤》 , 1252  ,  9.8
《恶棍天使》 , 1321  ,  6.9
《浪漫天降》 , 1388  ,  5.3
《分手再说我爱你》 , 1075  ,  4.5
《坏蛋必须死》 , 1091  ,  9.5
《失孤》 , 1425  ,  9.2
《冲上云霄》 , 1411  ,  8.2
《一路惊喜》 , 1391  ,  9.5
《爱情魔发师》 , 1381  ,  9.5
《将错就错》 , 1423  ,  9.5
《一路惊喜》 , 1219  ,  7.0
《探灵档案》 , 1444  ,  4.5
《怦然星动》 , 1250  ,  4.8
《将错就错》 , 1289  ,  4.5
《冲上云霄》 , 1474  ,  7.3
《怦然星动》 , 1316  ,  4.4
《少年班》 , 1177  ,  3.4
《闯入者》 , 1021  ,  7.5
《坏蛋必须死》 , 1047  ,  9.8
《简单爱》 , 1128  ,  7.7
《前任2：备胎反击战》 , 1462  ,  3.9
《万物生长》 , 1088  ,  5.2
《浪漫天降》 , 1022  ,  8.3
《爱情魔发师》 , 1109  ,  7.0
《少年班》 , 1021  ,  9.7
《一路惊喜》 , 1216  ,  6.2
《紫霞》 , 1071  ,  5.3
《爱情魔发师》 , 1476  ,  6.2
《最美的时候遇见你》 , 1012  ,  3.1
《既然青春留不住》 , 1311  ,  5.2
《怦然星动》 , 1035  ,  8.5
《浪漫天降》 , 1425  ,  6.5
《将错就错》 , 1154  ,  5.7
《失孤》 , 1022  ,  7.2
《冲上云霄》 , 1114  ,  8.5
《浪漫天降》 , 1079  ,  4.8
《将错就错》 , 1259  ,  6.4
《浪漫天降》 , 1241  ,  6.6
《简单爱》 , 1317  ,  8.0
《紫霞》 , 1231  ,  9.1
《浪漫天降》 , 1195  ,  7.3
《闯入者》 , 1236  ,  4.7
《一念天堂》 , 1455  ,  4.4
《分手再说我爱你》 , 1159  ,  7.9
《最美的时候遇见你》 , 1015  ,  6.0
《前任2：备胎反击战》 , 1012  ,  6.0
《浪漫天降》 , 1125  ,  3.7
《失孤》 , 1091  ,  7.2
《万物生长》 , 1213  ,  4.4
《探灵档案》 , 1403  ,  7.6
《万物生长》 , 1231  ,  3.9
《万物生长》 , 1454  ,  9.5
《少年班》 , 1428  ,  8.9
《既然青春留不住》 , 1070  ,  8.8
《怦然星动》 , 1216  ,  8.0
《坏蛋必须死》 , 1037  ,  9.4
《紫霞》 , 1456  ,  5.2
《紫霞》 , 1067  ,  6.7
《冲上云霄》 , 1057  ,  7.8
《怦然星动》 , 1233  ,  8.3
《一路惊喜》 , 1037  ,  4.9
《失孤》 , 1178  ,  8.2
《闯入者》 , 1176  ,  8.5
《将错就错》 , 1065  ,  9.1
《浪漫天降》 , 1377  ,  8.2
《一路惊喜》 , 1264  ,  4.2
《恶棍天使》 , 1113  ,  6.5
《爱情魔发师》 , 1321  ,  6.2
《闯入者》 , 1289  ,  9.0
《一念天堂》 , 1184  ,  3.8
《既然青春留不住》 , 1241  ,  5.7
《简单爱》 , 1177  ,  4.5
《万物生长》 , 1103  ,  8.2
《浪漫天降》 , 1119  ,  4.6
《失孤》 , 1258  ,  9.1
《探灵档案》 , 1402  ,  4.2
《坏蛋必须死》 , 1074  ,  7.2
《既然青春留不住》 , 1123  ,  4.8
《将错就错》 , 1400  ,  4.6
《万物生长》 , 1001  ,  9.4
《少年班》 , 1013  ,  3.3
《前任2：备胎反击战》 , 1088  ,  5.7
《前任2：备胎反击战》 , 1031  ,  7.2
《紫霞》 , 1447  ,  5.1
《坏蛋必须死》 , 1283  ,  4.6
《浪漫天降》 , 1492  ,  3.1
《一念天堂》 , 1118  ,  9.1
《简单爱》 , 1385  ,  7.2
《天将雄师》 , 1433  ,  3.7
《万物生长》 , 1129  ,  7.0
《恶棍天使》 , 1340  ,  3.7
《探灵档案》 , 1113  ,  3.9
《前任2：备胎反击战》 , 1194  ,  7.3
《破风》 , 1367  ,  8.2
《一念天堂》 , 1368  ,  3.2
《将错就错》 , 1200  ,  3.9
《爱情魔发师》 , 1103  ,  4.2
《探灵档案》 , 1200  ,  4.5
《失孤》 , 1111  ,  4.2
《前任2：备胎反击战》 , 1154  ,  6.8
《冲上云霄》 , 1360  ,  4.5
《一路惊喜》 , 1418  ,  5.2
《天将雄师》 , 1085  ,  7.3
《破风》 , 1084  ,  7.2
《爱情魔发师》 , 1316  ,  6.3
《浪漫天降》 , 1125  ,  8.8
《一路惊喜》 , 1385  ,  4.2
《最美的时候遇见你》 , 1013  ,  7.3
《一念天堂》 , 1022  ,  3.0
《天将雄师》 , 1236  ,  8.2
《前任2：备胎反击战》 , 1235  ,  7.7
《闯入者》 , 1499  ,  6.1
《少年班》 , 1104  ,  7.2
《爱情魔发师》 , 1305  ,  4.8
《探灵档案》 , 1072  ,  5.2
《坏蛋必须死》 , 1469  ,  4.8
《怦然星动》 , 1316  ,  5.9
《一路惊喜》 , 1111  ,  8.0
《爱情魔发师》 , 1296  ,  7.6
《浪漫天降》 , 1195  ,  9.3
《将错就错》 , 1188  ,  3.9
《恶棍天使》 , 1476  ,  3.2
《闯入者》 , 1208  ,  5.9
《最美的时候遇见你》 , 1045  ,  6.2
《少年班》 , 1407  ,  5.3
《爱情魔发师》 , 1119  ,  6.9
《前任2：备胎反击战》 , 1462  ,  3.7
《前任2：备胎反击战》 , 1476  ,  9.5
《少年班》 , 1119  ,  5.7
《一念天堂》 , 1456  ,  4.2
《紫霞》 , 1305  ,  5.8
《破风》 , 1196  ,  4.1
《探灵档案》 , 1042  ,  7.0
《破风》 , 1305  ,  6.9
《简单爱》 , 1433  ,  8.2
《分手再说我爱你》 , 1214  ,  8.4
《闯入者》 , 1070  ,  6.5
《浪漫天降》 , 1129  ,  8.5
《冲上云霄》 , 1213  ,  4.1
《紫霞》 , 1378  ,  9.5
《冲上云霄》 , 1263  ,  3.2
《最美的时候遇见你》 , 1225  ,  9.3
《紫霞》 , 1394  ,  4.2
《紫霞》 , 1283  ,  7.3
《恶棍天使》 , 1159  ,  9.5
《闯入者》 , 1025  ,  7.0
《分手再说我爱你》 , 1205  ,  3.7
《怦然星动》 , 1345  ,  7.6
《怦然星动》 , 1098  ,  9.5
《爱情魔发师》 , 1010  ,  3.1
《破风》 , 1084  ,  4.2
《探灵档案》 , 1311  ,  5.7
《怦然星动》 , 1084  ,  5.4
《一路惊喜》 , 1363  ,  7.2
《前任2：备胎反击战》 , 1084  ,  6.0
《既然青春留不住》 , 1292  ,  9.1
《既然青春留不住》 , 1400  ,  9.5
《将错就错》 , 1492  ,  6.3
《失孤》 , 1057  ,  5.7
《万物生长》 , 1246  ,  7.6
《将错就错》 , 1122  ,  9.5
《坏蛋必须死》 , 1216  ,  8.8
《前任2：备胎反击战》 , 1045  ,  3.1
《紫霞》 , 1067  ,  7.6
《前任2：备胎反击战》 , 1322  ,  7.4
《万物生长》 , 1292  ,  5.3
《万物生长》 , 1492  ,  4.3
《少年班》 , 1381  ,  5.3
《坏蛋必须死》 , 1109  ,  5.9
《既然青春留不住》 , 1374  ,  8.8
《最美的时候遇见你》 , 1321  ,  3.0
《最美的时候遇见你》 , 1231  ,  5.7
《坏蛋必须死》 , 1359  ,  5.8
《一路惊喜》 , 1311  ,  6.4
《分手再说我爱你》 , 1305  ,  9.1
《简单爱》 , 1411  ,  4.1
《闯入者》 , 1444  ,  5.7
《失孤》 , 1110  ,  8.2
《冲上云霄》 , 1084  ,  8.9
《少年班》 , 1233  ,  7.6
《怦然星动》 , 1015  ,  5.8
《简单爱》 , 1274  ,  3.9
《将错就错》 , 1418  ,  4.4
《前任2：备胎反击战》 , 1236  ,  4.4
《浪漫天降》 , 1045  ,  9.2
《万物生长》 , 1086  ,  7.4
《坏蛋必须死》 , 1174  ,  9.7
《最美的时候遇见你》 , 1389  ,  3.7
《天将雄师》 , 1071  ,  6.2
《最美的时候遇见你》 , 1391  ,  3.9
《最美的时候遇见你》 , 1154  ,  3.9
《爱情魔发师》 , 1267  ,  3.9
《简单爱》 , 1125  ,  3.7
《最美的时候遇见你》 , 1068  ,  6.4
《怦然星动》 , 1374  ,  4.8
《怦然星动》 , 1110  ,  8.2
《简单爱》 , 1068  ,  7.0
《万物生长》 , 1259  ,  5.3
《冲上云霄》 , 1130  ,  4.8
《冲上云霄》 , 1429  ,  8.8
《探灵档案》 , 1233  ,  4.4
《最美的时候遇见你》 , 1491  ,  7.1
《爱情魔发师》 , 1214  ,  7.3
《失孤》 , 1174  ,  9.1
《一路惊喜》 , 1139  ,  4.8
《浪漫天降》 , 1209  ,  5.7
《怦然星动》 , 1091  ,  8.2
《紫霞》 , 1236  ,  6.4
《冲上云霄》 , 1167  ,  9.5
《天将雄师》 , 1456  ,  8.2
《浪漫天降》 , 1418  ,  4.2
《坏蛋必须死》 , 1206  ,  3.7
《天将雄师》 , 1150  ,  6.9
《紫霞》 , 1468  ,  4.3
《爱情魔发师》 , 1010  ,  3.1
《恶棍天使》 , 1013  ,  6.4
《怦然星动》 , 1263  ,  4.9
《冲上云霄》 , 1317  ,  5.3
《前任2：备胎反击战》 , 1276  ,  6.9
《简单爱》 , 1340  ,  4.8
《探灵档案》 , 1263  ,  4.3
《天将雄师》 , 1367  ,  4.8
《最美的时候遇见你》 , 1174  ,  4.6
《最美的时候遇见你》 , 1324  ,  3.2
《将错就错》 , 1423  ,  5.4
《最美的时候遇见你》 , 1159  ,  8.4
《探灵档案》 , 1395  ,  7.5
《破风》 , 1334  , 10.0
《既然青春留不住》 , 1324  ,  5.0
《天将雄师》 , 1004  ,  3.9
《简单爱》 , 1141  ,  4.7
《一念天堂》 , 1047  ,  7.3
《最美的时候遇见你》 , 1378  ,  8.7
《一路惊喜》 , 1174  ,  4.3
《冲上云霄》 , 1334  ,  9.2
《破风》 , 1124  ,  6.5
《一路惊喜》 , 1486  ,  6.6
《破风》 , 1400  ,  9.8
《一念天堂》 , 1274  ,  3.8
《坏蛋必须死》 , 1084  ,  3.9
《探灵档案》 , 1113  ,  6.1
《探灵档案》 , 1473  ,  4.8
《分手再说我爱你》 , 1152  ,  3.7
《冲上云霄》 , 1167  ,  7.9
《怦然星动》 , 1141  ,  6.4
《最美的时候遇见你》 , 1022  ,  8.8
《破风》 , 1213  ,  4.8
《一路惊喜》 , 1313  ,  8.6
《探灵档案》 , 1433  ,  4.1
《简单爱》 , 1492  ,  4.2
《破风》 , 1322  ,  9.1
《冲上云霄》 , 1407  ,  9.2
《既然青春留不住》 , 1015  ,  8.1
《既然青春留不住》 , 1200  ,  8.5
《紫霞》 , 1388  ,  6.0
《爱情魔发师》 , 1015  ,  3.3
《破风》 , 1276  ,  6.8
《分手再说我爱你》 , 1334  ,  4.4
《一路惊喜》 , 1259  ,  4.4
《浪漫天降》 , 1340  ,  7.2
《紫霞》 , 1344  ,  3.7
《探灵档案》 , 1250  ,  9.7
《分手再说我爱你》 , 1252  ,  5.7
《一路惊喜》 , 1468  ,  7.6
《前任2：备胎反击战》 , 1169  ,  8.7
《最美的时候遇见你》 , 1050  ,  5.3
《一念天堂》 , 1216  ,  3.7
《冲上云霄》 , 1213  ,  9.5
《既然青春留不住》 , 1225  ,  9.1
《前任2：备胎反击战》 , 1177  ,  3.9
《少年班》 , 1102  ,  5.9
《恶棍天使》 , 1450  ,  7.2
《天将雄师》 , 1368  ,  5.0
《怦然星动》 , 1296  ,  3.7
《天将雄师》 , 1235  ,  8.7
《少年班》 , 1201  ,  9.1
《前任2：备胎反击战》 , 1252  ,  3.9
《失孤》 , 1270  ,  8.4
《将错就错》 , 1150  ,  3.7
《前任2：备胎反击战》 , 1071  ,  4.8
《最美的时候遇见你》 , 1124  ,  6.7
《前任2：备胎反击战》 , 1117  ,  3.9
《最美的时候遇见你》 , 1057  ,  4.2
《最美的时候遇见你》 , 1305  ,  8.0
《破风》 , 1162  ,  3.3
《简单爱》 , 1482  ,  4.4
《怦然星动》 , 1425  ,  3.7
《前任2：备胎反击战》 , 1065  ,  7.5
《闯入者》 , 1205  ,  6.0
《少年班》 , 1059  ,  3.1
《最美的时候遇见你》 , 1026  ,  6.0
《冲上云霄》 , 1159  ,  6.5
《失孤》 , 1117  ,  9.7
《怦然星动》 , 1206  ,  5.3
《少年班》 , 1122  ,  8.8
《失孤》 , 1103  ,  3.9
《既然青春留不住》 , 1302  ,  4.5
《破风》 , 1110  ,  7.3
《紫霞》 , 1280  ,  8.3
《一念天堂》 , 1470  ,  8.0
《分手再说我爱你》 , 1359  ,  4.5
《冲上云霄》 , 1159  ,  4.2
《破风》 , 1492  ,  7.2
《坏蛋必须死》 , 1231  ,  8.5
《前任2：备胎反击战》 , 1267  ,  3.5
《最美的时候遇见你》 , 1313  ,  7.1
《一念天堂》 , 1321  ,  9.3
《简单爱》 , 1264  ,  9.9
《分手再说我爱你》 , 1428  ,  4.8
《简单爱》 , 1130  ,  4.2
《探灵档案》 , 1079  ,  9.2
《破风》 , 1072  ,  3.6
《既然青春留不住》 , 1469  ,  7.0
《将错就错》 , 1035  ,  4.4
《恶棍天使》 , 1104  ,  8.8
《浪漫天降》 , 1109  ,  7.2
《浪漫天降》 , 1021  ,  9.8
《坏蛋必须死》 , 1113  ,  7.8
《简单爱》 , 1130  ,  5.7
《爱情魔发师》 , 1050  ,  3.1
《最美的时候遇见你》 , 1191  ,  4.3
《将错就错》 , 1250  ,  3.2
《将错就错》 , 1177  ,  6.9
《既然青春留不住》 , 1454  ,  9.3
《恶棍天使》 , 1453  ,  7.1
《紫霞》 , 1233  ,  5.0
《爱情魔发师》 , 1429  ,  3.9
《前任2：备胎反击战》 , 1071  ,  4.2
《少年班》 , 1322  ,  4.4
《少年班》 , 1305  ,  3.5
《恶棍天使》 , 1492  ,  6.8
《前任2：备胎反击战》 , 1128  ,  7.3
《探灵档案》 , 1315  ,  7.8
《前任2：备胎反击战》 , 1072  ,  9.1
《恶棍天使》 , 1113  ,  8.6
《坏蛋必须死》 , 1012  ,  9.8
《怦然星动》 , 1218  ,  5.0
《冲上云霄》 , 1091  ,  8.6
《冲上云霄》 , 1374  ,  7.2
《天将雄师》 , 1084  ,  4.6
《简单爱》 , 1381  ,  6.9
《失孤》 , 1128  ,  5.2
《万物生长》 , 1098  ,  7.0
《失孤》 , 1188  ,  5.1
《探灵档案》 , 1389  ,  8.4
《一路惊喜》 , 1195  ,  7.5
《分手再说我爱你》 , 1388  ,  6.0
《简单爱》 , 1340  ,  7.5
《闯入者》 , 1191  ,  5.2
《闯入者》 , 1059  ,  5.0
《爱情魔发师》 , 1194  ,  7.0
《坏蛋必须死》 , 1152  ,  8.4
《破风》 , 1177  ,  5.6
《万物生长》 , 1324  ,  4.9
《破风》 , 1231  ,  4.4
《一念天堂》 , 1225  ,  8.6
《最美的时候遇见你》 , 1001  ,  4.8
《破风》 , 1130  ,  3.3
《前任2：备胎反击战》 , 1198  ,  8.5
《浪漫天降》 , 1130  ,  9.5
《一念天堂》 , 1276  ,  9.0
《既然青春留不住》 , 1174  ,  8.4
《爱情魔发师》 , 1267  ,  8.2
《将错就错》 , 1031  ,  3.4
《一念天堂》 , 1117  ,  5.2
《怦然星动》 , 1104  ,  8.8
《爱情魔发师》 , 1231  ,  6.2
《恶棍天使》 , 1188  ,  7.4
《一念天堂》 , 1042  ,  3.9
《浪漫天降》 , 1123  ,  3.7
《破风》 , 1462  ,  8.8
《少年班》 , 1499  ,  8.9
《既然青春留不住》 , 1067  ,  5.0
《恶棍天使》 , 1360  ,  5.3
《冲上云霄》 , 1195  ,  7.9
《坏蛋必须死》 , 1223  ,  3.3
《少年班》 , 1302  ,  5.0
《爱情魔发师》 , 1111  ,  9.7
《怦然星动》 , 1103  ,  9.4
《紫霞》 , 1059  ,  5.2
《天将雄师》 , 1360  ,  9.4
《紫霞》 , 1313  ,  6.9
《失孤》 , 1302  ,  5.3
《爱情魔发师》 , 1380  ,  3.3
《恶棍天使》 , 1233  ,  6.1
《将错就错》 , 1231  ,  3.1
《恶棍天使》 , 1206  ,  6.8
《分手再说我爱你》 , 1022  ,  6.5
《简单爱》 , 1456  ,  4.9
《坏蛋必须死》 , 1174  ,  6.0
《将错就错》 , 1252  ,  5.7
《一路惊喜》 , 1154  ,  7.1
《天将雄师》 , 1141  ,  3.9
《将错就错》 , 1395  ,  4.4
《万物生长》 , 1418  ,  5.7
《将错就错》 , 1363  ,  9.8
《怦然星动》 , 1317  ,  3.4
《紫霞》 , 1491  ,  9.1
《坏蛋必须死》 , 1116  ,  7.6
《分手再说我爱你》 , 1344  ,  8.5
《少年班》 , 1274  ,  5.1
《一路惊喜》 , 1198  ,  5.7
《将错就错》 , 1013  ,  7.3
《万物生长》 , 1013  ,  5.3
《浪漫天降》 , 1085  ,  6.1
《怦然星动》 , 1343  ,  8.7
《一路惊喜》 , 1169  ,  4.8
《一路惊喜》 , 1057  ,  3.1
《探灵档案》 , 1067  ,  8.2
《失孤》 , 1322  ,  7.6
《紫霞》 , 1162  ,  5.2
《最美的时候遇见你》 , 1402  ,  5.3
《冲上云霄》 , 1176  ,  9.3
《简单爱》 , 1014  ,  6.3
《浪漫天降》 , 1188  ,  9.1
《少年班》 , 1380  ,  8.8
《紫霞》 , 1268  ,  8.2
《紫霞》 , 1231  ,  6.6
《探灵档案》 , 1444  ,  6.2
《坏蛋必须死》 , 1444  ,  5.2
《坏蛋必须死》 , 1241  ,  5.3
《最美的时候遇见你》 , 1267  ,  9.5
《一路惊喜》 , 1320  ,  8.2
《冲上云霄》 , 1386  ,  7.3
《失孤》 , 1334  ,  3.4
《少年班》 , 1214  ,  7.6
《少年班》 , 1433  ,  4.3
《坏蛋必须死》 , 1129  ,  7.2
《简单爱》 , 1381  ,  3.3
《少年班》 , 1176  ,  5.7
《冲上云霄》 , 1004  ,  8.5
《少年班》 , 1167  ,  4.3
《恶棍天使》 , 1070  ,  8.3
《简单爱》 , 1177  ,  6.9
《将错就错》 , 1045  ,  9.7
《紫霞》 , 1150  ,  9.9
《坏蛋必须死》 , 1339  ,  4.8
《一路惊喜》 , 1274  ,  6.5
《破风》 , 1407  ,  8.4
《浪漫天降》 , 1363  ,  3.3
《既然青春留不住》 , 1378  ,  7.2
《一念天堂》 , 1004  ,  3.7
《闯入者》 , 1402  ,  4.3
《坏蛋必须死》 , 1014  ,  5.4
《天将雄师》 , 1176  ,  6.0
《少年班》 , 1122  ,  7.3
《少年班》 , 1476  ,  8.2
《探灵档案》 , 1015  ,  7.7
《探灵档案》 , 1195  ,  9.2
《失孤》 , 1395  ,  9.3
《一路惊喜》 , 1098  ,  5.7
《万物生长》 , 1499  ,  6.8
《浪漫天降》 , 1080  ,  4.5
《坏蛋必须死》 , 1406  ,  7.0
《恶棍天使》 , 1177  ,  7.9
《紫霞》 , 1411  ,  8.7
《分手再说我爱你》 , 1311  ,  9.0
《紫霞》 , 1368  ,  3.1
《简单爱》 , 1104  ,  6.3
《闯入者》 , 1236  ,  3.2
《最美的时候遇见你》 , 1152  ,  6.3
《少年班》 , 1482  ,  5.8
《简单爱》 , 1048  ,  5.2
《恶棍天使》 , 1258  ,  4.8
《爱情魔发师》 , 1028  ,  5.3
《怦然星动》 , 1488  ,  4.4
《简单爱》 , 1010  ,  5.0
《闯入者》 , 1454  ,  4.4
《最美的时候遇见你》 , 1154  ,  5.6
《天将雄师》 , 1123  ,  7.2
《将错就错》 , 1359  ,  8.8
《破风》 , 1343  ,  5.6
《少年班》 , 1322  ,  3.7
《一路惊喜》 , 1042  ,  7.5
《分手再说我爱你》 , 1491  ,  4.4
《简单爱》 , 1317  ,  9.8
《浪漫天降》 , 1267  ,  3.9
《爱情魔发师》 , 1200  ,  4.8
《破风》 , 1116  ,  9.3
《冲上云霄》 , 1473  ,  3.1
《一路惊喜》 , 1116  ,  8.3
《恶棍天使》 , 1159  ,  3.6
《既然青春留不住》 , 1161  ,  8.1
《浪漫天降》 , 1381  ,  8.4
《紫霞》 , 1010  ,  3.8
《万物生长》 , 1378  ,  7.2
《坏蛋必须死》 , 1374  ,  7.2
《闯入者》 , 1139  ,  3.9
《既然青春留不住》 , 1015  ,  7.0
《冲上云霄》 , 1194  ,  5.7
《将错就错》 , 1113  ,  8.9
《破风》 , 1476  ,  6.0
《破风》 , 1367  ,  3.3
《失孤》 , 1075  ,  3.5
《前任2：备胎反击战》 , 1363  ,  5.0
《分手再说我爱你》 , 1176  ,  3.7
《分手再说我爱你》 , 1200  ,  6.9
《紫霞》 , 1129  ,  8.3
《爱情魔发师》 , 1359  ,  6.9
《一念天堂》 , 1476  ,  7.2
《爱情魔发师》 , 1201  ,  7.3
《爱情魔发师》 , 1321  ,  9.1
《探灵档案》 , 1407  ,  8.8
《最美的时候遇见你》 , 1109  ,  5.3
《破风》 , 1487  ,  6.6
《最美的时候遇见你》 , 1235  ,  6.1
《既然青春留不住》 , 1444  ,  9.8
《失孤》 , 1050  ,  7.2
《紫霞》 , 1280  ,  4.5
《失孤》 , 1114  ,  7.2
《既然青春留不住》 , 1141  ,  8.3
《探灵档案》 , 1474  ,  9.8
《紫霞》 , 1389  ,  8.3
《万物生长》 , 1218  ,  8.4
《一念天堂》 , 1280  ,  6.4
《分手再说我爱你》 , 1474  ,  7.3
《恶棍天使》 , 1095  ,  3.1
《既然青春留不住》 , 1159  ,  8.9
《万物生长》 , 1456  ,  5.0
《紫霞》 , 1031  ,  9.1
《探灵档案》 , 1152  ,  6.7
《一念天堂》 , 1198  ,  3.1
《失孤》 , 1013  ,  5.6
《最美的时候遇见你》 , 1031  ,  4.5
《少年班》 , 1205  ,  3.7
《冲上云霄》 , 1154  ,  3.4
《失孤》 , 1406  ,  4.2
《前任2：备胎反击战》 , 1316  ,  4.9
《浪漫天降》 , 1079  ,  9.0
《紫霞》 , 1252  ,  4.1
《怦然星动》 , 1470  ,  7.6
《爱情魔发师》 , 1302  ,  3.3
《一念天堂》 , 1110  ,  8.8
《一念天堂》 , 1425  ,  5.0
《失孤》 , 1259  ,  6.4
《既然青春留不住》 , 1001  ,  7.6
《将错就错》 , 1453  ,  8.6
《前任2：备胎反击战》 , 1345  ,  6.6
《分手再说我爱你》 , 1292  ,  8.7
《紫霞》 , 1006  ,  5.0
《万物生长》 , 1216  ,  9.7
《天将雄师》 , 1180  ,  5.6
《破风》 , 1311  ,  8.2
《最美的时候遇见你》 , 1407  ,  7.4
《分手再说我爱你》 , 1110  ,  3.2
《少年班》 , 1225  ,  5.4
《爱情魔发师》 , 1316  ,  6.6
《爱情魔发师》 , 1466  ,  9.0
《将错就错》 , 1474  ,  5.7
《破风》 , 1190  ,  7.8
《坏蛋必须死》 , 1190  ,  4.3
《前任2：备胎反击战》 , 1236  ,  4.4
《一念天堂》 , 1068  ,  7.9
《一念天堂》 , 1423  ,  6.9
《冲上云霄》 , 1074  ,  9.3
《天将雄师》 , 1447  ,  7.5
《将错就错》 , 1374  ,  9.2
《怦然星动》 , 1042  ,  8.2
《天将雄师》 , 1209  ,  9.8
《浪漫天降》 , 1195  ,  4.3
《探灵档案》 , 1268  ,  5.9
《前任2：备胎反击战》 , 1050  ,  5.1
《破风》 , 1347  ,  9.9
《探灵档案》 , 1377  ,  6.2
《少年班》 , 1236  ,  3.1
《既然青春留不住》 , 1241  ,  7.2
《少年班》 , 1233  ,  6.8
《万物生长》 , 1067  ,  8.9
《少年班》 , 1118  ,  4.3
《探灵档案》 , 1194  ,  7.6
《闯入者》 , 1403  ,  7.3
《天将雄师》 , 1276  , 10.0
《既然青春留不住》 , 1270  ,  5.8
《将错就错》 , 1195  ,  6.4
《冲上云霄》 , 1035  ,  9.1
《少年班》 , 1014  ,  7.3
《一念天堂》 , 1161  ,  9.4
《怦然星动》 , 1116  ,  8.3
《一念天堂》 , 1209  ,  8.4
《分手再说我爱你》 , 1174  ,  8.7
《天将雄师》 , 1473  ,  4.3
《既然青春留不住》 , 1194  ,  3.1
《怦然星动》 , 1141  ,  5.0
《少年班》 , 1388  ,  8.0
《探灵档案》 , 1125  ,  5.1
《怦然星动》 , 1067  ,  9.3
《坏蛋必须死》 , 1469  ,  9.4
《怦然星动》 , 1317  ,  8.6
《天将雄师》 , 1129  ,  3.6
《前任2：备胎反击战》 , 1004  ,  8.5
《坏蛋必须死》 , 1240  ,  5.0
《失孤》 , 1026  ,  6.1
《探灵档案》 , 1447  ,  3.8
《紫霞》 , 1119  ,  9.4
《紫霞》 , 1235  ,  8.8
《紫霞》 , 1474  ,  4.3
《探灵档案》 , 1195  ,  6.0
《紫霞》 , 1241  ,  4.2
《浪漫天降》 , 1169  ,  9.1
《简单爱》 , 1240  ,  6.8
《万物生长》 , 1318  ,  6.0
《既然青春留不住》 , 1407  ,  4.3
《一路惊喜》 , 1150  ,  6.0
《探灵档案》 , 1095  ,  9.7
《一念天堂》 , 1180  ,  7.8
《前任2：备胎反击战》 , 1158  ,  4.5
《一路惊喜》 , 1068  ,  6.1
《一念天堂》 , 1233  ,  4.8
《失孤》 , 1276  ,  4.9
《爱情魔发师》 , 1492  ,  6.0
《万物生长》 , 1010  ,  9.7
《万物生长》 , 1104  ,  3.8
《冲上云霄》 , 1152  ,  4.8
《一念天堂》 , 1031  ,  6.4
《破风》 , 1470  ,  4.6
《爱情魔发师》 , 1320  ,  4.6
《简单爱》 , 1118  ,  5.0
《坏蛋必须死》 , 1488  ,  4.2
《冲上云霄》 , 1347  ,  8.6
《闯入者》 , 1453  ,  3.2
《天将雄师》 , 1340  ,  3.9
《将错就错》 , 1322  ,  9.1
《恶棍天使》 , 1075  ,  7.3
《分手再说我爱你》 , 1388  ,  6.8
《恶棍天使》 , 1259  ,  3.9
《一路惊喜》 , 1031  ,  4.2
《少年班》 , 1065  ,  5.3
《爱情魔发师》 , 1123  ,  6.1
《浪漫天降》 , 1487  ,  3.1
《天将雄师》 , 1026  ,  6.0
《简单爱》 , 1462  ,  9.2
《最美的时候遇见你》 , 1418  ,  6.8
《失孤》 , 1068  ,  5.3
《冲上云霄》 , 1291  ,  8.7
《将错就错》 , 1068  ,  9.1
《一念天堂》 , 1292  ,  9.1
《紫霞》 , 1423  ,  6.9
《闯入者》 , 1486  ,  4.2
《紫霞》 , 1117  ,  5.2
《天将雄师》 , 1259  ,  8.6
《破风》 , 1455  ,  8.3
《天将雄师》 , 1488  ,  3.1
《怦然星动》 , 1176  ,  4.6
《一念天堂》 , 1456  ,  6.4
《天将雄师》 , 1219  ,  6.2
《闯入者》 , 1177  ,  9.5
《分手再说我爱你》 , 1031  ,  4.7
《一念天堂》 , 1317  ,  7.4
《浪漫天降》 , 1274  ,  3.9
《一路惊喜》 , 1142  ,  4.4
《爱情魔发师》 , 1324  ,  6.2
《天将雄师》 , 1276  ,  8.3
《简单爱》 , 1125  ,  5.7
《破风》 , 1074  ,  7.4
《少年班》 , 1470  ,  6.8
《简单爱》 , 1161  ,  6.9
《恶棍天使》 , 1374  ,  5.7
《探灵档案》 , 1010  ,  4.2
《爱情魔发师》 , 1462  ,  9.0
《探灵档案》 , 1071  ,  5.0
《一路惊喜》 , 1267  ,  8.5
《最美的时候遇见你》 , 1123  ,  7.8
《探灵档案》 , 1067  ,  7.7
《怦然星动》 , 1428  ,  9.8
《恶棍天使》 , 1129  ,  3.2
《一路惊喜》 , 1216  ,  6.4
《简单爱》 , 1091  ,  7.9
《将错就错》 , 1394  ,  5.6
《既然青春留不住》 , 1469  ,  4.4
《少年班》 , 1006  ,  3.5
《将错就错》 , 1139  ,  8.6
《探灵档案》 , 1047  ,  3.1
《恶棍天使》 , 1470  ,  3.1
《前任2：备胎反击战》 , 1486  ,  9.0
《紫霞》 , 1240  ,  8.3
《简单爱》 , 1198  ,  5.3
《探灵档案》 , 1252  ,  7.4
《天将雄师》 , 1313  ,  9.8
《恶棍天使》 , 1111  ,  9.2
《既然青春留不住》 , 1368  ,  7.5
《失孤》 , 1469  ,  3.3
《坏蛋必须死》 , 1047  ,  8.8
《一念天堂》 , 1190  ,  6.1
《一路惊喜》 , 1065  ,  5.2
《少年班》 , 1150  ,  9.2
《闯入者》 , 1202  ,  5.3
《简单爱》 , 1116  ,  7.3
《简单爱》 , 1208  ,  9.5
《紫霞》 , 1466  ,  4.6
《少年班》 , 1466  ,  4.5
《一念天堂》 , 1292  ,  5.0
《最美的时候遇见你》 , 1395  , 10.0
《恶棍天使》 , 1318  ,  7.3
《闯入者》 , 1109  ,  8.5
